#
# There is insufficient memory for the Java Runtime Environment to continue.
# Native memory allocation (mmap) failed to map 2275409920 bytes for committing reserved memory.
# Possible reasons:
#   The system is out of physical RAM or swap space
#   In 32 bit mode, the process size limit was hit
# Possible solutions:
#   Reduce memory load on the system
#   Increase physical memory or swap space
#   Check if swap backing store is full
#   Use 64 bit Java on a 64 bit OS
#   Decrease Java heap size (-Xmx/-Xms)
#   Decrease number of Java threads
#   Decrease Java thread stack sizes (-Xss)
#   Set larger code cache with -XX:ReservedCodeCacheSize=
# This output file may be truncated or incomplete.
#
#  Out of Memory Error (os_linux.cpp:2746), pid=16244, tid=0x00007f6b67efe700
#
# JRE version: OpenJDK Runtime Environment (8.0_191-b12) (build 1.8.0_191-8u191-b12-2ubuntu0.18.04.1-b12)
# Java VM: OpenJDK 64-Bit Server VM (25.191-b12 mixed mode linux-amd64 compressed oops)
# Failed to write core dump. Core dumps have been disabled. To enable core dumping, try "ulimit -c unlimited" before starting Java again
#

---------------  T H R E A D  ---------------

Current thread (0x00007f6b98081000):  VMThread [stack: 0x00007f6b67dff000,0x00007f6b67eff000] [id=16257]

Stack: [0x00007f6b67dff000,0x00007f6b67eff000],  sp=0x00007f6b67efd760,  free space=1017k
Native frames: (J=compiled Java code, j=interpreted, Vv=VM code, C=native code)
V  [libjvm.so+0xab2552]
V  [libjvm.so+0x4d9e37]
V  [libjvm.so+0x8ed5e0]
V  [libjvm.so+0x8e470e]
V  [libjvm.so+0x968466]
V  [libjvm.so+0x9570da]
V  [libjvm.so+0x9572cd]
V  [libjvm.so+0x9575c8]
V  [libjvm.so+0x914ab9]
V  [libjvm.so+0xab4212]
V  [libjvm.so+0xab8dd6]
V  [libjvm.so+0xab7075]
V  [libjvm.so+0xab79ed]
V  [libjvm.so+0xab7dc7]
V  [libjvm.so+0x8ea992]

VM_Operation (0x00007f6b9ef0b5c0): ParallelGCFailedAllocation, mode: safepoint, requested by thread 0x00007f6b9800b000


---------------  P R O C E S S  ---------------

Java Threads: ( => current thread )
  0x00007f6b980d4000 JavaThread "Service Thread" daemon [_thread_blocked, id=16265, stack(0x00007f6b671e7000,0x00007f6b672e8000)]
  0x00007f6b980c9000 JavaThread "C1 CompilerThread3" daemon [_thread_blocked, id=16264, stack(0x00007f6b672e9000,0x00007f6b673e9000)]
  0x00007f6b980c7000 JavaThread "C2 CompilerThread2" daemon [_thread_blocked, id=16263, stack(0x00007f6b673ea000,0x00007f6b674ea000)]
  0x00007f6b980c5000 JavaThread "C2 CompilerThread1" daemon [_thread_blocked, id=16262, stack(0x00007f6b674eb000,0x00007f6b675eb000)]
  0x00007f6b980c2000 JavaThread "C2 CompilerThread0" daemon [_thread_blocked, id=16261, stack(0x00007f6b675ec000,0x00007f6b676ec000)]
  0x00007f6b980c0800 JavaThread "Signal Dispatcher" daemon [_thread_blocked, id=16260, stack(0x00007f6b676ec000,0x00007f6b677ed000)]
  0x00007f6b9808d800 JavaThread "Finalizer" daemon [_thread_blocked, id=16259, stack(0x00007f6b67bfc000,0x00007f6b67cfd000)]
  0x00007f6b9808b000 JavaThread "Reference Handler" daemon [_thread_blocked, id=16258, stack(0x00007f6b67cfd000,0x00007f6b67dfe000)]
  0x00007f6b9800b000 JavaThread "main" [_thread_blocked, id=16248, stack(0x00007f6b9ee0d000,0x00007f6b9ef0d000)]

Other Threads:
=>0x00007f6b98081000 VMThread [stack: 0x00007f6b67dff000,0x00007f6b67eff000] [id=16257]
  0x00007f6b980d6800 WatcherThread [stack: 0x00007f6b670e7000,0x00007f6b671e7000] [id=16266]

VM state:at safepoint (normal execution)

VM Mutex/Monitor currently owned by a thread:  ([mutex/lock_event])
[0x00007f6b980074c0] ExpandHeap_lock - owner thread: 0x00007f6b98081000
[0x00007f6b98007b40] Threads_lock - owner thread: 0x00007f6b98081000
[0x00007f6b98008040] Heap_lock - owner thread: 0x00007f6b9800b000

Heap:
 PSYoungGen      total 1177088K, used 0K [0x000000076d000000, 0x00000007c0000000, 0x00000007c0000000)
  eden space 1011712K, 0% used [0x000000076d000000,0x000000076d000000,0x00000007aac00000)
  from space 165376K, 0% used [0x00000007b5180000,0x00000007b5180000,0x00000007bf300000)
  to   space 169472K, 0% used [0x00000007aac00000,0x00000007aac00000,0x00000007b5180000)
 ParOldGen       total 497664K, used 624K [0x00000006c7000000, 0x00000006e5600000, 0x000000076d000000)
  object space 497664K, 0% used [0x00000006c7000000,0x00000006c709c218,0x00000006e5600000)
 Metaspace       used 3473K, capacity 4664K, committed 4864K, reserved 1056768K
  class space    used 382K, capacity 424K, committed 512K, reserved 1048576K

Card table byte_map: [0x00007f6b87a2c000,0x00007f6b881f5000] byte_map_base: 0x00007f6b843f4000

Marking Bits: (ParMarkBitMap*) 0x00007f6b9e0a9340
 Begin Bits: [0x00007f6b58380000, 0x00007f6b5c1c0000)
 End Bits:   [0x00007f6b5c1c0000, 0x00007f6b60000000)

Polling page: 0x00007f6b9ef2a000

CodeCache: size=245760Kb used=1763Kb max_used=1775Kb free=243996Kb
 bounds [0x00007f6b885b5000, 0x00007f6b88825000, 0x00007f6b975b5000]
 total_blobs=410 nmethods=163 adapters=162
 compilation: enabled

Compilation events (10 events):
Event: 66,436 Thread 0x00007f6b980c5000  159       4       pakohuone.algoritmit.NopeimmanReitinEtsija::tutkiOnkoNopein (225 bytes)
Event: 66,441 Thread 0x00007f6b980c5000 nmethod 159 0x00007f6b886f5890 code [0x00007f6b886f5a80, 0x00007f6b886f6148]
Event: 66,740 Thread 0x00007f6b980c9000  160 %     3       pakohuone.algoritmit.NopeimmanReitinEtsija::laskeNopeinReitti @ 19 (108 bytes)
Event: 66,741 Thread 0x00007f6b980c9000 nmethod 160% 0x00007f6b88702f10 code [0x00007f6b88703140, 0x00007f6b88703d58]
Event: 66,747 Thread 0x00007f6b980c9000  161       3       pakohuone.algoritmit.NopeimmanReitinEtsija::laskeNopeinReitti (108 bytes)
Event: 66,747 Thread 0x00007f6b980c9000 nmethod 161 0x00007f6b886ff450 code [0x00007f6b886ff660, 0x00007f6b887001b8]
Event: 66,999 Thread 0x00007f6b980c7000  162 %     4       pakohuone.algoritmit.NopeimmanReitinEtsija::laskeNopeinReitti @ 19 (108 bytes)
Event: 67,012 Thread 0x00007f6b980c7000 nmethod 162% 0x00007f6b88771110 code [0x00007f6b88771320, 0x00007f6b88771d88]
Event: 162,771 Thread 0x00007f6b980c9000  163       3       java.nio.Buffer::position (43 bytes)
Event: 162,772 Thread 0x00007f6b980c9000 nmethod 163 0x00007f6b886f5310 code [0x00007f6b886f5480, 0x00007f6b886f5748]

GC Heap History (10 events):
Event: 40,264 GC heap before
{Heap before GC invocations=21 (full 4):
 PSYoungGen      total 1129472K, used 104384K [0x000000076d000000, 0x00000007c0000000, 0x00000007c0000000)
  eden space 1025024K, 0% used [0x000000076d000000,0x000000076d000000,0x00000007ab900000)
  from space 104448K, 99% used [0x00000007ab900000,0x00000007b1ef0000,0x00000007b1f00000)
  to   space 170496K, 0% used [0x00000007b5980000,0x00000007b5980000,0x00000007c0000000)
 ParOldGen       total 999936K, used 660816K [0x00000006c7000000, 0x0000000704080000, 0x000000076d000000)
  object space 999936K, 66% used [0x00000006c7000000,0x00000006ef554340,0x0000000704080000)
 Metaspace       used 3449K, capacity 4664K, committed 4864K, reserved 1056768K
  class space    used 381K, capacity 424K, committed 512K, reserved 1048576K
Event: 42,232 GC heap after
Heap after GC invocations=21 (full 4):
 PSYoungGen      total 1129472K, used 0K [0x000000076d000000, 0x00000007c0000000, 0x00000007c0000000)
  eden space 1025024K, 0% used [0x000000076d000000,0x000000076d000000,0x00000007ab900000)
  from space 104448K, 0% used [0x00000007ab900000,0x00000007ab900000,0x00000007b1f00000)
  to   space 170496K, 0% used [0x00000007b5980000,0x00000007b5980000,0x00000007c0000000)
 ParOldGen       total 1286656K, used 764092K [0x00000006c7000000, 0x0000000715880000, 0x000000076d000000)
  object space 1286656K, 59% used [0x00000006c7000000,0x00000006f5a2f018,0x0000000715880000)
 Metaspace       used 3449K, capacity 4664K, committed 4864K, reserved 1056768K
  class space    used 381K, capacity 424K, committed 512K, reserved 1048576K
}
Event: 43,039 GC heap before
{Heap before GC invocations=22 (full 4):
 PSYoungGen      total 1129472K, used 1025024K [0x000000076d000000, 0x00000007c0000000, 0x00000007c0000000)
  eden space 1025024K, 100% used [0x000000076d000000,0x00000007ab900000,0x00000007ab900000)
  from space 104448K, 0% used [0x00000007ab900000,0x00000007ab900000,0x00000007b1f00000)
  to   space 170496K, 0% used [0x00000007b5980000,0x00000007b5980000,0x00000007c0000000)
 ParOldGen       total 1286656K, used 764092K [0x00000006c7000000, 0x0000000715880000, 0x000000076d000000)
  object space 1286656K, 59% used [0x00000006c7000000,0x00000006f5a2f018,0x0000000715880000)
 Metaspace       used 3449K, capacity 4664K, committed 4864K, reserved 1056768K
  class space    used 381K, capacity 424K, committed 512K, reserved 1048576K
Event: 43,422 GC heap after
Heap after GC invocations=22 (full 4):
 PSYoungGen      total 1183232K, used 107040K [0x000000076d000000, 0x00000007c0000000, 0x00000007c0000000)
  eden space 1012736K, 0% used [0x000000076d000000,0x000000076d000000,0x00000007aad00000)
  from space 170496K, 62% used [0x00000007b5980000,0x00000007bc208000,0x00000007c0000000)
  to   space 173568K, 0% used [0x00000007aad00000,0x00000007aad00000,0x00000007b5680000)
 ParOldGen       total 1286656K, used 764092K [0x00000006c7000000, 0x0000000715880000, 0x000000076d000000)
  object space 1286656K, 59% used [0x00000006c7000000,0x00000006f5a2f018,0x0000000715880000)
 Metaspace       used 3449K, capacity 4664K, committed 4864K, reserved 1056768K
  class space    used 381K, capacity 424K, committed 512K, reserved 1048576K
}
Event: 217,852 GC heap before
{Heap before GC invocations=23 (full 4):
 PSYoungGen      total 1183232K, used 178791K [0x000000076d000000, 0x00000007c0000000, 0x00000007c0000000)
  eden space 1012736K, 7% used [0x000000076d000000,0x0000000771611f28,0x00000007aad00000)
  from space 170496K, 62% used [0x00000007b5980000,0x00000007bc208000,0x00000007c0000000)
  to   space 173568K, 0% used [0x00000007aad00000,0x00000007aad00000,0x00000007b5680000)
 ParOldGen       total 2719744K, used 764092K [0x00000006c7000000, 0x000000076d000000, 0x000000076d000000)
  object space 2719744K, 28% used [0x00000006c7000000,0x00000006f5a2f018,0x000000076d000000)
 Metaspace       used 3473K, capacity 4664K, committed 4864K, reserved 1056768K
  class space    used 382K, capacity 424K, committed 512K, reserved 1048576K
Event: 217,976 GC heap after
Heap after GC invocations=23 (full 4):
 PSYoungGen      total 1079296K, used 66069K [0x000000076d000000, 0x00000007bf300000, 0x00000007c0000000)
  eden space 1012736K, 0% used [0x000000076d000000,0x000000076d000000,0x00000007aad00000)
  from space 66560K, 99% used [0x00000007aad00000,0x00000007aed85620,0x00000007aee00000)
  to   space 165376K, 0% used [0x00000007b5180000,0x00000007b5180000,0x00000007bf300000)
 ParOldGen       total 2719744K, used 871332K [0x00000006c7000000, 0x000000076d000000, 0x000000076d000000)
  object space 2719744K, 32% used [0x00000006c7000000,0x00000006fc2e9018,0x000000076d000000)
 Metaspace       used 3473K, capacity 4664K, committed 4864K, reserved 1056768K
  class space    used 382K, capacity 424K, committed 512K, reserved 1048576K
}
Event: 217,976 GC heap before
{Heap before GC invocations=24 (full 4):
 PSYoungGen      total 1079296K, used 66069K [0x000000076d000000, 0x00000007bf300000, 0x00000007c0000000)
  eden space 1012736K, 0% used [0x000000076d000000,0x000000076d000000,0x00000007aad00000)
  from space 66560K, 99% used [0x00000007aad00000,0x00000007aed85620,0x00000007aee00000)
  to   space 165376K, 0% used [0x00000007b5180000,0x00000007b5180000,0x00000007bf300000)
 ParOldGen       total 2719744K, used 871332K [0x00000006c7000000, 0x000000076d000000, 0x000000076d000000)
  object space 2719744K, 32% used [0x00000006c7000000,0x00000006fc2e9018,0x000000076d000000)
 Metaspace       used 3473K, capacity 4664K, committed 4864K, reserved 1056768K
  class space    used 382K, capacity 424K, committed 512K, reserved 1048576K
Event: 218,048 GC heap after
Heap after GC invocations=24 (full 4):
 PSYoungGen      total 1177088K, used 0K [0x000000076d000000, 0x00000007c0000000, 0x00000007c0000000)
  eden space 1011712K, 0% used [0x000000076d000000,0x000000076d000000,0x00000007aac00000)
  from space 165376K, 0% used [0x00000007b5180000,0x00000007b5180000,0x00000007bf300000)
  to   space 169472K, 0% used [0x00000007aac00000,0x00000007aac00000,0x00000007b5180000)
 ParOldGen       total 2719744K, used 937305K [0x00000006c7000000, 0x000000076d000000, 0x000000076d000000)
  object space 2719744K, 34% used [0x00000006c7000000,0x0000000700356638,0x000000076d000000)
 Metaspace       used 3473K, capacity 4664K, committed 4864K, reserved 1056768K
  class space    used 382K, capacity 424K, committed 512K, reserved 1048576K
}
Event: 218,048 GC heap before
{Heap before GC invocations=25 (full 5):
 PSYoungGen      total 1177088K, used 0K [0x000000076d000000, 0x00000007c0000000, 0x00000007c0000000)
  eden space 1011712K, 0% used [0x000000076d000000,0x000000076d000000,0x00000007aac00000)
  from space 165376K, 0% used [0x00000007b5180000,0x00000007b5180000,0x00000007bf300000)
  to   space 169472K, 0% used [0x00000007aac00000,0x00000007aac00000,0x00000007b5180000)
 ParOldGen       total 2719744K, used 937305K [0x00000006c7000000, 0x000000076d000000, 0x000000076d000000)
  object space 2719744K, 34% used [0x00000006c7000000,0x0000000700356638,0x000000076d000000)
 Metaspace       used 3473K, capacity 4664K, committed 4864K, reserved 1056768K
  class space    used 382K, capacity 424K, committed 512K, reserved 1048576K
Event: 218,068 GC heap after
Heap after GC invocations=25 (full 5):
 PSYoungGen      total 1177088K, used 0K [0x000000076d000000, 0x00000007c0000000, 0x00000007c0000000)
  eden space 1011712K, 0% used [0x000000076d000000,0x000000076d000000,0x00000007aac00000)
  from space 165376K, 0% used [0x00000007b5180000,0x00000007b5180000,0x00000007bf300000)
  to   space 169472K, 0% used [0x00000007aac00000,0x00000007aac00000,0x00000007b5180000)
 ParOldGen       total 497664K, used 624K [0x00000006c7000000, 0x00000006e5600000, 0x000000076d000000)
  object space 497664K, 0% used [0x00000006c7000000,0x00000006c709c218,0x00000006e5600000)
 Metaspace       used 3473K, capacity 4664K, committed 4864K, reserved 1056768K
  class space    used 382K, capacity 424K, committed 512K, reserved 1048576K
}

Deoptimization events (3 events):
Event: 21,605 Thread 0x00007f6b9800b000 Uncommon trap: reason=unstable_if action=reinterpret pc=0x00007f6b886ea9a4 method=pakohuone.algoritmit.ReittienEtsija.getAvainLista()[Ljava/lang/String; @ 23
Event: 66,430 Thread 0x00007f6b9800b000 Uncommon trap: reason=unstable_if action=reinterpret pc=0x00007f6b886fa24c method=pakohuone.algoritmit.NopeimmanReitinEtsija.tutkiOnkoNopein(Ljava/lang/String;)J @ 111
Event: 115,678 Thread 0x00007f6b9800b000 Uncommon trap: reason=unstable_if action=reinterpret pc=0x00007f6b88771ad8 method=pakohuone.algoritmit.NopeimmanReitinEtsija.laskeNopeinReitti()Ljava/lang/String; @ 23

Classes redefined (0 events):
No events

Internal exceptions (10 events):
Event: 0,017 Thread 0x00007f6b9800b000 Exception <a 'java/lang/NoSuchMethodError': Method sun.misc.Unsafe.prefetchRead(Ljava/lang/Object;J)V name or signature does not match> (0x000000076d007f98) thrown at [/build/openjdk-8-5w_p1G/openjdk-8-8u191-b12/src/hotspot/src/share/vm/prims/jni.cpp, lin
Event: 0,047 Thread 0x00007f6b9800b000 Exception <a 'java/util/zip/ZipException'> (0x000000076d06b338) thrown at [/build/openjdk-8-5w_p1G/openjdk-8-8u191-b12/src/hotspot/src/share/vm/prims/jni.cpp, line 709]
Event: 0,047 Thread 0x00007f6b9800b000 Exception <a 'java/security/PrivilegedActionException'> (0x000000076d06b5d8) thrown at [/build/openjdk-8-5w_p1G/openjdk-8-8u191-b12/src/hotspot/src/share/vm/prims/jvm.cpp, line 1429]
Event: 0,047 Thread 0x00007f6b9800b000 Exception <a 'java/security/PrivilegedActionException'> (0x000000076d06b7e8) thrown at [/build/openjdk-8-5w_p1G/openjdk-8-8u191-b12/src/hotspot/src/share/vm/prims/jvm.cpp, line 1429]
Event: 0,065 Thread 0x00007f6b9800b000 Exception <a 'java/security/PrivilegedActionException'> (0x000000076d0db4e8) thrown at [/build/openjdk-8-5w_p1G/openjdk-8-8u191-b12/src/hotspot/src/share/vm/prims/jvm.cpp, line 1429]
Event: 0,065 Thread 0x00007f6b9800b000 Exception <a 'java/security/PrivilegedActionException'> (0x000000076d0db8e0) thrown at [/build/openjdk-8-5w_p1G/openjdk-8-8u191-b12/src/hotspot/src/share/vm/prims/jvm.cpp, line 1429]
Event: 0,066 Thread 0x00007f6b9800b000 Exception <a 'java/security/PrivilegedActionException'> (0x000000076d0ddb50) thrown at [/build/openjdk-8-5w_p1G/openjdk-8-8u191-b12/src/hotspot/src/share/vm/prims/jvm.cpp, line 1429]
Event: 0,066 Thread 0x00007f6b9800b000 Exception <a 'java/security/PrivilegedActionException'> (0x000000076d0ddf48) thrown at [/build/openjdk-8-5w_p1G/openjdk-8-8u191-b12/src/hotspot/src/share/vm/prims/jvm.cpp, line 1429]
Event: 0,066 Thread 0x00007f6b9800b000 Exception <a 'java/security/PrivilegedActionException'> (0x000000076d0dec08) thrown at [/build/openjdk-8-5w_p1G/openjdk-8-8u191-b12/src/hotspot/src/share/vm/prims/jvm.cpp, line 1429]
Event: 0,066 Thread 0x00007f6b9800b000 Exception <a 'java/security/PrivilegedActionException'> (0x000000076d0df000) thrown at [/build/openjdk-8-5w_p1G/openjdk-8-8u191-b12/src/hotspot/src/share/vm/prims/jvm.cpp, line 1429]

Events (10 events):
Event: 66,326 Thread 0x00007f6b9800b000 DEOPT UNPACKING pc=0x00007f6b885fc4c4 sp=0x00007f6b9ef0b2f8 mode 0
Event: 66,430 Thread 0x00007f6b9800b000 Uncommon trap: trap_request=0xffffff65 fr.pc=0x00007f6b886fa24c
Event: 66,430 Thread 0x00007f6b9800b000 DEOPT PACKING pc=0x00007f6b886fa24c sp=0x00007f6b9ef0b6d0
Event: 66,430 Thread 0x00007f6b9800b000 DEOPT UNPACKING pc=0x00007f6b885fa47a sp=0x00007f6b9ef0b6d0 mode 2
Event: 67,059 Thread 0x00007f6b9800b000 DEOPT PACKING pc=0x00007f6b88703b0b sp=0x00007f6b9ef0b720
Event: 67,059 Thread 0x00007f6b9800b000 DEOPT UNPACKING pc=0x00007f6b885fc4c4 sp=0x00007f6b9ef0b4d0 mode 0
Event: 115,678 Thread 0x00007f6b9800b000 Uncommon trap: trap_request=0xffffff65 fr.pc=0x00007f6b88771ad8
Event: 115,678 Thread 0x00007f6b9800b000 DEOPT PACKING pc=0x00007f6b88771ad8 sp=0x00007f6b9ef0b780
Event: 115,678 Thread 0x00007f6b9800b000 DEOPT UNPACKING pc=0x00007f6b885fa47a sp=0x00007f6b9ef0b750 mode 2
Event: 217,852 Executing VM operation: ParallelGCFailedAllocation


Dynamic libraries:
6c7000000-6e5600000 rw-p 00000000 00:00 0 
76d000000-7c0000000 rw-p 00000000 00:00 0 
7c0000000-7c0080000 rw-p 00000000 00:00 0 
7c0080000-800000000 ---p 00000000 00:00 0 
564dba900000-564dba901000 r-xp 00000000 103:02 13373011                  /usr/lib/jvm/java-8-openjdk-amd64/jre/bin/java
564dbab00000-564dbab01000 r--p 00000000 103:02 13373011                  /usr/lib/jvm/java-8-openjdk-amd64/jre/bin/java
564dbab01000-564dbab02000 rw-p 00001000 103:02 13373011                  /usr/lib/jvm/java-8-openjdk-amd64/jre/bin/java
564dbadab000-564dbadcc000 rw-p 00000000 00:00 0                          [heap]
7f6b2c000000-7f6b2c021000 rw-p 00000000 00:00 0 
7f6b2c021000-7f6b30000000 ---p 00000000 00:00 0 
7f6b34000000-7f6b3410d000 rw-p 00000000 00:00 0 
7f6b3410d000-7f6b38000000 ---p 00000000 00:00 0 
7f6b38000000-7f6b38021000 rw-p 00000000 00:00 0 
7f6b38021000-7f6b3c000000 ---p 00000000 00:00 0 
7f6b3c000000-7f6b3d315000 rw-p 00000000 00:00 0 
7f6b3d315000-7f6b40000000 ---p 00000000 00:00 0 
7f6b40000000-7f6b4186c000 rw-p 00000000 00:00 0 
7f6b4186c000-7f6b44000000 ---p 00000000 00:00 0 
7f6b44000000-7f6b44021000 rw-p 00000000 00:00 0 
7f6b44021000-7f6b48000000 ---p 00000000 00:00 0 
7f6b48000000-7f6b4975e000 rw-p 00000000 00:00 0 
7f6b4975e000-7f6b4c000000 ---p 00000000 00:00 0 
7f6b4c000000-7f6b4c021000 rw-p 00000000 00:00 0 
7f6b4c021000-7f6b50000000 ---p 00000000 00:00 0 
7f6b50000000-7f6b50021000 rw-p 00000000 00:00 0 
7f6b50021000-7f6b54000000 ---p 00000000 00:00 0 
7f6b54000000-7f6b54021000 rw-p 00000000 00:00 0 
7f6b54021000-7f6b58000000 ---p 00000000 00:00 0 
7f6b58380000-7f6b60000000 rw-p 00000000 00:00 0 
7f6b60000000-7f6b6090a000 rw-p 00000000 00:00 0 
7f6b6090a000-7f6b64000000 ---p 00000000 00:00 0 
7f6b670e6000-7f6b670e7000 ---p 00000000 00:00 0 
7f6b670e7000-7f6b671e7000 rw-p 00000000 00:00 0 
7f6b671e7000-7f6b671ea000 ---p 00000000 00:00 0 
7f6b671ea000-7f6b672e8000 rw-p 00000000 00:00 0 
7f6b672e8000-7f6b672e9000 ---p 00000000 00:00 0 
7f6b672e9000-7f6b672ec000 ---p 00000000 00:00 0 
7f6b672ec000-7f6b673e9000 rw-p 00000000 00:00 0 
7f6b673e9000-7f6b673ea000 ---p 00000000 00:00 0 
7f6b673ea000-7f6b673ed000 ---p 00000000 00:00 0 
7f6b673ed000-7f6b674ea000 rw-p 00000000 00:00 0 
7f6b674ea000-7f6b674eb000 ---p 00000000 00:00 0 
7f6b674eb000-7f6b674ee000 ---p 00000000 00:00 0 
7f6b674ee000-7f6b675eb000 rw-p 00000000 00:00 0 
7f6b675eb000-7f6b675ec000 ---p 00000000 00:00 0 
7f6b675ec000-7f6b675ef000 ---p 00000000 00:00 0 
7f6b675ef000-7f6b676ec000 rw-p 00000000 00:00 0 
7f6b676ec000-7f6b676ef000 ---p 00000000 00:00 0 
7f6b676ef000-7f6b677ed000 rw-p 00000000 00:00 0 
7f6b677ed000-7f6b67bfc000 r--p 00000000 103:02 12851278                  /usr/lib/locale/locale-archive
7f6b67bfc000-7f6b67bff000 ---p 00000000 00:00 0 
7f6b67bff000-7f6b67cfd000 rw-p 00000000 00:00 0 
7f6b67cfd000-7f6b67d00000 ---p 00000000 00:00 0 
7f6b67d00000-7f6b67dfe000 rw-p 00000000 00:00 0 
7f6b67dfe000-7f6b67dff000 ---p 00000000 00:00 0 
7f6b67dff000-7f6b68000000 rw-p 00000000 00:00 0 
7f6b68000000-7f6b69220000 rw-p 00000000 00:00 0 
7f6b69220000-7f6b6c000000 ---p 00000000 00:00 0 
7f6b6c000000-7f6b6c062000 rw-p 00000000 00:00 0 
7f6b6c062000-7f6b70000000 ---p 00000000 00:00 0 
7f6b70000000-7f6b7083b000 rw-p 00000000 00:00 0 
7f6b7083b000-7f6b74000000 ---p 00000000 00:00 0 
7f6b74000000-7f6b74eda000 rw-p 00000000 00:00 0 
7f6b74eda000-7f6b78000000 ---p 00000000 00:00 0 
7f6b78000000-7f6b78021000 rw-p 00000000 00:00 0 
7f6b78021000-7f6b7c000000 ---p 00000000 00:00 0 
7f6b7c000000-7f6b7c021000 rw-p 00000000 00:00 0 
7f6b7c021000-7f6b80000000 ---p 00000000 00:00 0 
7f6b80000000-7f6b811e7000 rw-p 00000000 00:00 0 
7f6b811e7000-7f6b84000000 ---p 00000000 00:00 0 
7f6b8403c000-7f6b84057000 r--s 00394000 103:02 14162901                  /usr/lib/jvm/java-8-openjdk-amd64/jre/lib/ext/cldrdata.jar
7f6b84057000-7f6b840ee000 r--s 007cb000 103:02 13507077                  /usr/share/java/openjfx/jre/lib/ext/jfxrt.jar
7f6b840ee000-7f6b85c5e000 rw-p 00000000 00:00 0 
7f6b85c5e000-7f6b85e2d000 r--s 03c33000 103:02 13513610                  /usr/lib/jvm/java-8-openjdk-amd64/jre/lib/rt.jar
7f6b85e2d000-7f6b8626d000 rw-p 00000000 00:00 0 
7f6b8626d000-7f6b8662d000 ---p 00000000 00:00 0 
7f6b8662d000-7f6b86df5000 rw-p 00000000 00:00 0 
7f6b86df5000-7f6b86df6000 ---p 00000000 00:00 0 
7f6b86df6000-7f6b86ef6000 rw-p 00000000 00:00 0 
7f6b86ef6000-7f6b86ef7000 ---p 00000000 00:00 0 
7f6b86ef7000-7f6b86ff7000 rw-p 00000000 00:00 0 
7f6b86ff7000-7f6b86ff8000 ---p 00000000 00:00 0 
7f6b86ff8000-7f6b870f8000 rw-p 00000000 00:00 0 
7f6b870f8000-7f6b870f9000 ---p 00000000 00:00 0 
7f6b870f9000-7f6b871f9000 rw-p 00000000 00:00 0 
7f6b871f9000-7f6b871fa000 ---p 00000000 00:00 0 
7f6b871fa000-7f6b872fa000 rw-p 00000000 00:00 0 
7f6b872fa000-7f6b872fb000 ---p 00000000 00:00 0 
7f6b872fb000-7f6b873fb000 rw-p 00000000 00:00 0 
7f6b873fb000-7f6b873fc000 ---p 00000000 00:00 0 
7f6b873fc000-7f6b875ef000 rw-p 00000000 00:00 0 
7f6b875ef000-7f6b87a2c000 ---p 00000000 00:00 0 
7f6b87a2c000-7f6b87b1f000 rw-p 00000000 00:00 0 
7f6b87b1f000-7f6b87f5c000 ---p 00000000 00:00 0 
7f6b87f5c000-7f6b881f4000 rw-p 00000000 00:00 0 
7f6b881f4000-7f6b881ff000 rw-p 00000000 00:00 0 
7f6b881ff000-7f6b885b5000 ---p 00000000 00:00 0 
7f6b885b5000-7f6b88825000 rwxp 00000000 00:00 0 
7f6b88825000-7f6b975b5000 ---p 00000000 00:00 0 
7f6b975b5000-7f6b975bd000 r-xp 00000000 103:02 13636124                  /usr/lib/jvm/java-8-openjdk-amd64/jre/lib/amd64/libzip.so
7f6b975bd000-7f6b977bc000 ---p 00008000 103:02 13636124                  /usr/lib/jvm/java-8-openjdk-amd64/jre/lib/amd64/libzip.so
7f6b977bc000-7f6b977bd000 r--p 00007000 103:02 13636124                  /usr/lib/jvm/java-8-openjdk-amd64/jre/lib/amd64/libzip.so
7f6b977bd000-7f6b977be000 rw-p 00008000 103:02 13636124                  /usr/lib/jvm/java-8-openjdk-amd64/jre/lib/amd64/libzip.so
7f6b977be000-7f6b977c9000 r-xp 00000000 103:02 22287000                  /lib/x86_64-linux-gnu/libnss_files-2.27.so
7f6b977c9000-7f6b979c8000 ---p 0000b000 103:02 22287000                  /lib/x86_64-linux-gnu/libnss_files-2.27.so
7f6b979c8000-7f6b979c9000 r--p 0000a000 103:02 22287000                  /lib/x86_64-linux-gnu/libnss_files-2.27.so
7f6b979c9000-7f6b979ca000 rw-p 0000b000 103:02 22287000                  /lib/x86_64-linux-gnu/libnss_files-2.27.so
7f6b979ca000-7f6b979d0000 rw-p 00000000 00:00 0 
7f6b979d0000-7f6b979e7000 r-xp 00000000 103:02 22286994                  /lib/x86_64-linux-gnu/libnsl-2.27.so
7f6b979e7000-7f6b97be6000 ---p 00017000 103:02 22286994                  /lib/x86_64-linux-gnu/libnsl-2.27.so
7f6b97be6000-7f6b97be7000 r--p 00016000 103:02 22286994                  /lib/x86_64-linux-gnu/libnsl-2.27.so
7f6b97be7000-7f6b97be8000 rw-p 00017000 103:02 22286994                  /lib/x86_64-linux-gnu/libnsl-2.27.so
7f6b97be8000-7f6b97bea000 rw-p 00000000 00:00 0 
7f6b97bea000-7f6b97bf5000 r-xp 00000000 103:02 22287011                  /lib/x86_64-linux-gnu/libnss_nis-2.27.so
7f6b97bf5000-7f6b97df4000 ---p 0000b000 103:02 22287011                  /lib/x86_64-linux-gnu/libnss_nis-2.27.so
7f6b97df4000-7f6b97df5000 r--p 0000a000 103:02 22287011                  /lib/x86_64-linux-gnu/libnss_nis-2.27.so
7f6b97df5000-7f6b97df6000 rw-p 0000b000 103:02 22287011                  /lib/x86_64-linux-gnu/libnss_nis-2.27.so
7f6b97df6000-7f6b97dfe000 r-xp 00000000 103:02 22286996                  /lib/x86_64-linux-gnu/libnss_compat-2.27.so
7f6b97dfe000-7f6b97ffe000 ---p 00008000 103:02 22286996                  /lib/x86_64-linux-gnu/libnss_compat-2.27.so
7f6b97ffe000-7f6b97fff000 r--p 00008000 103:02 22286996                  /lib/x86_64-linux-gnu/libnss_compat-2.27.so
7f6b97fff000-7f6b98000000 rw-p 00009000 103:02 22286996                  /lib/x86_64-linux-gnu/libnss_compat-2.27.so
7f6b98000000-7f6b982a4000 rw-p 00000000 00:00 0 
7f6b982a4000-7f6b9c000000 ---p 00000000 00:00 0 
7f6b9c004000-7f6b9c01f000 r--s 001d6000 103:02 14163305                  /usr/lib/jvm/java-8-openjdk-amd64/jre/lib/ext/nashorn.jar
7f6b9c01f000-7f6b9c0b6000 rw-p 00000000 00:00 0 
7f6b9c0b6000-7f6b9c0b7000 ---p 00000000 00:00 0 
7f6b9c0b7000-7f6b9c1b7000 rw-p 00000000 00:00 0 
7f6b9c1b7000-7f6b9c1e5000 r-xp 00000000 103:02 13636105                  /usr/lib/jvm/java-8-openjdk-amd64/jre/lib/amd64/libjava.so
7f6b9c1e5000-7f6b9c3e4000 ---p 0002e000 103:02 13636105                  /usr/lib/jvm/java-8-openjdk-amd64/jre/lib/amd64/libjava.so
7f6b9c3e4000-7f6b9c3e5000 r--p 0002d000 103:02 13636105                  /usr/lib/jvm/java-8-openjdk-amd64/jre/lib/amd64/libjava.so
7f6b9c3e5000-7f6b9c3e7000 rw-p 0002e000 103:02 13636105                  /usr/lib/jvm/java-8-openjdk-amd64/jre/lib/amd64/libjava.so
7f6b9c3e7000-7f6b9c3f7000 r-xp 00000000 103:02 13636123                  /usr/lib/jvm/java-8-openjdk-amd64/jre/lib/amd64/libverify.so
7f6b9c3f7000-7f6b9c5f6000 ---p 00010000 103:02 13636123                  /usr/lib/jvm/java-8-openjdk-amd64/jre/lib/amd64/libverify.so
7f6b9c5f6000-7f6b9c5f8000 r--p 0000f000 103:02 13636123                  /usr/lib/jvm/java-8-openjdk-amd64/jre/lib/amd64/libverify.so
7f6b9c5f8000-7f6b9c5f9000 rw-p 00011000 103:02 13636123                  /usr/lib/jvm/java-8-openjdk-amd64/jre/lib/amd64/libverify.so
7f6b9c5f9000-7f6b9c600000 r-xp 00000000 103:02 22287051                  /lib/x86_64-linux-gnu/librt-2.27.so
7f6b9c600000-7f6b9c7ff000 ---p 00007000 103:02 22287051                  /lib/x86_64-linux-gnu/librt-2.27.so
7f6b9c7ff000-7f6b9c800000 r--p 00006000 103:02 22287051                  /lib/x86_64-linux-gnu/librt-2.27.so
7f6b9c800000-7f6b9c801000 rw-p 00007000 103:02 22287051                  /lib/x86_64-linux-gnu/librt-2.27.so
7f6b9c801000-7f6b9c818000 r-xp 00000000 103:02 22282256                  /lib/x86_64-linux-gnu/libgcc_s.so.1
7f6b9c818000-7f6b9ca17000 ---p 00017000 103:02 22282256                  /lib/x86_64-linux-gnu/libgcc_s.so.1
7f6b9ca17000-7f6b9ca18000 r--p 00016000 103:02 22282256                  /lib/x86_64-linux-gnu/libgcc_s.so.1
7f6b9ca18000-7f6b9ca19000 rw-p 00017000 103:02 22282256                  /lib/x86_64-linux-gnu/libgcc_s.so.1
7f6b9ca19000-7f6b9cbb6000 r-xp 00000000 103:02 22286973                  /lib/x86_64-linux-gnu/libm-2.27.so
7f6b9cbb6000-7f6b9cdb5000 ---p 0019d000 103:02 22286973                  /lib/x86_64-linux-gnu/libm-2.27.so
7f6b9cdb5000-7f6b9cdb6000 r--p 0019c000 103:02 22286973                  /lib/x86_64-linux-gnu/libm-2.27.so
7f6b9cdb6000-7f6b9cdb7000 rw-p 0019d000 103:02 22286973                  /lib/x86_64-linux-gnu/libm-2.27.so
7f6b9cdb7000-7f6b9cf30000 r-xp 00000000 103:02 12849943                  /usr/lib/x86_64-linux-gnu/libstdc++.so.6.0.25
7f6b9cf30000-7f6b9d130000 ---p 00179000 103:02 12849943                  /usr/lib/x86_64-linux-gnu/libstdc++.so.6.0.25
7f6b9d130000-7f6b9d13a000 r--p 00179000 103:02 12849943                  /usr/lib/x86_64-linux-gnu/libstdc++.so.6.0.25
7f6b9d13a000-7f6b9d13c000 rw-p 00183000 103:02 12849943                  /usr/lib/x86_64-linux-gnu/libstdc++.so.6.0.25
7f6b9d13c000-7f6b9d140000 rw-p 00000000 00:00 0 
7f6b9d140000-7f6b9ddda000 r-xp 00000000 103:02 13897168                  /usr/lib/jvm/java-8-openjdk-amd64/jre/lib/amd64/server/libjvm.so
7f6b9ddda000-7f6b9dfd9000 ---p 00c9a000 103:02 13897168                  /usr/lib/jvm/java-8-openjdk-amd64/jre/lib/amd64/server/libjvm.so
7f6b9dfd9000-7f6b9e06d000 r--p 00c99000 103:02 13897168                  /usr/lib/jvm/java-8-openjdk-amd64/jre/lib/amd64/server/libjvm.so
7f6b9e06d000-7f6b9e096000 rw-p 00d2d000 103:02 13897168                  /usr/lib/jvm/java-8-openjdk-amd64/jre/lib/amd64/server/libjvm.so
7f6b9e096000-7f6b9e0c6000 rw-p 00000000 00:00 0 
7f6b9e0c6000-7f6b9e0e0000 r-xp 00000000 103:02 22287043                  /lib/x86_64-linux-gnu/libpthread-2.27.so
7f6b9e0e0000-7f6b9e2df000 ---p 0001a000 103:02 22287043                  /lib/x86_64-linux-gnu/libpthread-2.27.so
7f6b9e2df000-7f6b9e2e0000 r--p 00019000 103:02 22287043                  /lib/x86_64-linux-gnu/libpthread-2.27.so
7f6b9e2e0000-7f6b9e2e1000 rw-p 0001a000 103:02 22287043                  /lib/x86_64-linux-gnu/libpthread-2.27.so
7f6b9e2e1000-7f6b9e2e5000 rw-p 00000000 00:00 0 
7f6b9e2e5000-7f6b9e2e8000 r-xp 00000000 103:02 22286933                  /lib/x86_64-linux-gnu/libdl-2.27.so
7f6b9e2e8000-7f6b9e4e7000 ---p 00003000 103:02 22286933                  /lib/x86_64-linux-gnu/libdl-2.27.so
7f6b9e4e7000-7f6b9e4e8000 r--p 00002000 103:02 22286933                  /lib/x86_64-linux-gnu/libdl-2.27.so
7f6b9e4e8000-7f6b9e4e9000 rw-p 00003000 103:02 22286933                  /lib/x86_64-linux-gnu/libdl-2.27.so
7f6b9e4e9000-7f6b9e505000 r-xp 00000000 103:02 22287084                  /lib/x86_64-linux-gnu/libz.so.1.2.11
7f6b9e505000-7f6b9e704000 ---p 0001c000 103:02 22287084                  /lib/x86_64-linux-gnu/libz.so.1.2.11
7f6b9e704000-7f6b9e705000 r--p 0001b000 103:02 22287084                  /lib/x86_64-linux-gnu/libz.so.1.2.11
7f6b9e705000-7f6b9e706000 rw-p 0001c000 103:02 22287084                  /lib/x86_64-linux-gnu/libz.so.1.2.11
7f6b9e706000-7f6b9e8ed000 r-xp 00000000 103:02 22286910                  /lib/x86_64-linux-gnu/libc-2.27.so
7f6b9e8ed000-7f6b9eaed000 ---p 001e7000 103:02 22286910                  /lib/x86_64-linux-gnu/libc-2.27.so
7f6b9eaed000-7f6b9eaf1000 r--p 001e7000 103:02 22286910                  /lib/x86_64-linux-gnu/libc-2.27.so
7f6b9eaf1000-7f6b9eaf3000 rw-p 001eb000 103:02 22286910                  /lib/x86_64-linux-gnu/libc-2.27.so
7f6b9eaf3000-7f6b9eaf7000 rw-p 00000000 00:00 0 
7f6b9eaf7000-7f6b9eb05000 r-xp 00000000 103:02 13767036                  /usr/lib/jvm/java-8-openjdk-amd64/jre/lib/amd64/jli/libjli.so
7f6b9eb05000-7f6b9ed04000 ---p 0000e000 103:02 13767036                  /usr/lib/jvm/java-8-openjdk-amd64/jre/lib/amd64/jli/libjli.so
7f6b9ed04000-7f6b9ed05000 r--p 0000d000 103:02 13767036                  /usr/lib/jvm/java-8-openjdk-amd64/jre/lib/amd64/jli/libjli.so
7f6b9ed05000-7f6b9ed06000 rw-p 0000e000 103:02 13767036                  /usr/lib/jvm/java-8-openjdk-amd64/jre/lib/amd64/jli/libjli.so
7f6b9ed06000-7f6b9ed2d000 r-xp 00000000 103:02 22286882                  /lib/x86_64-linux-gnu/ld-2.27.so
7f6b9ed2f000-7f6b9ed31000 r--s 00007000 103:02 13371795                  /usr/share/java/java-atk-wrapper.jar
7f6b9ed31000-7f6b9ed37000 r--s 0003b000 103:02 14163307                  /usr/lib/jvm/java-8-openjdk-amd64/jre/lib/ext/sunjce_provider.jar
7f6b9ed37000-7f6b9ed39000 r--s 00001000 103:02 14162902                  /usr/lib/jvm/java-8-openjdk-amd64/jre/lib/ext/dnsns.jar
7f6b9ed39000-7f6b9ed3b000 r--s 00008000 103:02 14163306                  /usr/lib/jvm/java-8-openjdk-amd64/jre/lib/ext/sunec.jar
7f6b9ed3b000-7f6b9ee0c000 rw-p 00000000 00:00 0 
7f6b9ee0c000-7f6b9ee0d000 ---p 00000000 00:00 0 
7f6b9ee0d000-7f6b9ee10000 ---p 00000000 00:00 0 
7f6b9ee10000-7f6b9ef0f000 rw-p 00000000 00:00 0 
7f6b9ef0f000-7f6b9ef10000 r--s 00010000 103:02 14163309                  /usr/lib/jvm/java-8-openjdk-amd64/jre/lib/ext/zipfs.jar
7f6b9ef10000-7f6b9ef13000 r--s 00038000 103:02 14163308                  /usr/lib/jvm/java-8-openjdk-amd64/jre/lib/ext/sunpkcs11.jar
7f6b9ef13000-7f6b9ef1d000 r--s 00116000 103:02 14163304                  /usr/lib/jvm/java-8-openjdk-amd64/jre/lib/ext/localedata.jar
7f6b9ef1d000-7f6b9ef20000 r--s 0000f000 103:02 14163301                  /usr/lib/jvm/java-8-openjdk-amd64/jre/lib/ext/icedtea-sound.jar
7f6b9ef20000-7f6b9ef21000 r--s 0000a000 103:02 14163303                  /usr/lib/jvm/java-8-openjdk-amd64/jre/lib/ext/jaccess.jar
7f6b9ef21000-7f6b9ef29000 rw-s 00000000 103:02 25430708                  /tmp/hsperfdata_rasmus/16244
7f6b9ef29000-7f6b9ef2a000 rw-p 00000000 00:00 0 
7f6b9ef2a000-7f6b9ef2b000 ---p 00000000 00:00 0 
7f6b9ef2b000-7f6b9ef2d000 rw-p 00000000 00:00 0 
7f6b9ef2d000-7f6b9ef2e000 r--p 00027000 103:02 22286882                  /lib/x86_64-linux-gnu/ld-2.27.so
7f6b9ef2e000-7f6b9ef2f000 rw-p 00028000 103:02 22286882                  /lib/x86_64-linux-gnu/ld-2.27.so
7f6b9ef2f000-7f6b9ef30000 rw-p 00000000 00:00 0 
7ffc174e3000-7ffc17504000 rw-p 00000000 00:00 0                          [stack]
7ffc17529000-7ffc1752c000 r--p 00000000 00:00 0                          [vvar]
7ffc1752c000-7ffc1752e000 r-xp 00000000 00:00 0                          [vdso]
ffffffffff600000-ffffffffff601000 r-xp 00000000 00:00 0                  [vsyscall]

VM Arguments:
java_command: pakohuone.Main.Main
java_class_path (initial): /home/rasmus/Documents/tiralabra/Pakohuone/Pakohuone/target/classes
Launcher Type: SUN_STANDARD

Environment Variables:
JAVA_HOME=/usr/lib/jvm/java-8-openjdk-amd64
PATH=/usr/local/sbin:/usr/local/bin:/usr/sbin:/usr/bin:/sbin:/bin:/usr/games:/usr/local/games:/snap/bin
LD_LIBRARY_PATH=/usr/lib/jvm/java-8-openjdk-amd64/bin/../jre/lib/amd64:/usr/lib/jvm/java-8-openjdk-amd64/bin/../jre/lib/i386:
SHELL=/bin/bash
DISPLAY=:0

Signal Handlers:
SIGSEGV: [libjvm.so+0xab2ea0], sa_mask[0]=11111111011111111101111111111110, sa_flags=SA_RESTART|SA_SIGINFO
SIGBUS: [libjvm.so+0xab2ea0], sa_mask[0]=11111111011111111101111111111110, sa_flags=SA_RESTART|SA_SIGINFO
SIGFPE: [libjvm.so+0x8e87b0], sa_mask[0]=11111111011111111101111111111110, sa_flags=SA_RESTART|SA_SIGINFO
SIGPIPE: [libjvm.so+0x8e87b0], sa_mask[0]=11111111011111111101111111111110, sa_flags=SA_RESTART|SA_SIGINFO
SIGXFSZ: [libjvm.so+0x8e87b0], sa_mask[0]=11111111011111111101111111111110, sa_flags=SA_RESTART|SA_SIGINFO
SIGILL: [libjvm.so+0x8e87b0], sa_mask[0]=11111111011111111101111111111110, sa_flags=SA_RESTART|SA_SIGINFO
SIGUSR1: SIG_DFL, sa_mask[0]=00000000000000000000000000000000, sa_flags=none
SIGUSR2: [libjvm.so+0x8e8660], sa_mask[0]=00100000000000000000000000000000, sa_flags=SA_RESTART|SA_SIGINFO
SIGHUP: [libjvm.so+0x8e8cd0], sa_mask[0]=11111111011111111101111111111110, sa_flags=SA_RESTART|SA_SIGINFO
SIGINT: SIG_IGN, sa_mask[0]=00000000000000000000000000000000, sa_flags=none
SIGTERM: [libjvm.so+0x8e8cd0], sa_mask[0]=11111111011111111101111111111110, sa_flags=SA_RESTART|SA_SIGINFO
SIGQUIT: [libjvm.so+0x8e8cd0], sa_mask[0]=11111111011111111101111111111110, sa_flags=SA_RESTART|SA_SIGINFO


---------------  S Y S T E M  ---------------

OS:DISTRIB_ID=LinuxMint
DISTRIB_RELEASE=19
DISTRIB_CODENAME=tara
DISTRIB_DESCRIPTION="Linux Mint 19 Tara"

uname:Linux 4.15.0-20-generic #21-Ubuntu SMP Tue Apr 24 06:16:15 UTC 2018 x86_64
libc:glibc 2.27 NPTL 2.27 
rlimit: STACK 8192k, CORE 0k, NPROC 63247, NOFILE 1048576, AS infinity
load average:0,65 0,99 1,01

/proc/meminfo:
MemTotal:       16317172 kB
MemFree:         1446788 kB
MemAvailable:    1591100 kB
Buffers:           55668 kB
Cached:           540200 kB
SwapCached:       422424 kB
Active:         13225644 kB
Inactive:        1362076 kB
Active(anon):   13054476 kB
Inactive(anon):  1157492 kB
Active(file):     171168 kB
Inactive(file):   204584 kB
Unevictable:          32 kB
Mlocked:              32 kB
SwapTotal:       2097148 kB
SwapFree:           2748 kB
Dirty:               156 kB
Writeback:             0 kB
AnonPages:      13570012 kB
Mapped:           294044 kB
Shmem:            220116 kB
Slab:             109976 kB
SReclaimable:      50652 kB
SUnreclaim:        59324 kB
KernelStack:       18128 kB
PageTables:        72988 kB
NFS_Unstable:          0 kB
Bounce:                0 kB
WritebackTmp:          0 kB
CommitLimit:    10255732 kB
Committed_AS:   26342064 kB
VmallocTotal:   34359738367 kB
VmallocUsed:           0 kB
VmallocChunk:          0 kB
HardwareCorrupted:     0 kB
AnonHugePages:         0 kB
ShmemHugePages:        0 kB
ShmemPmdMapped:        0 kB
CmaTotal:              0 kB
CmaFree:               0 kB
HugePages_Total:       0
HugePages_Free:        0
HugePages_Rsvd:        0
HugePages_Surp:        0
Hugepagesize:       2048 kB
DirectMap4k:      160716 kB
DirectMap2M:     7071744 kB
DirectMap1G:     9437184 kB

container (cgroup) information:
container_type: cgroupv1
cpu_cpuset_cpus: 0-7
cpu_memory_nodes: 0
active_processor_count: 8
cpu_quota: -1
cpu_period: 100000
cpu_shares: -1
memory_limit_in_bytes: -1
memory_and_swap_limit_in_bytes: -2
memory_soft_limit_in_bytes: -1
memory_usage_in_bytes: 14835904512
memory_max_usage_in_bytes: 0


CPU:total 8 (initial active 8) (4 cores per cpu, 2 threads per core) family 6 model 142 stepping 10, cmov, cx8, fxsr, mmx, sse, sse2, sse3, ssse3, sse4.1, sse4.2, popcnt, avx, avx2, aes, clmul, erms, 3dnowpref, lzcnt, ht, tsc, tscinvbit, bmi1, bmi2, adx

/proc/cpuinfo:
processor	: 0
vendor_id	: GenuineIntel
cpu family	: 6
model		: 142
model name	: Intel(R) Core(TM) i5-8250U CPU @ 1.60GHz
stepping	: 10
microcode	: 0x96
cpu MHz		: 3092.341
cache size	: 6144 KB
physical id	: 0
siblings	: 8
core id		: 0
cpu cores	: 4
apicid		: 0
initial apicid	: 0
fpu		: yes
fpu_exception	: yes
cpuid level	: 22
wp		: yes
flags		: fpu vme de pse tsc msr pae mce cx8 apic sep mtrr pge mca cmov pat pse36 clflush dts acpi mmx fxsr sse sse2 ss ht tm pbe syscall nx pdpe1gb rdtscp lm constant_tsc art arch_perfmon pebs bts rep_good nopl xtopology nonstop_tsc cpuid aperfmperf tsc_known_freq pni pclmulqdq dtes64 monitor ds_cpl vmx est tm2 ssse3 sdbg fma cx16 xtpr pdcm pcid sse4_1 sse4_2 x2apic movbe popcnt tsc_deadline_timer aes xsave avx f16c rdrand lahf_lm abm 3dnowprefetch cpuid_fault epb invpcid_single pti tpr_shadow vnmi flexpriority ept vpid fsgsbase tsc_adjust bmi1 avx2 smep bmi2 erms invpcid mpx rdseed adx smap clflushopt intel_pt xsaveopt xsavec xgetbv1 xsaves ibpb ibrs stibp dtherm ida arat pln pts hwp hwp_notify hwp_act_window hwp_epp
bugs		: cpu_meltdown spectre_v1 spectre_v2
bogomips	: 3600.00
clflush size	: 64
cache_alignment	: 64
address sizes	: 39 bits physical, 48 bits virtual
power management:

processor	: 1
vendor_id	: GenuineIntel
cpu family	: 6
model		: 142
model name	: Intel(R) Core(TM) i5-8250U CPU @ 1.60GHz
stepping	: 10
microcode	: 0x96
cpu MHz		: 2896.958
cache size	: 6144 KB
physical id	: 0
siblings	: 8
core id		: 1
cpu cores	: 8
apicid		: 2
initial apicid	: 2
fpu		: yes
fpu_exception	: yes
cpuid level	: 22
wp		: yes
flags		: fpu vme de pse tsc msr pae mce cx8 apic sep mtrr pge mca cmov pat pse36 clflush dts acpi mmx fxsr sse sse2 ss ht tm pbe syscall nx pdpe1gb rdtscp lm constant_tsc art arch_perfmon pebs bts rep_good nopl xtopology nonstop_tsc cpuid aperfmperf tsc_known_freq pni pclmulqdq dtes64 monitor ds_cpl vmx est tm2 ssse3 sdbg fma cx16 xtpr pdcm pcid sse4_1 sse4_2 x2apic movbe popcnt tsc_deadline_timer aes xsave avx f16c rdrand lahf_lm abm 3dnowprefetch cpuid_fault epb invpcid_single pti tpr_shadow vnmi flexpriority ept vpid fsgsbase tsc_adjust bmi1 avx2 smep bmi2 erms invpcid mpx rdseed adx smap clflushopt intel_pt xsaveopt xsavec xgetbv1 xsaves ibpb ibrs stibp dtherm ida arat pln pts hwp hwp_notify hwp_act_window hwp_epp
bugs		: cpu_meltdown spectre_v1 spectre_v2
bogomips	: 3600.00
clflush size	: 64
cache_alignment	: 64
address sizes	: 39 bits physical, 48 bits virtual
power management:

processor	: 2
vendor_id	: GenuineIntel
cpu family	: 6
model		: 142
model name	: Intel(R) Core(TM) i5-8250U CPU @ 1.60GHz
stepping	: 10
microcode	: 0x96
cpu MHz		: 2809.940
cache size	: 6144 KB
physical id	: 0
siblings	: 8
core id		: 2
cpu cores	: 8
apicid		: 4
initial apicid	: 4
fpu		: yes
fpu_exception	: yes
cpuid level	: 22
wp		: yes
flags		: fpu vme de pse tsc msr pae mce cx8 apic sep mtrr pge mca cmov pat pse36 clflush dts acpi mmx fxsr sse sse2 ss ht tm pbe syscall nx pdpe1gb rdtscp lm constant_tsc art arch_perfmon pebs bts rep_good nopl xtopology nonstop_tsc cpuid aperfmperf tsc_known_freq pni pclmulqdq dtes64 monitor ds_cpl vmx est tm2 ssse3 sdbg fma cx16 xtpr pdcm pcid sse4_1 sse4_2 x2apic movbe popcnt tsc_deadline_timer aes xsave avx f16c rdrand lahf_lm abm 3dnowprefetch cpuid_fault epb invpcid_single pti tpr_shadow vnmi flexpriority ept vpid fsgsbase tsc_adjust bmi1 avx2 smep bmi2 erms invpcid mpx rdseed adx smap clflushopt intel_pt xsaveopt xsavec xgetbv1 xsaves ibpb ibrs stibp dtherm ida arat pln pts hwp hwp_notify hwp_act_window hwp_epp
bugs		: cpu_meltdown spectre_v1 spectre_v2
bogomips	: 3600.00
clflush size	: 64
cache_alignment	: 64
address sizes	: 39 bits physical, 48 bits virtual
power management:

processor	: 3
vendor_id	: GenuineIntel
cpu family	: 6
model		: 142
model name	: Intel(R) Core(TM) i5-8250U CPU @ 1.60GHz
stepping	: 10
microcode	: 0x96
cpu MHz		: 3034.487
cache size	: 6144 KB
physical id	: 0
siblings	: 8
core id		: 3
cpu cores	: 8
apicid		: 6
initial apicid	: 6
fpu		: yes
fpu_exception	: yes
cpuid level	: 22
wp		: yes
flags		: fpu vme de pse tsc msr pae mce cx8 apic sep mtrr pge mca cmov pat pse36 clflush dts acpi mmx fxsr sse sse2 ss ht tm pbe syscall nx pdpe1gb rdtscp lm constant_tsc art arch_perfmon pebs bts rep_good nopl xtopology nonstop_tsc cpuid aperfmperf tsc_known_freq pni pclmulqdq dtes64 monitor ds_cpl vmx est tm2 ssse3 sdbg fma cx16 xtpr pdcm pcid sse4_1 sse4_2 x2apic movbe popcnt tsc_deadline_timer aes xsave avx f16c rdrand lahf_lm abm 3dnowprefetch cpuid_fault epb invpcid_single pti tpr_shadow vnmi flexpriority ept vpid fsgsbase tsc_adjust bmi1 avx2 smep bmi2 erms invpcid mpx rdseed adx smap clflushopt intel_pt xsaveopt xsavec xgetbv1 xsaves ibpb ibrs stibp dtherm ida arat pln pts hwp hwp_notify hwp_act_window hwp_epp
bugs		: cpu_meltdown spectre_v1 spectre_v2
bogomips	: 3600.00
clflush size	: 64
cache_alignment	: 64
address sizes	: 39 bits physical, 48 bits virtual
power management:

processor	: 4
vendor_id	: GenuineIntel
cpu family	: 6
model		: 142
model name	: Intel(R) Core(TM) i5-8250U CPU @ 1.60GHz
stepping	: 10
microcode	: 0x96
cpu MHz		: 1357.339
cache size	: 6144 KB
physical id	: 0
siblings	: 8
core id		: 0
cpu cores	: 4
apicid		: 1
initial apicid	: 1
fpu		: yes
fpu_exception	: yes
cpuid level	: 22
wp		: yes
flags		: fpu vme de pse tsc msr pae mce cx8 apic sep mtrr pge mca cmov pat pse36 clflush dts acpi mmx fxsr sse sse2 ss ht tm pbe syscall nx pdpe1gb rdtscp lm constant_tsc art arch_perfmon pebs bts rep_good nopl xtopology nonstop_tsc cpuid aperfmperf tsc_known_freq pni pclmulqdq dtes64 monitor ds_cpl vmx est tm2 ssse3 sdbg fma cx16 xtpr pdcm pcid sse4_1 sse4_2 x2apic movbe popcnt tsc_deadline_timer aes xsave avx f16c rdrand lahf_lm abm 3dnowprefetch cpuid_fault epb invpcid_single pti tpr_shadow vnmi flexpriority ept vpid fsgsbase tsc_adjust bmi1 avx2 smep bmi2 erms invpcid mpx rdseed adx smap clflushopt intel_pt xsaveopt xsavec xgetbv1 xsaves ibpb ibrs stibp dtherm ida arat pln pts hwp hwp_notify hwp_act_window hwp_epp
bugs		: cpu_meltdown spectre_v1 spectre_v2
bogomips	: 3600.00
clflush size	: 64
cache_alignment	: 64
address sizes	: 39 bits physical, 48 bits virtual
power management:

processor	: 5
vendor_id	: GenuineIntel
cpu family	: 6
model		: 142
model name	: Intel(R) Core(TM) i5-8250U CPU @ 1.60GHz
stepping	: 10
microcode	: 0x96
cpu MHz		: 2905.199
cache size	: 6144 KB
physical id	: 0
siblings	: 8
core id		: 1
cpu cores	: 3
apicid		: 3
initial apicid	: 3
fpu		: yes
fpu_exception	: yes
cpuid level	: 22
wp		: yes
flags		: fpu vme de pse tsc msr pae mce cx8 apic sep mtrr pge mca cmov pat pse36 clflush dts acpi mmx fxsr sse sse2 ss ht tm pbe syscall nx pdpe1gb rdtscp lm constant_tsc art arch_perfmon pebs bts rep_good nopl xtopology nonstop_tsc cpuid aperfmperf tsc_known_freq pni pclmulqdq dtes64 monitor ds_cpl vmx est tm2 ssse3 sdbg fma cx16 xtpr pdcm pcid sse4_1 sse4_2 x2apic movbe popcnt tsc_deadline_timer aes xsave avx f16c rdrand lahf_lm abm 3dnowprefetch cpuid_fault epb invpcid_single pti tpr_shadow vnmi flexpriority ept vpid fsgsbase tsc_adjust bmi1 avx2 smep bmi2 erms invpcid mpx rdseed adx smap clflushopt intel_pt xsaveopt xsavec xgetbv1 xsaves ibpb ibrs stibp dtherm ida arat pln pts hwp hwp_notify hwp_act_window hwp_epp
bugs		: cpu_meltdown spectre_v1 spectre_v2
bogomips	: 3600.00
clflush size	: 64
cache_alignment	: 64
address sizes	: 39 bits physical, 48 bits virtual
power management:

processor	: 6
vendor_id	: GenuineIntel
cpu family	: 6
model		: 142
model name	: Intel(R) Core(TM) i5-8250U CPU @ 1.60GHz
stepping	: 10
microcode	: 0x96
cpu MHz		: 2493.434
cache size	: 6144 KB
physical id	: 0
siblings	: 8
core id		: 2
cpu cores	: 2
apicid		: 5
initial apicid	: 5
fpu		: yes
fpu_exception	: yes
cpuid level	: 22
wp		: yes
flags		: fpu vme de pse tsc msr pae mce cx8 apic sep mtrr pge mca cmov pat pse36 clflush dts acpi mmx fxsr sse sse2 ss ht tm pbe syscall nx pdpe1gb rdtscp lm constant_tsc art arch_perfmon pebs bts rep_good nopl xtopology nonstop_tsc cpuid aperfmperf tsc_known_freq pni pclmulqdq dtes64 monitor ds_cpl vmx est tm2 ssse3 sdbg fma cx16 xtpr pdcm pcid sse4_1 sse4_2 x2apic movbe popcnt tsc_deadline_timer aes xsave avx f16c rdrand lahf_lm abm 3dnowprefetch cpuid_fault epb invpcid_single pti tpr_shadow vnmi flexpriority ept vpid fsgsbase tsc_adjust bmi1 avx2 smep bmi2 erms invpcid mpx rdseed adx smap clflushopt intel_pt xsaveopt xsavec xgetbv1 xsaves ibpb ibrs stibp dtherm ida arat pln pts hwp hwp_notify hwp_act_window hwp_epp
bugs		: cpu_meltdown spectre_v1 spectre_v2
bogomips	: 3600.00
clflush size	: 64
cache_alignment	: 64
address sizes	: 39 bits physical, 48 bits virtual
power management:

processor	: 7
vendor_id	: GenuineIntel
cpu family	: 6
model		: 142
model name	: Intel(R) Core(TM) i5-8250U CPU @ 1.60GHz
stepping	: 10
microcode	: 0x96
cpu MHz		: 2800.441
cache size	: 6144 KB
physical id	: 0
siblings	: 8
core id		: 3
cpu cores	: 1
apicid		: 7
initial apicid	: 7
fpu		: yes
fpu_exception	: yes
cpuid level	: 22
wp		: yes
flags		: fpu vme de pse tsc msr pae mce cx8 apic sep mtrr pge mca cmov pat pse36 clflush dts acpi mmx fxsr sse sse2 ss ht tm pbe syscall nx pdpe1gb rdtscp lm constant_tsc art arch_perfmon pebs bts rep_good nopl xtopology nonstop_tsc cpuid aperfmperf tsc_known_freq pni pclmulqdq dtes64 monitor ds_cpl vmx est tm2 ssse3 sdbg fma cx16 xtpr pdcm pcid sse4_1 sse4_2 x2apic movbe popcnt tsc_deadline_timer aes xsave avx f16c rdrand lahf_lm abm 3dnowprefetch cpuid_fault epb invpcid_single pti tpr_shadow vnmi flexpriority ept vpid fsgsbase tsc_adjust bmi1 avx2 smep bmi2 erms invpcid mpx rdseed adx smap clflushopt intel_pt xsaveopt xsavec xgetbv1 xsaves ibpb ibrs stibp dtherm ida arat pln pts hwp hwp_notify hwp_act_window hwp_epp
bugs		: cpu_meltdown spectre_v1 spectre_v2
bogomips	: 3600.00
clflush size	: 64
cache_alignment	: 64
address sizes	: 39 bits physical, 48 bits virtual
power management:



Memory: 4k page, physical 16317172k(1447636k free), swap 2097148k(2748k free)

vm_info: OpenJDK 64-Bit Server VM (25.191-b12) for linux-amd64 JRE (1.8.0_191-8u191-b12-2ubuntu0.18.04.1-b12), built on Jan 14 2019 21:02:00 by "buildd" with gcc 7.3.0

time: Wed Mar  4 02:59:49 2020
elapsed time: 218 seconds (0d 0h 3m 38s)

