#
# There is insufficient memory for the Java Runtime Environment to continue.
# Native memory allocation (mmap) failed to map 2609905664 bytes for committing reserved memory.
# Possible reasons:
#   The system is out of physical RAM or swap space
#   In 32 bit mode, the process size limit was hit
# Possible solutions:
#   Reduce memory load on the system
#   Increase physical memory or swap space
#   Check if swap backing store is full
#   Use 64 bit Java on a 64 bit OS
#   Decrease Java heap size (-Xmx/-Xms)
#   Decrease number of Java threads
#   Decrease Java thread stack sizes (-Xss)
#   Set larger code cache with -XX:ReservedCodeCacheSize=
# This output file may be truncated or incomplete.
#
#  Out of Memory Error (os_linux.cpp:2746), pid=13700, tid=0x00007f0241e45700
#
# JRE version: OpenJDK Runtime Environment (8.0_191-b12) (build 1.8.0_191-8u191-b12-2ubuntu0.18.04.1-b12)
# Java VM: OpenJDK 64-Bit Server VM (25.191-b12 mixed mode linux-amd64 compressed oops)
# Failed to write core dump. Core dumps have been disabled. To enable core dumping, try "ulimit -c unlimited" before starting Java again
#

---------------  T H R E A D  ---------------

Current thread (0x00007f023800b000):  JavaThread "main" [_thread_in_vm, id=13704, stack(0x00007f0241d46000,0x00007f0241e46000)]

Stack: [0x00007f0241d46000,0x00007f0241e46000],  sp=0x00007f0241e44240,  free space=1016k
Native frames: (J=compiled Java code, j=interpreted, Vv=VM code, C=native code)
V  [libjvm.so+0xab2552]
V  [libjvm.so+0x4d9e37]
V  [libjvm.so+0x8ed5e0]
V  [libjvm.so+0x8e470e]
V  [libjvm.so+0x968466]
V  [libjvm.so+0x9570da]
V  [libjvm.so+0x9572cd]
V  [libjvm.so+0x9575c8]
V  [libjvm.so+0x913eab]
V  [libjvm.so+0x63d630]
V  [libjvm.so+0x63370f]
V  [libjvm.so+0x66d86d]
j  pakohuone.algoritmit.ReittienEtsija.etsi()[Ljava/lang/String;+17
j  pakohuone.sovelluslogiikka.Labyrintti.etsiReitit()I+34
j  pakohuone.ui.Kayttoliittyma.reittienEtsinta()V+60
j  pakohuone.ui.Kayttoliittyma.aja()V+65
j  pakohuone.Main.Main.main([Ljava/lang/String;)V+17
v  ~StubRoutines::call_stub
V  [libjvm.so+0x67fd4b]
V  [libjvm.so+0x6a3f57]
V  [libjvm.so+0x6a6913]
C  [libjli.so+0x36d6]
C  [libjli.so+0x77ad]
C  [libpthread.so.0+0x76db]  start_thread+0xdb

Java frames: (J=compiled Java code, j=interpreted, Vv=VM code)
j  pakohuone.algoritmit.ReittienEtsija.etsi()[Ljava/lang/String;+17
j  pakohuone.sovelluslogiikka.Labyrintti.etsiReitit()I+34
j  pakohuone.ui.Kayttoliittyma.reittienEtsinta()V+60
j  pakohuone.ui.Kayttoliittyma.aja()V+65
j  pakohuone.Main.Main.main([Ljava/lang/String;)V+17
v  ~StubRoutines::call_stub

---------------  P R O C E S S  ---------------

Java Threads: ( => current thread )
  0x00007f02380d4000 JavaThread "Service Thread" daemon [_thread_blocked, id=13721, stack(0x00007f020a1d7000,0x00007f020a2d8000)]
  0x00007f02380c9000 JavaThread "C1 CompilerThread3" daemon [_thread_blocked, id=13720, stack(0x00007f020a2d9000,0x00007f020a3d9000)]
  0x00007f02380c7000 JavaThread "C2 CompilerThread2" daemon [_thread_blocked, id=13719, stack(0x00007f020a3da000,0x00007f020a4da000)]
  0x00007f02380c5000 JavaThread "C2 CompilerThread1" daemon [_thread_blocked, id=13718, stack(0x00007f020a4db000,0x00007f020a5db000)]
  0x00007f02380c2000 JavaThread "C2 CompilerThread0" daemon [_thread_blocked, id=13717, stack(0x00007f020a5dc000,0x00007f020a6dc000)]
  0x00007f02380c0800 JavaThread "Signal Dispatcher" daemon [_thread_blocked, id=13716, stack(0x00007f020a6dc000,0x00007f020a7dd000)]
  0x00007f023808d800 JavaThread "Finalizer" daemon [_thread_blocked, id=13715, stack(0x00007f020abec000,0x00007f020aced000)]
  0x00007f023808b000 JavaThread "Reference Handler" daemon [_thread_blocked, id=13714, stack(0x00007f020aced000,0x00007f020adee000)]
=>0x00007f023800b000 JavaThread "main" [_thread_in_vm, id=13704, stack(0x00007f0241d46000,0x00007f0241e46000)]

Other Threads:
  0x00007f0238081000 VMThread [stack: 0x00007f020adef000,0x00007f020aeef000] [id=13713]
  0x00007f02380d6800 WatcherThread [stack: 0x00007f020a0d7000,0x00007f020a1d7000] [id=13722]

VM state:not at safepoint (normal execution)

VM Mutex/Monitor currently owned by a thread:  ([mutex/lock_event])
[0x00007f02380074c0] ExpandHeap_lock - owner thread: 0x00007f023800b000
[0x00007f0238008040] Heap_lock - owner thread: 0x00007f023800b000

Heap:
 PSYoungGen      total 74752K, used 2580K [0x000000076d000000, 0x0000000772300000, 0x00000007c0000000)
  eden space 64512K, 4% used [0x000000076d000000,0x000000076d285208,0x0000000770f00000)
  from space 10240K, 0% used [0x0000000771900000,0x0000000771900000,0x0000000772300000)
  to   space 10240K, 0% used [0x0000000770f00000,0x0000000770f00000,0x0000000771900000)
 ParOldGen       total 171008K, used 0K [0x00000006c7000000, 0x00000006d1700000, 0x000000076d000000)
  object space 171008K, 0% used [0x00000006c7000000,0x00000006c7000000,0x00000006d1700000)
 Metaspace       used 3416K, capacity 4600K, committed 4864K, reserved 1056768K
  class space    used 379K, capacity 424K, committed 512K, reserved 1048576K

Card table byte_map: [0x00007f023db1c000,0x00007f023e2e5000] byte_map_base: 0x00007f023a4e4000

Marking Bits: (ParMarkBitMap*) 0x00007f0240fe2340
 Begin Bits: [0x00007f01fc380000, 0x00007f02001c0000)
 End Bits:   [0x00007f02001c0000, 0x00007f0204000000)

Polling page: 0x00007f0241e63000

CodeCache: size=245760Kb used=1187Kb max_used=1187Kb free=244572Kb
 bounds [0x00007f0229000000, 0x00007f0229270000, 0x00007f0238000000]
 total_blobs=314 nmethods=71 adapters=158
 compilation: enabled

Compilation events (10 events):
Event: 6,214 Thread 0x00007f02380c9000   65       3       pakohuone.sovelluslogiikka.Avain::<init> (35 bytes)
Event: 6,214 Thread 0x00007f02380c9000 nmethod 65 0x00007f0229127b10 code [0x00007f0229127c80, 0x00007f0229127f70]
Event: 6,214 Thread 0x00007f02380c9000   66       3       java.util.concurrent.ConcurrentHashMap::setTabAt (19 bytes)
Event: 6,215 Thread 0x00007f02380c9000 nmethod 66 0x00007f02291280d0 code [0x00007f0229128220, 0x00007f0229128390]
Event: 6,215 Thread 0x00007f02380c9000   68       3       java.util.Arrays::copyOf (19 bytes)
Event: 6,215 Thread 0x00007f02380c9000 nmethod 68 0x00007f0229128410 code [0x00007f02291285a0, 0x00007f02291288c8]
Event: 6,216 Thread 0x00007f02380c9000   69       1       java.net.URL::getFile (5 bytes)
Event: 6,216 Thread 0x00007f02380c9000 nmethod 69 0x00007f02291289d0 code [0x00007f0229128b20, 0x00007f0229128c30]
Event: 7,714 Thread 0x00007f02380c9000   71       1       java.nio.Buffer::position (5 bytes)
Event: 7,715 Thread 0x00007f02380c9000 nmethod 71 0x00007f0229129010 code [0x00007f0229129160, 0x00007f0229129270]

GC Heap History (0 events):
No events

Deoptimization events (0 events):
No events

Classes redefined (0 events):
No events

Internal exceptions (10 events):
Event: 0,027 Thread 0x00007f023800b000 Exception <a 'java/lang/NoSuchMethodError': Method sun.misc.Unsafe.prefetchRead(Ljava/lang/Object;J)V name or signature does not match> (0x000000076d007f98) thrown at [/build/openjdk-8-5w_p1G/openjdk-8-8u191-b12/src/hotspot/src/share/vm/prims/jni.cpp, lin
Event: 0,069 Thread 0x00007f023800b000 Exception <a 'java/util/zip/ZipException'> (0x000000076d06b338) thrown at [/build/openjdk-8-5w_p1G/openjdk-8-8u191-b12/src/hotspot/src/share/vm/prims/jni.cpp, line 709]
Event: 0,069 Thread 0x00007f023800b000 Exception <a 'java/security/PrivilegedActionException'> (0x000000076d06b5d8) thrown at [/build/openjdk-8-5w_p1G/openjdk-8-8u191-b12/src/hotspot/src/share/vm/prims/jvm.cpp, line 1429]
Event: 0,070 Thread 0x00007f023800b000 Exception <a 'java/security/PrivilegedActionException'> (0x000000076d06b7e8) thrown at [/build/openjdk-8-5w_p1G/openjdk-8-8u191-b12/src/hotspot/src/share/vm/prims/jvm.cpp, line 1429]
Event: 0,085 Thread 0x00007f023800b000 Exception <a 'java/security/PrivilegedActionException'> (0x000000076d0ad420) thrown at [/build/openjdk-8-5w_p1G/openjdk-8-8u191-b12/src/hotspot/src/share/vm/prims/jvm.cpp, line 1429]
Event: 0,085 Thread 0x00007f023800b000 Exception <a 'java/security/PrivilegedActionException'> (0x000000076d0ad818) thrown at [/build/openjdk-8-5w_p1G/openjdk-8-8u191-b12/src/hotspot/src/share/vm/prims/jvm.cpp, line 1429]
Event: 0,085 Thread 0x00007f023800b000 Exception <a 'java/security/PrivilegedActionException'> (0x000000076d0afa88) thrown at [/build/openjdk-8-5w_p1G/openjdk-8-8u191-b12/src/hotspot/src/share/vm/prims/jvm.cpp, line 1429]
Event: 0,085 Thread 0x00007f023800b000 Exception <a 'java/security/PrivilegedActionException'> (0x000000076d0afe80) thrown at [/build/openjdk-8-5w_p1G/openjdk-8-8u191-b12/src/hotspot/src/share/vm/prims/jvm.cpp, line 1429]
Event: 0,085 Thread 0x00007f023800b000 Exception <a 'java/security/PrivilegedActionException'> (0x000000076d0b0b40) thrown at [/build/openjdk-8-5w_p1G/openjdk-8-8u191-b12/src/hotspot/src/share/vm/prims/jvm.cpp, line 1429]
Event: 0,085 Thread 0x00007f023800b000 Exception <a 'java/security/PrivilegedActionException'> (0x000000076d0b0f38) thrown at [/build/openjdk-8-5w_p1G/openjdk-8-8u191-b12/src/hotspot/src/share/vm/prims/jvm.cpp, line 1429]

Events (10 events):
Event: 6,213 loading class pakohuone/sovelluslogiikka/Ovi
Event: 6,213 loading class pakohuone/sovelluslogiikka/Ovi done
Event: 6,214 loading class pakohuone/sovelluslogiikka/Huone
Event: 6,214 loading class pakohuone/sovelluslogiikka/Huone done
Event: 6,214 loading class pakohuone/algoritmit/ReittienEtsija
Event: 6,214 loading class pakohuone/algoritmit/ReittienEtsija done
Event: 6,215 loading class pakohuone/tyokalut/Syvyyshaku
Event: 6,215 loading class pakohuone/tyokalut/Syvyyshaku done
Event: 6,215 loading class pakohuone/tyokalut/Kirjainpino
Event: 6,215 loading class pakohuone/tyokalut/Kirjainpino done


Dynamic libraries:
6c7000000-6d1700000 rw-p 00000000 00:00 0 
76d000000-772300000 rw-p 00000000 00:00 0 
772300000-7c0000000 ---p 00000000 00:00 0 
7c0000000-7c0080000 rw-p 00000000 00:00 0 
7c0080000-800000000 ---p 00000000 00:00 0 
5561932db000-5561932dc000 r-xp 00000000 103:02 13373011                  /usr/lib/jvm/java-8-openjdk-amd64/jre/bin/java
5561934db000-5561934dc000 r--p 00000000 103:02 13373011                  /usr/lib/jvm/java-8-openjdk-amd64/jre/bin/java
5561934dc000-5561934dd000 rw-p 00001000 103:02 13373011                  /usr/lib/jvm/java-8-openjdk-amd64/jre/bin/java
556193bed000-556193c0e000 rw-p 00000000 00:00 0                          [heap]
7f01d0000000-7f01d0021000 rw-p 00000000 00:00 0 
7f01d0021000-7f01d4000000 ---p 00000000 00:00 0 
7f01d8000000-7f01d8051000 rw-p 00000000 00:00 0 
7f01d8051000-7f01dc000000 ---p 00000000 00:00 0 
7f01dc000000-7f01dc021000 rw-p 00000000 00:00 0 
7f01dc021000-7f01e0000000 ---p 00000000 00:00 0 
7f01e0000000-7f01e0021000 rw-p 00000000 00:00 0 
7f01e0021000-7f01e4000000 ---p 00000000 00:00 0 
7f01e4000000-7f01e4021000 rw-p 00000000 00:00 0 
7f01e4021000-7f01e8000000 ---p 00000000 00:00 0 
7f01e8000000-7f01e8021000 rw-p 00000000 00:00 0 
7f01e8021000-7f01ec000000 ---p 00000000 00:00 0 
7f01ec000000-7f01ec0a2000 rw-p 00000000 00:00 0 
7f01ec0a2000-7f01f0000000 ---p 00000000 00:00 0 
7f01f0000000-7f01f0021000 rw-p 00000000 00:00 0 
7f01f0021000-7f01f4000000 ---p 00000000 00:00 0 
7f01f4000000-7f01f4021000 rw-p 00000000 00:00 0 
7f01f4021000-7f01f8000000 ---p 00000000 00:00 0 
7f01f8000000-7f01f8021000 rw-p 00000000 00:00 0 
7f01f8021000-7f01fc000000 ---p 00000000 00:00 0 
7f01fc380000-7f0204000000 rw-p 00000000 00:00 0 
7f0204000000-7f0204021000 rw-p 00000000 00:00 0 
7f0204021000-7f0208000000 ---p 00000000 00:00 0 
7f020a03f000-7f020a0d6000 r--s 007cb000 103:02 13507077                  /usr/share/java/openjfx/jre/lib/ext/jfxrt.jar
7f020a0d6000-7f020a0d7000 ---p 00000000 00:00 0 
7f020a0d7000-7f020a1d7000 rw-p 00000000 00:00 0 
7f020a1d7000-7f020a1da000 ---p 00000000 00:00 0 
7f020a1da000-7f020a2d8000 rw-p 00000000 00:00 0 
7f020a2d8000-7f020a2d9000 ---p 00000000 00:00 0 
7f020a2d9000-7f020a2dc000 ---p 00000000 00:00 0 
7f020a2dc000-7f020a3d9000 rw-p 00000000 00:00 0 
7f020a3d9000-7f020a3da000 ---p 00000000 00:00 0 
7f020a3da000-7f020a3dd000 ---p 00000000 00:00 0 
7f020a3dd000-7f020a4da000 rw-p 00000000 00:00 0 
7f020a4da000-7f020a4db000 ---p 00000000 00:00 0 
7f020a4db000-7f020a4de000 ---p 00000000 00:00 0 
7f020a4de000-7f020a5db000 rw-p 00000000 00:00 0 
7f020a5db000-7f020a5dc000 ---p 00000000 00:00 0 
7f020a5dc000-7f020a5df000 ---p 00000000 00:00 0 
7f020a5df000-7f020a6dc000 rw-p 00000000 00:00 0 
7f020a6dc000-7f020a6df000 ---p 00000000 00:00 0 
7f020a6df000-7f020a7dd000 rw-p 00000000 00:00 0 
7f020a7dd000-7f020abec000 r--p 00000000 103:02 12851278                  /usr/lib/locale/locale-archive
7f020abec000-7f020abef000 ---p 00000000 00:00 0 
7f020abef000-7f020aced000 rw-p 00000000 00:00 0 
7f020aced000-7f020acf0000 ---p 00000000 00:00 0 
7f020acf0000-7f020adee000 rw-p 00000000 00:00 0 
7f020adee000-7f020adef000 ---p 00000000 00:00 0 
7f020adef000-7f020c000000 rw-p 00000000 00:00 0 
7f020c000000-7f020c021000 rw-p 00000000 00:00 0 
7f020c021000-7f0210000000 ---p 00000000 00:00 0 
7f0210000000-7f0210021000 rw-p 00000000 00:00 0 
7f0210021000-7f0214000000 ---p 00000000 00:00 0 
7f0214000000-7f0214021000 rw-p 00000000 00:00 0 
7f0214021000-7f0218000000 ---p 00000000 00:00 0 
7f0218000000-7f0218021000 rw-p 00000000 00:00 0 
7f0218021000-7f021c000000 ---p 00000000 00:00 0 
7f021c000000-7f021c021000 rw-p 00000000 00:00 0 
7f021c021000-7f0220000000 ---p 00000000 00:00 0 
7f0220000000-7f0220021000 rw-p 00000000 00:00 0 
7f0220021000-7f0224000000 ---p 00000000 00:00 0 
7f0224000000-7f0224021000 rw-p 00000000 00:00 0 
7f0224021000-7f0228000000 ---p 00000000 00:00 0 
7f022801e000-7f0228039000 r--s 00394000 103:02 14162901                  /usr/lib/jvm/java-8-openjdk-amd64/jre/lib/ext/cldrdata.jar
7f0228039000-7f0228054000 r--s 001d6000 103:02 14163305                  /usr/lib/jvm/java-8-openjdk-amd64/jre/lib/ext/nashorn.jar
7f0228054000-7f0228c40000 rw-p 00000000 00:00 0 
7f0228c40000-7f0229000000 ---p 00000000 00:00 0 
7f0229000000-7f0229270000 rwxp 00000000 00:00 0 
7f0229270000-7f0238000000 ---p 00000000 00:00 0 
7f0238000000-7f02381a1000 rw-p 00000000 00:00 0 
7f02381a1000-7f023c000000 ---p 00000000 00:00 0 
7f023c002000-7f023c3d7000 rw-p 00000000 00:00 0 
7f023c3d7000-7f023c5a6000 r--s 03c33000 103:02 13513610                  /usr/lib/jvm/java-8-openjdk-amd64/jre/lib/rt.jar
7f023c5a6000-7f023cde4000 rw-p 00000000 00:00 0 
7f023cde4000-7f023cde5000 ---p 00000000 00:00 0 
7f023cde5000-7f023cee5000 rw-p 00000000 00:00 0 
7f023cee5000-7f023cee6000 ---p 00000000 00:00 0 
7f023cee6000-7f023cfe6000 rw-p 00000000 00:00 0 
7f023cfe6000-7f023cfe7000 ---p 00000000 00:00 0 
7f023cfe7000-7f023d0e7000 rw-p 00000000 00:00 0 
7f023d0e7000-7f023d0e8000 ---p 00000000 00:00 0 
7f023d0e8000-7f023d1e8000 rw-p 00000000 00:00 0 
7f023d1e8000-7f023d1e9000 ---p 00000000 00:00 0 
7f023d1e9000-7f023d2e9000 rw-p 00000000 00:00 0 
7f023d2e9000-7f023d2ea000 ---p 00000000 00:00 0 
7f023d2ea000-7f023d3ea000 rw-p 00000000 00:00 0 
7f023d3ea000-7f023d3eb000 ---p 00000000 00:00 0 
7f023d3eb000-7f023d4eb000 rw-p 00000000 00:00 0 
7f023d4eb000-7f023d4ec000 ---p 00000000 00:00 0 
7f023d4ec000-7f023d640000 rw-p 00000000 00:00 0 
7f023d640000-7f023db1c000 ---p 00000000 00:00 0 
7f023db1c000-7f023db70000 rw-p 00000000 00:00 0 
7f023db70000-7f023e04c000 ---p 00000000 00:00 0 
7f023e04c000-7f023e076000 rw-p 00000000 00:00 0 
7f023e076000-7f023e2e4000 ---p 00000000 00:00 0 
7f023e2e4000-7f023e2ef000 rw-p 00000000 00:00 0 
7f023e2ef000-7f023e6a5000 ---p 00000000 00:00 0 
7f023e6a5000-7f023e6ad000 r-xp 00000000 103:02 13636124                  /usr/lib/jvm/java-8-openjdk-amd64/jre/lib/amd64/libzip.so
7f023e6ad000-7f023e8ac000 ---p 00008000 103:02 13636124                  /usr/lib/jvm/java-8-openjdk-amd64/jre/lib/amd64/libzip.so
7f023e8ac000-7f023e8ad000 r--p 00007000 103:02 13636124                  /usr/lib/jvm/java-8-openjdk-amd64/jre/lib/amd64/libzip.so
7f023e8ad000-7f023e8ae000 rw-p 00008000 103:02 13636124                  /usr/lib/jvm/java-8-openjdk-amd64/jre/lib/amd64/libzip.so
7f023e8ae000-7f023e8b9000 r-xp 00000000 103:02 22287000                  /lib/x86_64-linux-gnu/libnss_files-2.27.so
7f023e8b9000-7f023eab8000 ---p 0000b000 103:02 22287000                  /lib/x86_64-linux-gnu/libnss_files-2.27.so
7f023eab8000-7f023eab9000 r--p 0000a000 103:02 22287000                  /lib/x86_64-linux-gnu/libnss_files-2.27.so
7f023eab9000-7f023eaba000 rw-p 0000b000 103:02 22287000                  /lib/x86_64-linux-gnu/libnss_files-2.27.so
7f023eaba000-7f023eac0000 rw-p 00000000 00:00 0 
7f023eac0000-7f023ead7000 r-xp 00000000 103:02 22286994                  /lib/x86_64-linux-gnu/libnsl-2.27.so
7f023ead7000-7f023ecd6000 ---p 00017000 103:02 22286994                  /lib/x86_64-linux-gnu/libnsl-2.27.so
7f023ecd6000-7f023ecd7000 r--p 00016000 103:02 22286994                  /lib/x86_64-linux-gnu/libnsl-2.27.so
7f023ecd7000-7f023ecd8000 rw-p 00017000 103:02 22286994                  /lib/x86_64-linux-gnu/libnsl-2.27.so
7f023ecd8000-7f023ecda000 rw-p 00000000 00:00 0 
7f023ecda000-7f023ece5000 r-xp 00000000 103:02 22287011                  /lib/x86_64-linux-gnu/libnss_nis-2.27.so
7f023ece5000-7f023eee4000 ---p 0000b000 103:02 22287011                  /lib/x86_64-linux-gnu/libnss_nis-2.27.so
7f023eee4000-7f023eee5000 r--p 0000a000 103:02 22287011                  /lib/x86_64-linux-gnu/libnss_nis-2.27.so
7f023eee5000-7f023eee6000 rw-p 0000b000 103:02 22287011                  /lib/x86_64-linux-gnu/libnss_nis-2.27.so
7f023eee6000-7f023eeee000 r-xp 00000000 103:02 22286996                  /lib/x86_64-linux-gnu/libnss_compat-2.27.so
7f023eeee000-7f023f0ee000 ---p 00008000 103:02 22286996                  /lib/x86_64-linux-gnu/libnss_compat-2.27.so
7f023f0ee000-7f023f0ef000 r--p 00008000 103:02 22286996                  /lib/x86_64-linux-gnu/libnss_compat-2.27.so
7f023f0ef000-7f023f0f0000 rw-p 00009000 103:02 22286996                  /lib/x86_64-linux-gnu/libnss_compat-2.27.so
7f023f0f0000-7f023f11e000 r-xp 00000000 103:02 13636105                  /usr/lib/jvm/java-8-openjdk-amd64/jre/lib/amd64/libjava.so
7f023f11e000-7f023f31d000 ---p 0002e000 103:02 13636105                  /usr/lib/jvm/java-8-openjdk-amd64/jre/lib/amd64/libjava.so
7f023f31d000-7f023f31e000 r--p 0002d000 103:02 13636105                  /usr/lib/jvm/java-8-openjdk-amd64/jre/lib/amd64/libjava.so
7f023f31e000-7f023f320000 rw-p 0002e000 103:02 13636105                  /usr/lib/jvm/java-8-openjdk-amd64/jre/lib/amd64/libjava.so
7f023f320000-7f023f330000 r-xp 00000000 103:02 13636123                  /usr/lib/jvm/java-8-openjdk-amd64/jre/lib/amd64/libverify.so
7f023f330000-7f023f52f000 ---p 00010000 103:02 13636123                  /usr/lib/jvm/java-8-openjdk-amd64/jre/lib/amd64/libverify.so
7f023f52f000-7f023f531000 r--p 0000f000 103:02 13636123                  /usr/lib/jvm/java-8-openjdk-amd64/jre/lib/amd64/libverify.so
7f023f531000-7f023f532000 rw-p 00011000 103:02 13636123                  /usr/lib/jvm/java-8-openjdk-amd64/jre/lib/amd64/libverify.so
7f023f532000-7f023f539000 r-xp 00000000 103:02 22287051                  /lib/x86_64-linux-gnu/librt-2.27.so
7f023f539000-7f023f738000 ---p 00007000 103:02 22287051                  /lib/x86_64-linux-gnu/librt-2.27.so
7f023f738000-7f023f739000 r--p 00006000 103:02 22287051                  /lib/x86_64-linux-gnu/librt-2.27.so
7f023f739000-7f023f73a000 rw-p 00007000 103:02 22287051                  /lib/x86_64-linux-gnu/librt-2.27.so
7f023f73a000-7f023f751000 r-xp 00000000 103:02 22282256                  /lib/x86_64-linux-gnu/libgcc_s.so.1
7f023f751000-7f023f950000 ---p 00017000 103:02 22282256                  /lib/x86_64-linux-gnu/libgcc_s.so.1
7f023f950000-7f023f951000 r--p 00016000 103:02 22282256                  /lib/x86_64-linux-gnu/libgcc_s.so.1
7f023f951000-7f023f952000 rw-p 00017000 103:02 22282256                  /lib/x86_64-linux-gnu/libgcc_s.so.1
7f023f952000-7f023faef000 r-xp 00000000 103:02 22286973                  /lib/x86_64-linux-gnu/libm-2.27.so
7f023faef000-7f023fcee000 ---p 0019d000 103:02 22286973                  /lib/x86_64-linux-gnu/libm-2.27.so
7f023fcee000-7f023fcef000 r--p 0019c000 103:02 22286973                  /lib/x86_64-linux-gnu/libm-2.27.so
7f023fcef000-7f023fcf0000 rw-p 0019d000 103:02 22286973                  /lib/x86_64-linux-gnu/libm-2.27.so
7f023fcf0000-7f023fe69000 r-xp 00000000 103:02 12849943                  /usr/lib/x86_64-linux-gnu/libstdc++.so.6.0.25
7f023fe69000-7f0240069000 ---p 00179000 103:02 12849943                  /usr/lib/x86_64-linux-gnu/libstdc++.so.6.0.25
7f0240069000-7f0240073000 r--p 00179000 103:02 12849943                  /usr/lib/x86_64-linux-gnu/libstdc++.so.6.0.25
7f0240073000-7f0240075000 rw-p 00183000 103:02 12849943                  /usr/lib/x86_64-linux-gnu/libstdc++.so.6.0.25
7f0240075000-7f0240079000 rw-p 00000000 00:00 0 
7f0240079000-7f0240d13000 r-xp 00000000 103:02 13897168                  /usr/lib/jvm/java-8-openjdk-amd64/jre/lib/amd64/server/libjvm.so
7f0240d13000-7f0240f12000 ---p 00c9a000 103:02 13897168                  /usr/lib/jvm/java-8-openjdk-amd64/jre/lib/amd64/server/libjvm.so
7f0240f12000-7f0240fa6000 r--p 00c99000 103:02 13897168                  /usr/lib/jvm/java-8-openjdk-amd64/jre/lib/amd64/server/libjvm.so
7f0240fa6000-7f0240fcf000 rw-p 00d2d000 103:02 13897168                  /usr/lib/jvm/java-8-openjdk-amd64/jre/lib/amd64/server/libjvm.so
7f0240fcf000-7f0240fff000 rw-p 00000000 00:00 0 
7f0240fff000-7f0241019000 r-xp 00000000 103:02 22287043                  /lib/x86_64-linux-gnu/libpthread-2.27.so
7f0241019000-7f0241218000 ---p 0001a000 103:02 22287043                  /lib/x86_64-linux-gnu/libpthread-2.27.so
7f0241218000-7f0241219000 r--p 00019000 103:02 22287043                  /lib/x86_64-linux-gnu/libpthread-2.27.so
7f0241219000-7f024121a000 rw-p 0001a000 103:02 22287043                  /lib/x86_64-linux-gnu/libpthread-2.27.so
7f024121a000-7f024121e000 rw-p 00000000 00:00 0 
7f024121e000-7f0241221000 r-xp 00000000 103:02 22286933                  /lib/x86_64-linux-gnu/libdl-2.27.so
7f0241221000-7f0241420000 ---p 00003000 103:02 22286933                  /lib/x86_64-linux-gnu/libdl-2.27.so
7f0241420000-7f0241421000 r--p 00002000 103:02 22286933                  /lib/x86_64-linux-gnu/libdl-2.27.so
7f0241421000-7f0241422000 rw-p 00003000 103:02 22286933                  /lib/x86_64-linux-gnu/libdl-2.27.so
7f0241422000-7f024143e000 r-xp 00000000 103:02 22287084                  /lib/x86_64-linux-gnu/libz.so.1.2.11
7f024143e000-7f024163d000 ---p 0001c000 103:02 22287084                  /lib/x86_64-linux-gnu/libz.so.1.2.11
7f024163d000-7f024163e000 r--p 0001b000 103:02 22287084                  /lib/x86_64-linux-gnu/libz.so.1.2.11
7f024163e000-7f024163f000 rw-p 0001c000 103:02 22287084                  /lib/x86_64-linux-gnu/libz.so.1.2.11
7f024163f000-7f0241826000 r-xp 00000000 103:02 22286910                  /lib/x86_64-linux-gnu/libc-2.27.so
7f0241826000-7f0241a26000 ---p 001e7000 103:02 22286910                  /lib/x86_64-linux-gnu/libc-2.27.so
7f0241a26000-7f0241a2a000 r--p 001e7000 103:02 22286910                  /lib/x86_64-linux-gnu/libc-2.27.so
7f0241a2a000-7f0241a2c000 rw-p 001eb000 103:02 22286910                  /lib/x86_64-linux-gnu/libc-2.27.so
7f0241a2c000-7f0241a30000 rw-p 00000000 00:00 0 
7f0241a30000-7f0241a3e000 r-xp 00000000 103:02 13767036                  /usr/lib/jvm/java-8-openjdk-amd64/jre/lib/amd64/jli/libjli.so
7f0241a3e000-7f0241c3d000 ---p 0000e000 103:02 13767036                  /usr/lib/jvm/java-8-openjdk-amd64/jre/lib/amd64/jli/libjli.so
7f0241c3d000-7f0241c3e000 r--p 0000d000 103:02 13767036                  /usr/lib/jvm/java-8-openjdk-amd64/jre/lib/amd64/jli/libjli.so
7f0241c3e000-7f0241c3f000 rw-p 0000e000 103:02 13767036                  /usr/lib/jvm/java-8-openjdk-amd64/jre/lib/amd64/jli/libjli.so
7f0241c3f000-7f0241c66000 r-xp 00000000 103:02 22286882                  /lib/x86_64-linux-gnu/ld-2.27.so
7f0241c68000-7f0241c6a000 r--s 00007000 103:02 13371795                  /usr/share/java/java-atk-wrapper.jar
7f0241c6a000-7f0241c70000 r--s 0003b000 103:02 14163307                  /usr/lib/jvm/java-8-openjdk-amd64/jre/lib/ext/sunjce_provider.jar
7f0241c70000-7f0241c72000 r--s 00001000 103:02 14162902                  /usr/lib/jvm/java-8-openjdk-amd64/jre/lib/ext/dnsns.jar
7f0241c72000-7f0241c74000 r--s 00008000 103:02 14163306                  /usr/lib/jvm/java-8-openjdk-amd64/jre/lib/ext/sunec.jar
7f0241c74000-7f0241d45000 rw-p 00000000 00:00 0 
7f0241d45000-7f0241d46000 ---p 00000000 00:00 0 
7f0241d46000-7f0241d49000 ---p 00000000 00:00 0 
7f0241d49000-7f0241e48000 rw-p 00000000 00:00 0 
7f0241e48000-7f0241e49000 r--s 00010000 103:02 14163309                  /usr/lib/jvm/java-8-openjdk-amd64/jre/lib/ext/zipfs.jar
7f0241e49000-7f0241e4c000 r--s 00038000 103:02 14163308                  /usr/lib/jvm/java-8-openjdk-amd64/jre/lib/ext/sunpkcs11.jar
7f0241e4c000-7f0241e56000 r--s 00116000 103:02 14163304                  /usr/lib/jvm/java-8-openjdk-amd64/jre/lib/ext/localedata.jar
7f0241e56000-7f0241e59000 r--s 0000f000 103:02 14163301                  /usr/lib/jvm/java-8-openjdk-amd64/jre/lib/ext/icedtea-sound.jar
7f0241e59000-7f0241e5a000 r--s 0000a000 103:02 14163303                  /usr/lib/jvm/java-8-openjdk-amd64/jre/lib/ext/jaccess.jar
7f0241e5a000-7f0241e62000 rw-s 00000000 103:02 4195440                   /tmp/hsperfdata_rasmus/13700
7f0241e62000-7f0241e63000 rw-p 00000000 00:00 0 
7f0241e63000-7f0241e64000 r--p 00000000 00:00 0 
7f0241e64000-7f0241e66000 rw-p 00000000 00:00 0 
7f0241e66000-7f0241e67000 r--p 00027000 103:02 22286882                  /lib/x86_64-linux-gnu/ld-2.27.so
7f0241e67000-7f0241e68000 rw-p 00028000 103:02 22286882                  /lib/x86_64-linux-gnu/ld-2.27.so
7f0241e68000-7f0241e69000 rw-p 00000000 00:00 0 
7ffe2ff3b000-7ffe2ff5c000 rw-p 00000000 00:00 0                          [stack]
7ffe2ffbc000-7ffe2ffbf000 r--p 00000000 00:00 0                          [vvar]
7ffe2ffbf000-7ffe2ffc1000 r-xp 00000000 00:00 0                          [vdso]
ffffffffff600000-ffffffffff601000 r-xp 00000000 00:00 0                  [vsyscall]

VM Arguments:
java_command: pakohuone.Main.Main
java_class_path (initial): /home/rasmus/Documents/tiralabra/Pakohuone/Pakohuone/target/classes
Launcher Type: SUN_STANDARD

Environment Variables:
JAVA_HOME=/usr/lib/jvm/java-8-openjdk-amd64
PATH=/usr/local/sbin:/usr/local/bin:/usr/sbin:/usr/bin:/sbin:/bin:/usr/games:/usr/local/games:/snap/bin
LD_LIBRARY_PATH=/usr/lib/jvm/java-8-openjdk-amd64/bin/../jre/lib/amd64:/usr/lib/jvm/java-8-openjdk-amd64/bin/../jre/lib/i386:
SHELL=/bin/bash
DISPLAY=:0

Signal Handlers:
SIGSEGV: [libjvm.so+0xab2ea0], sa_mask[0]=11111111011111111101111111111110, sa_flags=SA_RESTART|SA_SIGINFO
SIGBUS: [libjvm.so+0xab2ea0], sa_mask[0]=11111111011111111101111111111110, sa_flags=SA_RESTART|SA_SIGINFO
SIGFPE: [libjvm.so+0x8e87b0], sa_mask[0]=11111111011111111101111111111110, sa_flags=SA_RESTART|SA_SIGINFO
SIGPIPE: [libjvm.so+0x8e87b0], sa_mask[0]=11111111011111111101111111111110, sa_flags=SA_RESTART|SA_SIGINFO
SIGXFSZ: [libjvm.so+0x8e87b0], sa_mask[0]=11111111011111111101111111111110, sa_flags=SA_RESTART|SA_SIGINFO
SIGILL: [libjvm.so+0x8e87b0], sa_mask[0]=11111111011111111101111111111110, sa_flags=SA_RESTART|SA_SIGINFO
SIGUSR1: SIG_DFL, sa_mask[0]=00000000000000000000000000000000, sa_flags=none
SIGUSR2: [libjvm.so+0x8e8660], sa_mask[0]=00100000000000000000000000000000, sa_flags=SA_RESTART|SA_SIGINFO
SIGHUP: [libjvm.so+0x8e8cd0], sa_mask[0]=11111111011111111101111111111110, sa_flags=SA_RESTART|SA_SIGINFO
SIGINT: SIG_IGN, sa_mask[0]=00000000000000000000000000000000, sa_flags=none
SIGTERM: [libjvm.so+0x8e8cd0], sa_mask[0]=11111111011111111101111111111110, sa_flags=SA_RESTART|SA_SIGINFO
SIGQUIT: [libjvm.so+0x8e8cd0], sa_mask[0]=11111111011111111101111111111110, sa_flags=SA_RESTART|SA_SIGINFO


---------------  S Y S T E M  ---------------

OS:DISTRIB_ID=LinuxMint
DISTRIB_RELEASE=19
DISTRIB_CODENAME=tara
DISTRIB_DESCRIPTION="Linux Mint 19 Tara"

uname:Linux 4.15.0-20-generic #21-Ubuntu SMP Tue Apr 24 06:16:15 UTC 2018 x86_64
libc:glibc 2.27 NPTL 2.27 
rlimit: STACK 8192k, CORE 0k, NPROC 63247, NOFILE 1048576, AS infinity
load average:2,56 2,13 1,90

/proc/meminfo:
MemTotal:       16317172 kB
MemFree:          212284 kB
MemAvailable:     328868 kB
Buffers:           42068 kB
Cached:           613052 kB
SwapCached:        12516 kB
Active:         14285656 kB
Inactive:        1396820 kB
Active(anon):   14119896 kB
Inactive(anon):  1278120 kB
Active(file):     165760 kB
Inactive(file):   118700 kB
Unevictable:          48 kB
Mlocked:              48 kB
SwapTotal:       2097148 kB
SwapFree:         757536 kB
Dirty:              1640 kB
Writeback:             0 kB
AnonPages:      15017104 kB
Mapped:           468296 kB
Shmem:            370660 kB
Slab:             242792 kB
SReclaimable:     173360 kB
SUnreclaim:        69432 kB
KernelStack:       15824 kB
PageTables:        79608 kB
NFS_Unstable:          0 kB
Bounce:                0 kB
WritebackTmp:          0 kB
CommitLimit:    10255732 kB
Committed_AS:   18953436 kB
VmallocTotal:   34359738367 kB
VmallocUsed:           0 kB
VmallocChunk:          0 kB
HardwareCorrupted:     0 kB
AnonHugePages:         0 kB
ShmemHugePages:        0 kB
ShmemPmdMapped:        0 kB
CmaTotal:              0 kB
CmaFree:               0 kB
HugePages_Total:       0
HugePages_Free:        0
HugePages_Rsvd:        0
HugePages_Surp:        0
Hugepagesize:       2048 kB
DirectMap4k:      394188 kB
DirectMap2M:    15226880 kB
DirectMap1G:     1048576 kB

container (cgroup) information:
container_type: cgroupv1
cpu_cpuset_cpus: 0-7
cpu_memory_nodes: 0
active_processor_count: 8
cpu_quota: -1
cpu_period: 100000
cpu_shares: -1
memory_limit_in_bytes: -1
memory_and_swap_limit_in_bytes: -2
memory_soft_limit_in_bytes: -1
memory_usage_in_bytes: 16049881088
memory_max_usage_in_bytes: 154038272


CPU:total 8 (initial active 8) (4 cores per cpu, 2 threads per core) family 6 model 142 stepping 10, cmov, cx8, fxsr, mmx, sse, sse2, sse3, ssse3, sse4.1, sse4.2, popcnt, avx, avx2, aes, clmul, erms, 3dnowpref, lzcnt, ht, tsc, tscinvbit, bmi1, bmi2, adx

/proc/cpuinfo:
processor	: 0
vendor_id	: GenuineIntel
cpu family	: 6
model		: 142
model name	: Intel(R) Core(TM) i5-8250U CPU @ 1.60GHz
stepping	: 10
microcode	: 0x96
cpu MHz		: 2400.000
cache size	: 6144 KB
physical id	: 0
siblings	: 8
core id		: 0
cpu cores	: 4
apicid		: 0
initial apicid	: 0
fpu		: yes
fpu_exception	: yes
cpuid level	: 22
wp		: yes
flags		: fpu vme de pse tsc msr pae mce cx8 apic sep mtrr pge mca cmov pat pse36 clflush dts acpi mmx fxsr sse sse2 ss ht tm pbe syscall nx pdpe1gb rdtscp lm constant_tsc art arch_perfmon pebs bts rep_good nopl xtopology nonstop_tsc cpuid aperfmperf tsc_known_freq pni pclmulqdq dtes64 monitor ds_cpl vmx est tm2 ssse3 sdbg fma cx16 xtpr pdcm pcid sse4_1 sse4_2 x2apic movbe popcnt tsc_deadline_timer aes xsave avx f16c rdrand lahf_lm abm 3dnowprefetch cpuid_fault epb invpcid_single pti tpr_shadow vnmi flexpriority ept vpid fsgsbase tsc_adjust bmi1 avx2 smep bmi2 erms invpcid mpx rdseed adx smap clflushopt intel_pt xsaveopt xsavec xgetbv1 xsaves ibpb ibrs stibp dtherm ida arat pln pts hwp hwp_notify hwp_act_window hwp_epp
bugs		: cpu_meltdown spectre_v1 spectre_v2
bogomips	: 3600.00
clflush size	: 64
cache_alignment	: 64
address sizes	: 39 bits physical, 48 bits virtual
power management:

processor	: 1
vendor_id	: GenuineIntel
cpu family	: 6
model		: 142
model name	: Intel(R) Core(TM) i5-8250U CPU @ 1.60GHz
stepping	: 10
microcode	: 0x96
cpu MHz		: 2400.123
cache size	: 6144 KB
physical id	: 0
siblings	: 8
core id		: 1
cpu cores	: 76
apicid		: 2
initial apicid	: 2
fpu		: yes
fpu_exception	: yes
cpuid level	: 22
wp		: yes
flags		: fpu vme de pse tsc msr pae mce cx8 apic sep mtrr pge mca cmov pat pse36 clflush dts acpi mmx fxsr sse sse2 ss ht tm pbe syscall nx pdpe1gb rdtscp lm constant_tsc art arch_perfmon pebs bts rep_good nopl xtopology nonstop_tsc cpuid aperfmperf tsc_known_freq pni pclmulqdq dtes64 monitor ds_cpl vmx est tm2 ssse3 sdbg fma cx16 xtpr pdcm pcid sse4_1 sse4_2 x2apic movbe popcnt tsc_deadline_timer aes xsave avx f16c rdrand lahf_lm abm 3dnowprefetch cpuid_fault epb invpcid_single pti tpr_shadow vnmi flexpriority ept vpid fsgsbase tsc_adjust bmi1 avx2 smep bmi2 erms invpcid mpx rdseed adx smap clflushopt intel_pt xsaveopt xsavec xgetbv1 xsaves ibpb ibrs stibp dtherm ida arat pln pts hwp hwp_notify hwp_act_window hwp_epp
bugs		: cpu_meltdown spectre_v1 spectre_v2
bogomips	: 3600.00
clflush size	: 64
cache_alignment	: 64
address sizes	: 39 bits physical, 48 bits virtual
power management:

processor	: 2
vendor_id	: GenuineIntel
cpu family	: 6
model		: 142
model name	: Intel(R) Core(TM) i5-8250U CPU @ 1.60GHz
stepping	: 10
microcode	: 0x96
cpu MHz		: 2400.051
cache size	: 6144 KB
physical id	: 0
siblings	: 8
core id		: 2
cpu cores	: 76
apicid		: 4
initial apicid	: 4
fpu		: yes
fpu_exception	: yes
cpuid level	: 22
wp		: yes
flags		: fpu vme de pse tsc msr pae mce cx8 apic sep mtrr pge mca cmov pat pse36 clflush dts acpi mmx fxsr sse sse2 ss ht tm pbe syscall nx pdpe1gb rdtscp lm constant_tsc art arch_perfmon pebs bts rep_good nopl xtopology nonstop_tsc cpuid aperfmperf tsc_known_freq pni pclmulqdq dtes64 monitor ds_cpl vmx est tm2 ssse3 sdbg fma cx16 xtpr pdcm pcid sse4_1 sse4_2 x2apic movbe popcnt tsc_deadline_timer aes xsave avx f16c rdrand lahf_lm abm 3dnowprefetch cpuid_fault epb invpcid_single pti tpr_shadow vnmi flexpriority ept vpid fsgsbase tsc_adjust bmi1 avx2 smep bmi2 erms invpcid mpx rdseed adx smap clflushopt intel_pt xsaveopt xsavec xgetbv1 xsaves ibpb ibrs stibp dtherm ida arat pln pts hwp hwp_notify hwp_act_window hwp_epp
bugs		: cpu_meltdown spectre_v1 spectre_v2
bogomips	: 3600.00
clflush size	: 64
cache_alignment	: 64
address sizes	: 39 bits physical, 48 bits virtual
power management:

processor	: 3
vendor_id	: GenuineIntel
cpu family	: 6
model		: 142
model name	: Intel(R) Core(TM) i5-8250U CPU @ 1.60GHz
stepping	: 10
microcode	: 0x96
cpu MHz		: 2400.064
cache size	: 6144 KB
physical id	: 0
siblings	: 8
core id		: 3
cpu cores	: 76
apicid		: 6
initial apicid	: 6
fpu		: yes
fpu_exception	: yes
cpuid level	: 22
wp		: yes
flags		: fpu vme de pse tsc msr pae mce cx8 apic sep mtrr pge mca cmov pat pse36 clflush dts acpi mmx fxsr sse sse2 ss ht tm pbe syscall nx pdpe1gb rdtscp lm constant_tsc art arch_perfmon pebs bts rep_good nopl xtopology nonstop_tsc cpuid aperfmperf tsc_known_freq pni pclmulqdq dtes64 monitor ds_cpl vmx est tm2 ssse3 sdbg fma cx16 xtpr pdcm pcid sse4_1 sse4_2 x2apic movbe popcnt tsc_deadline_timer aes xsave avx f16c rdrand lahf_lm abm 3dnowprefetch cpuid_fault epb invpcid_single pti tpr_shadow vnmi flexpriority ept vpid fsgsbase tsc_adjust bmi1 avx2 smep bmi2 erms invpcid mpx rdseed adx smap clflushopt intel_pt xsaveopt xsavec xgetbv1 xsaves ibpb ibrs stibp dtherm ida arat pln pts hwp hwp_notify hwp_act_window hwp_epp
bugs		: cpu_meltdown spectre_v1 spectre_v2
bogomips	: 3600.00
clflush size	: 64
cache_alignment	: 64
address sizes	: 39 bits physical, 48 bits virtual
power management:

processor	: 4
vendor_id	: GenuineIntel
cpu family	: 6
model		: 142
model name	: Intel(R) Core(TM) i5-8250U CPU @ 1.60GHz
stepping	: 10
microcode	: 0x96
cpu MHz		: 2400.000
cache size	: 6144 KB
physical id	: 0
siblings	: 8
core id		: 0
cpu cores	: 4
apicid		: 1
initial apicid	: 1
fpu		: yes
fpu_exception	: yes
cpuid level	: 22
wp		: yes
flags		: fpu vme de pse tsc msr pae mce cx8 apic sep mtrr pge mca cmov pat pse36 clflush dts acpi mmx fxsr sse sse2 ss ht tm pbe syscall nx pdpe1gb rdtscp lm constant_tsc art arch_perfmon pebs bts rep_good nopl xtopology nonstop_tsc cpuid aperfmperf tsc_known_freq pni pclmulqdq dtes64 monitor ds_cpl vmx est tm2 ssse3 sdbg fma cx16 xtpr pdcm pcid sse4_1 sse4_2 x2apic movbe popcnt tsc_deadline_timer aes xsave avx f16c rdrand lahf_lm abm 3dnowprefetch cpuid_fault epb invpcid_single pti tpr_shadow vnmi flexpriority ept vpid fsgsbase tsc_adjust bmi1 avx2 smep bmi2 erms invpcid mpx rdseed adx smap clflushopt intel_pt xsaveopt xsavec xgetbv1 xsaves ibpb ibrs stibp dtherm ida arat pln pts hwp hwp_notify hwp_act_window hwp_epp
bugs		: cpu_meltdown spectre_v1 spectre_v2
bogomips	: 3600.00
clflush size	: 64
cache_alignment	: 64
address sizes	: 39 bits physical, 48 bits virtual
power management:

processor	: 5
vendor_id	: GenuineIntel
cpu family	: 6
model		: 142
model name	: Intel(R) Core(TM) i5-8250U CPU @ 1.60GHz
stepping	: 10
microcode	: 0x96
cpu MHz		: 2400.039
cache size	: 6144 KB
physical id	: 0
siblings	: 8
core id		: 1
cpu cores	: 2
apicid		: 3
initial apicid	: 3
fpu		: yes
fpu_exception	: yes
cpuid level	: 22
wp		: yes
flags		: fpu vme de pse tsc msr pae mce cx8 apic sep mtrr pge mca cmov pat pse36 clflush dts acpi mmx fxsr sse sse2 ss ht tm pbe syscall nx pdpe1gb rdtscp lm constant_tsc art arch_perfmon pebs bts rep_good nopl xtopology nonstop_tsc cpuid aperfmperf tsc_known_freq pni pclmulqdq dtes64 monitor ds_cpl vmx est tm2 ssse3 sdbg fma cx16 xtpr pdcm pcid sse4_1 sse4_2 x2apic movbe popcnt tsc_deadline_timer aes xsave avx f16c rdrand lahf_lm abm 3dnowprefetch cpuid_fault epb invpcid_single pti tpr_shadow vnmi flexpriority ept vpid fsgsbase tsc_adjust bmi1 avx2 smep bmi2 erms invpcid mpx rdseed adx smap clflushopt intel_pt xsaveopt xsavec xgetbv1 xsaves ibpb ibrs stibp dtherm ida arat pln pts hwp hwp_notify hwp_act_window hwp_epp
bugs		: cpu_meltdown spectre_v1 spectre_v2
bogomips	: 3600.00
clflush size	: 64
cache_alignment	: 64
address sizes	: 39 bits physical, 48 bits virtual
power management:

processor	: 6
vendor_id	: GenuineIntel
cpu family	: 6
model		: 142
model name	: Intel(R) Core(TM) i5-8250U CPU @ 1.60GHz
stepping	: 10
microcode	: 0x96
cpu MHz		: 2400.088
cache size	: 6144 KB
physical id	: 0
siblings	: 8
core id		: 2
cpu cores	: 4
apicid		: 5
initial apicid	: 5
fpu		: yes
fpu_exception	: yes
cpuid level	: 22
wp		: yes
flags		: fpu vme de pse tsc msr pae mce cx8 apic sep mtrr pge mca cmov pat pse36 clflush dts acpi mmx fxsr sse sse2 ss ht tm pbe syscall nx pdpe1gb rdtscp lm constant_tsc art arch_perfmon pebs bts rep_good nopl xtopology nonstop_tsc cpuid aperfmperf tsc_known_freq pni pclmulqdq dtes64 monitor ds_cpl vmx est tm2 ssse3 sdbg fma cx16 xtpr pdcm pcid sse4_1 sse4_2 x2apic movbe popcnt tsc_deadline_timer aes xsave avx f16c rdrand lahf_lm abm 3dnowprefetch cpuid_fault epb invpcid_single pti tpr_shadow vnmi flexpriority ept vpid fsgsbase tsc_adjust bmi1 avx2 smep bmi2 erms invpcid mpx rdseed adx smap clflushopt intel_pt xsaveopt xsavec xgetbv1 xsaves ibpb ibrs stibp dtherm ida arat pln pts hwp hwp_notify hwp_act_window hwp_epp
bugs		: cpu_meltdown spectre_v1 spectre_v2
bogomips	: 3600.00
clflush size	: 64
cache_alignment	: 64
address sizes	: 39 bits physical, 48 bits virtual
power management:

processor	: 7
vendor_id	: GenuineIntel
cpu family	: 6
model		: 142
model name	: Intel(R) Core(TM) i5-8250U CPU @ 1.60GHz
stepping	: 10
microcode	: 0x96
cpu MHz		: 2400.026
cache size	: 6144 KB
physical id	: 0
siblings	: 8
core id		: 3
cpu cores	: 65486
apicid		: 7
initial apicid	: 7
fpu		: yes
fpu_exception	: yes
cpuid level	: 22
wp		: yes
flags		: fpu vme de pse tsc msr pae mce cx8 apic sep mtrr pge mca cmov pat pse36 clflush dts acpi mmx fxsr sse sse2 ss ht tm pbe syscall nx pdpe1gb rdtscp lm constant_tsc art arch_perfmon pebs bts rep_good nopl xtopology nonstop_tsc cpuid aperfmperf tsc_known_freq pni pclmulqdq dtes64 monitor ds_cpl vmx est tm2 ssse3 sdbg fma cx16 xtpr pdcm pcid sse4_1 sse4_2 x2apic movbe popcnt tsc_deadline_timer aes xsave avx f16c rdrand lahf_lm abm 3dnowprefetch cpuid_fault epb invpcid_single pti tpr_shadow vnmi flexpriority ept vpid fsgsbase tsc_adjust bmi1 avx2 smep bmi2 erms invpcid mpx rdseed adx smap clflushopt intel_pt xsaveopt xsavec xgetbv1 xsaves ibpb ibrs stibp dtherm ida arat pln pts hwp hwp_notify hwp_act_window hwp_epp
bugs		: cpu_meltdown spectre_v1 spectre_v2
bogomips	: 3600.00
clflush size	: 64
cache_alignment	: 64
address sizes	: 39 bits physical, 48 bits virtual
power management:



Memory: 4k page, physical 16317172k(213040k free), swap 2097148k(757536k free)

vm_info: OpenJDK 64-Bit Server VM (25.191-b12) for linux-amd64 JRE (1.8.0_191-8u191-b12-2ubuntu0.18.04.1-b12), built on Jan 14 2019 21:02:00 by "buildd" with gcc 7.3.0

time: Tue Mar  3 18:25:20 2020
elapsed time: 8 seconds (0d 0h 0m 8s)

