#
# There is insufficient memory for the Java Runtime Environment to continue.
# Native memory allocation (mmap) failed to map 2609905664 bytes for committing reserved memory.
# Possible reasons:
#   The system is out of physical RAM or swap space
#   In 32 bit mode, the process size limit was hit
# Possible solutions:
#   Reduce memory load on the system
#   Increase physical memory or swap space
#   Check if swap backing store is full
#   Use 64 bit Java on a 64 bit OS
#   Decrease Java heap size (-Xmx/-Xms)
#   Decrease number of Java threads
#   Decrease Java thread stack sizes (-Xss)
#   Set larger code cache with -XX:ReservedCodeCacheSize=
# This output file may be truncated or incomplete.
#
#  Out of Memory Error (os_linux.cpp:2746), pid=13217, tid=0x00007f830bc12700
#
# JRE version: OpenJDK Runtime Environment (8.0_191-b12) (build 1.8.0_191-8u191-b12-2ubuntu0.18.04.1-b12)
# Java VM: OpenJDK 64-Bit Server VM (25.191-b12 mixed mode linux-amd64 compressed oops)
# Failed to write core dump. Core dumps have been disabled. To enable core dumping, try "ulimit -c unlimited" before starting Java again
#

---------------  T H R E A D  ---------------

Current thread (0x00007f830400b000):  JavaThread "main" [_thread_in_vm, id=13221, stack(0x00007f830bb13000,0x00007f830bc13000)]

Stack: [0x00007f830bb13000,0x00007f830bc13000],  sp=0x00007f830bc11240,  free space=1016k
Native frames: (J=compiled Java code, j=interpreted, Vv=VM code, C=native code)
V  [libjvm.so+0xab2552]
V  [libjvm.so+0x4d9e37]
V  [libjvm.so+0x8ed5e0]
V  [libjvm.so+0x8e470e]
V  [libjvm.so+0x968466]
V  [libjvm.so+0x9570da]
V  [libjvm.so+0x9572cd]
V  [libjvm.so+0x9575c8]
V  [libjvm.so+0x913eab]
V  [libjvm.so+0x63d630]
V  [libjvm.so+0x63370f]
V  [libjvm.so+0x66d86d]
j  pakohuone.algoritmit.ReittienEtsija.etsi()[Ljava/lang/String;+17
j  pakohuone.sovelluslogiikka.Labyrintti.etsiReitit()I+34
j  pakohuone.ui.Kayttoliittyma.reittienEtsinta()V+60
j  pakohuone.ui.Kayttoliittyma.aja()V+65
j  pakohuone.Main.Main.main([Ljava/lang/String;)V+17
v  ~StubRoutines::call_stub
V  [libjvm.so+0x67fd4b]
V  [libjvm.so+0x6a3f57]
V  [libjvm.so+0x6a6913]
C  [libjli.so+0x36d6]
C  [libjli.so+0x77ad]
C  [libpthread.so.0+0x76db]  start_thread+0xdb

Java frames: (J=compiled Java code, j=interpreted, Vv=VM code)
j  pakohuone.algoritmit.ReittienEtsija.etsi()[Ljava/lang/String;+17
j  pakohuone.sovelluslogiikka.Labyrintti.etsiReitit()I+34
j  pakohuone.ui.Kayttoliittyma.reittienEtsinta()V+60
j  pakohuone.ui.Kayttoliittyma.aja()V+65
j  pakohuone.Main.Main.main([Ljava/lang/String;)V+17
v  ~StubRoutines::call_stub

---------------  P R O C E S S  ---------------

Java Threads: ( => current thread )
  0x00007f83040cc000 JavaThread "Service Thread" daemon [_thread_blocked, id=13238, stack(0x00007f82c427f000,0x00007f82c4380000)]
  0x00007f83040c9000 JavaThread "C1 CompilerThread3" daemon [_thread_blocked, id=13237, stack(0x00007f82f00e1000,0x00007f82f01e1000)]
  0x00007f83040c7000 JavaThread "C2 CompilerThread2" daemon [_thread_blocked, id=13236, stack(0x00007f82f01e2000,0x00007f82f02e2000)]
  0x00007f83040c5000 JavaThread "C2 CompilerThread1" daemon [_thread_blocked, id=13235, stack(0x00007f82f02e3000,0x00007f82f03e3000)]
  0x00007f83040c2000 JavaThread "C2 CompilerThread0" daemon [_thread_blocked, id=13234, stack(0x00007f82f03e4000,0x00007f82f04e4000)]
  0x00007f83040c0800 JavaThread "Signal Dispatcher" daemon [_thread_blocked, id=13233, stack(0x00007f82f04e4000,0x00007f82f05e5000)]
  0x00007f830408d800 JavaThread "Finalizer" daemon [_thread_blocked, id=13232, stack(0x00007f82f09f4000,0x00007f82f0af5000)]
  0x00007f830408b000 JavaThread "Reference Handler" daemon [_thread_blocked, id=13231, stack(0x00007f82f0af5000,0x00007f82f0bf6000)]
=>0x00007f830400b000 JavaThread "main" [_thread_in_vm, id=13221, stack(0x00007f830bb13000,0x00007f830bc13000)]

Other Threads:
  0x00007f8304081000 VMThread [stack: 0x00007f82f0bf7000,0x00007f82f0cf7000] [id=13230]
  0x00007f83040ce800 WatcherThread [stack: 0x00007f82c417f000,0x00007f82c427f000] [id=13239]

VM state:not at safepoint (normal execution)

VM Mutex/Monitor currently owned by a thread:  ([mutex/lock_event])
[0x00007f83040074c0] ExpandHeap_lock - owner thread: 0x00007f830400b000
[0x00007f8304008040] Heap_lock - owner thread: 0x00007f830400b000

Heap:
 PSYoungGen      total 74752K, used 2580K [0x000000076d000000, 0x0000000772300000, 0x00000007c0000000)
  eden space 64512K, 4% used [0x000000076d000000,0x000000076d285208,0x0000000770f00000)
  from space 10240K, 0% used [0x0000000771900000,0x0000000771900000,0x0000000772300000)
  to   space 10240K, 0% used [0x0000000770f00000,0x0000000770f00000,0x0000000771900000)
 ParOldGen       total 171008K, used 0K [0x00000006c7000000, 0x00000006d1700000, 0x000000076d000000)
  object space 171008K, 0% used [0x00000006c7000000,0x00000006c7000000,0x00000006d1700000)
 Metaspace       used 3413K, capacity 4600K, committed 4864K, reserved 1056768K
  class space    used 379K, capacity 424K, committed 512K, reserved 1048576K

Card table byte_map: [0x00007f82f4837000,0x00007f82f5000000] byte_map_base: 0x00007f82f11ff000

Marking Bits: (ParMarkBitMap*) 0x00007f830adaf340
 Begin Bits: [0x00007f82c4380000, 0x00007f82c81c0000)
 End Bits:   [0x00007f82c81c0000, 0x00007f82cc000000)

Polling page: 0x00007f830bc30000

CodeCache: size=245760Kb used=1182Kb max_used=1182Kb free=244577Kb
 bounds [0x00007f82f5000000, 0x00007f82f5270000, 0x00007f8304000000]
 total_blobs=312 nmethods=69 adapters=158
 compilation: enabled

Compilation events (10 events):
Event: 3,209 Thread 0x00007f83040c9000   63       3       pakohuone.sovelluslogiikka.Avain::<init> (35 bytes)
Event: 3,209 Thread 0x00007f83040c9000 nmethod 63 0x00007f82f5126390 code [0x00007f82f5126500, 0x00007f82f51267f0]
Event: 3,209 Thread 0x00007f83040c9000   64       3       java.util.concurrent.ConcurrentHashMap::setTabAt (19 bytes)
Event: 3,210 Thread 0x00007f83040c9000 nmethod 64 0x00007f82f5126950 code [0x00007f82f5126aa0, 0x00007f82f5126c10]
Event: 3,211 Thread 0x00007f83040c9000   66       3       java.util.Arrays::copyOf (19 bytes)
Event: 3,212 Thread 0x00007f83040c9000 nmethod 66 0x00007f82f5126c90 code [0x00007f82f5126e20, 0x00007f82f5127148]
Event: 3,212 Thread 0x00007f83040c9000   67       1       java.net.URL::getFile (5 bytes)
Event: 3,212 Thread 0x00007f83040c9000 nmethod 67 0x00007f82f5127250 code [0x00007f82f51273a0, 0x00007f82f51274b0]
Event: 4,903 Thread 0x00007f83040c9000   69       1       java.nio.Buffer::position (5 bytes)
Event: 4,903 Thread 0x00007f83040c9000 nmethod 69 0x00007f82f5127890 code [0x00007f82f51279e0, 0x00007f82f5127af0]

GC Heap History (0 events):
No events

Deoptimization events (0 events):
No events

Classes redefined (0 events):
No events

Internal exceptions (10 events):
Event: 0,021 Thread 0x00007f830400b000 Exception <a 'java/lang/NoSuchMethodError': Method sun.misc.Unsafe.prefetchRead(Ljava/lang/Object;J)V name or signature does not match> (0x000000076d007f98) thrown at [/build/openjdk-8-5w_p1G/openjdk-8-8u191-b12/src/hotspot/src/share/vm/prims/jni.cpp, lin
Event: 0,056 Thread 0x00007f830400b000 Exception <a 'java/util/zip/ZipException'> (0x000000076d06b338) thrown at [/build/openjdk-8-5w_p1G/openjdk-8-8u191-b12/src/hotspot/src/share/vm/prims/jni.cpp, line 709]
Event: 0,056 Thread 0x00007f830400b000 Exception <a 'java/security/PrivilegedActionException'> (0x000000076d06b5d8) thrown at [/build/openjdk-8-5w_p1G/openjdk-8-8u191-b12/src/hotspot/src/share/vm/prims/jvm.cpp, line 1429]
Event: 0,056 Thread 0x00007f830400b000 Exception <a 'java/security/PrivilegedActionException'> (0x000000076d06b7e8) thrown at [/build/openjdk-8-5w_p1G/openjdk-8-8u191-b12/src/hotspot/src/share/vm/prims/jvm.cpp, line 1429]
Event: 0,074 Thread 0x00007f830400b000 Exception <a 'java/security/PrivilegedActionException'> (0x000000076d0ad420) thrown at [/build/openjdk-8-5w_p1G/openjdk-8-8u191-b12/src/hotspot/src/share/vm/prims/jvm.cpp, line 1429]
Event: 0,074 Thread 0x00007f830400b000 Exception <a 'java/security/PrivilegedActionException'> (0x000000076d0ad818) thrown at [/build/openjdk-8-5w_p1G/openjdk-8-8u191-b12/src/hotspot/src/share/vm/prims/jvm.cpp, line 1429]
Event: 0,074 Thread 0x00007f830400b000 Exception <a 'java/security/PrivilegedActionException'> (0x000000076d0afa88) thrown at [/build/openjdk-8-5w_p1G/openjdk-8-8u191-b12/src/hotspot/src/share/vm/prims/jvm.cpp, line 1429]
Event: 0,074 Thread 0x00007f830400b000 Exception <a 'java/security/PrivilegedActionException'> (0x000000076d0afe80) thrown at [/build/openjdk-8-5w_p1G/openjdk-8-8u191-b12/src/hotspot/src/share/vm/prims/jvm.cpp, line 1429]
Event: 0,074 Thread 0x00007f830400b000 Exception <a 'java/security/PrivilegedActionException'> (0x000000076d0b0b40) thrown at [/build/openjdk-8-5w_p1G/openjdk-8-8u191-b12/src/hotspot/src/share/vm/prims/jvm.cpp, line 1429]
Event: 0,074 Thread 0x00007f830400b000 Exception <a 'java/security/PrivilegedActionException'> (0x000000076d0b0f38) thrown at [/build/openjdk-8-5w_p1G/openjdk-8-8u191-b12/src/hotspot/src/share/vm/prims/jvm.cpp, line 1429]

Events (10 events):
Event: 3,207 loading class pakohuone/sovelluslogiikka/Huone
Event: 3,207 loading class pakohuone/sovelluslogiikka/Huone done
Event: 3,209 loading class pakohuone/algoritmit/ReittienEtsija
Event: 3,209 loading class pakohuone/algoritmit/ReittienEtsija done
Event: 3,211 loading class pakohuone/tyokalut/Syvyyshaku
Event: 3,211 loading class pakohuone/tyokalut/Syvyyshaku done
Event: 3,212 loading class pakohuone/tyokalut/Kirjainpino
Event: 3,212 loading class pakohuone/tyokalut/Kirjainpino done
Event: 4,052 Executing VM operation: EnableBiasedLocking
Event: 4,052 Executing VM operation: EnableBiasedLocking done


Dynamic libraries:
6c7000000-6d1700000 rw-p 00000000 00:00 0 
76d000000-772300000 rw-p 00000000 00:00 0 
772300000-7c0000000 ---p 00000000 00:00 0 
7c0000000-7c0080000 rw-p 00000000 00:00 0 
7c0080000-800000000 ---p 00000000 00:00 0 
563bfc4c9000-563bfc4ca000 r-xp 00000000 103:02 13373011                  /usr/lib/jvm/java-8-openjdk-amd64/jre/bin/java
563bfc6c9000-563bfc6ca000 r--p 00000000 103:02 13373011                  /usr/lib/jvm/java-8-openjdk-amd64/jre/bin/java
563bfc6ca000-563bfc6cb000 rw-p 00001000 103:02 13373011                  /usr/lib/jvm/java-8-openjdk-amd64/jre/bin/java
563bfd1e6000-563bfd207000 rw-p 00000000 00:00 0                          [heap]
7f82a0000000-7f82a0021000 rw-p 00000000 00:00 0 
7f82a0021000-7f82a4000000 ---p 00000000 00:00 0 
7f82a4000000-7f82a4021000 rw-p 00000000 00:00 0 
7f82a4021000-7f82a8000000 ---p 00000000 00:00 0 
7f82a8000000-7f82a8021000 rw-p 00000000 00:00 0 
7f82a8021000-7f82ac000000 ---p 00000000 00:00 0 
7f82ac000000-7f82ac031000 rw-p 00000000 00:00 0 
7f82ac031000-7f82b0000000 ---p 00000000 00:00 0 
7f82b0000000-7f82b0066000 rw-p 00000000 00:00 0 
7f82b0066000-7f82b4000000 ---p 00000000 00:00 0 
7f82b4000000-7f82b406e000 rw-p 00000000 00:00 0 
7f82b406e000-7f82b8000000 ---p 00000000 00:00 0 
7f82b8000000-7f82b8021000 rw-p 00000000 00:00 0 
7f82b8021000-7f82bc000000 ---p 00000000 00:00 0 
7f82bc000000-7f82bc021000 rw-p 00000000 00:00 0 
7f82bc021000-7f82c0000000 ---p 00000000 00:00 0 
7f82c0000000-7f82c0021000 rw-p 00000000 00:00 0 
7f82c0021000-7f82c4000000 ---p 00000000 00:00 0 
7f82c417e000-7f82c417f000 ---p 00000000 00:00 0 
7f82c417f000-7f82c427f000 rw-p 00000000 00:00 0 
7f82c427f000-7f82c4282000 ---p 00000000 00:00 0 
7f82c4282000-7f82cc000000 rw-p 00000000 00:00 0 
7f82cc000000-7f82cc021000 rw-p 00000000 00:00 0 
7f82cc021000-7f82d0000000 ---p 00000000 00:00 0 
7f82d0000000-7f82d0021000 rw-p 00000000 00:00 0 
7f82d0021000-7f82d4000000 ---p 00000000 00:00 0 
7f82d4000000-7f82d4021000 rw-p 00000000 00:00 0 
7f82d4021000-7f82d8000000 ---p 00000000 00:00 0 
7f82d8000000-7f82d8021000 rw-p 00000000 00:00 0 
7f82d8021000-7f82dc000000 ---p 00000000 00:00 0 
7f82dc000000-7f82dc021000 rw-p 00000000 00:00 0 
7f82dc021000-7f82e0000000 ---p 00000000 00:00 0 
7f82e0000000-7f82e0021000 rw-p 00000000 00:00 0 
7f82e0021000-7f82e4000000 ---p 00000000 00:00 0 
7f82e4000000-7f82e4021000 rw-p 00000000 00:00 0 
7f82e4021000-7f82e8000000 ---p 00000000 00:00 0 
7f82e8000000-7f82e8021000 rw-p 00000000 00:00 0 
7f82e8021000-7f82ec000000 ---p 00000000 00:00 0 
7f82ec000000-7f82ec021000 rw-p 00000000 00:00 0 
7f82ec021000-7f82f0000000 ---p 00000000 00:00 0 
7f82f002e000-7f82f0049000 r--s 00394000 103:02 14162901                  /usr/lib/jvm/java-8-openjdk-amd64/jre/lib/ext/cldrdata.jar
7f82f0049000-7f82f00e0000 r--s 007cb000 103:02 13507077                  /usr/share/java/openjfx/jre/lib/ext/jfxrt.jar
7f82f00e0000-7f82f00e1000 ---p 00000000 00:00 0 
7f82f00e1000-7f82f00e4000 ---p 00000000 00:00 0 
7f82f00e4000-7f82f01e1000 rw-p 00000000 00:00 0 
7f82f01e1000-7f82f01e2000 ---p 00000000 00:00 0 
7f82f01e2000-7f82f01e5000 ---p 00000000 00:00 0 
7f82f01e5000-7f82f02e2000 rw-p 00000000 00:00 0 
7f82f02e2000-7f82f02e3000 ---p 00000000 00:00 0 
7f82f02e3000-7f82f02e6000 ---p 00000000 00:00 0 
7f82f02e6000-7f82f03e3000 rw-p 00000000 00:00 0 
7f82f03e3000-7f82f03e4000 ---p 00000000 00:00 0 
7f82f03e4000-7f82f03e7000 ---p 00000000 00:00 0 
7f82f03e7000-7f82f04e4000 rw-p 00000000 00:00 0 
7f82f04e4000-7f82f04e7000 ---p 00000000 00:00 0 
7f82f04e7000-7f82f05e5000 rw-p 00000000 00:00 0 
7f82f05e5000-7f82f09f4000 r--p 00000000 103:02 12851278                  /usr/lib/locale/locale-archive
7f82f09f4000-7f82f09f7000 ---p 00000000 00:00 0 
7f82f09f7000-7f82f0af5000 rw-p 00000000 00:00 0 
7f82f0af5000-7f82f0af8000 ---p 00000000 00:00 0 
7f82f0af8000-7f82f0bf6000 rw-p 00000000 00:00 0 
7f82f0bf6000-7f82f0bf7000 ---p 00000000 00:00 0 
7f82f0bf7000-7f82f2968000 rw-p 00000000 00:00 0 
7f82f2968000-7f82f2b37000 r--s 03c33000 103:02 13513610                  /usr/lib/jvm/java-8-openjdk-amd64/jre/lib/rt.jar
7f82f2b37000-7f82f2f77000 rw-p 00000000 00:00 0 
7f82f2f77000-7f82f3337000 ---p 00000000 00:00 0 
7f82f3337000-7f82f3aff000 rw-p 00000000 00:00 0 
7f82f3aff000-7f82f3b00000 ---p 00000000 00:00 0 
7f82f3b00000-7f82f3c00000 rw-p 00000000 00:00 0 
7f82f3c00000-7f82f3c01000 ---p 00000000 00:00 0 
7f82f3c01000-7f82f3d01000 rw-p 00000000 00:00 0 
7f82f3d01000-7f82f3d02000 ---p 00000000 00:00 0 
7f82f3d02000-7f82f3e02000 rw-p 00000000 00:00 0 
7f82f3e02000-7f82f3e03000 ---p 00000000 00:00 0 
7f82f3e03000-7f82f3f03000 rw-p 00000000 00:00 0 
7f82f3f03000-7f82f3f04000 ---p 00000000 00:00 0 
7f82f3f04000-7f82f4004000 rw-p 00000000 00:00 0 
7f82f4004000-7f82f4005000 ---p 00000000 00:00 0 
7f82f4005000-7f82f4105000 rw-p 00000000 00:00 0 
7f82f4105000-7f82f4106000 ---p 00000000 00:00 0 
7f82f4106000-7f82f4206000 rw-p 00000000 00:00 0 
7f82f4206000-7f82f4207000 ---p 00000000 00:00 0 
7f82f4207000-7f82f435b000 rw-p 00000000 00:00 0 
7f82f435b000-7f82f4837000 ---p 00000000 00:00 0 
7f82f4837000-7f82f488b000 rw-p 00000000 00:00 0 
7f82f488b000-7f82f4d67000 ---p 00000000 00:00 0 
7f82f4d67000-7f82f4d91000 rw-p 00000000 00:00 0 
7f82f4d91000-7f82f4fff000 ---p 00000000 00:00 0 
7f82f4fff000-7f82f5000000 rw-p 00000000 00:00 0 
7f82f5000000-7f82f5270000 rwxp 00000000 00:00 0 
7f82f5270000-7f8304000000 ---p 00000000 00:00 0 
7f8304000000-7f8304199000 rw-p 00000000 00:00 0 
7f8304199000-7f8308000000 ---p 00000000 00:00 0 
7f8308000000-7f830801b000 r--s 001d6000 103:02 14163305                  /usr/lib/jvm/java-8-openjdk-amd64/jre/lib/ext/nashorn.jar
7f830801b000-7f83080bc000 rw-p 00000000 00:00 0 
7f83080bc000-7f8308472000 ---p 00000000 00:00 0 
7f8308472000-7f830847a000 r-xp 00000000 103:02 13636124                  /usr/lib/jvm/java-8-openjdk-amd64/jre/lib/amd64/libzip.so
7f830847a000-7f8308679000 ---p 00008000 103:02 13636124                  /usr/lib/jvm/java-8-openjdk-amd64/jre/lib/amd64/libzip.so
7f8308679000-7f830867a000 r--p 00007000 103:02 13636124                  /usr/lib/jvm/java-8-openjdk-amd64/jre/lib/amd64/libzip.so
7f830867a000-7f830867b000 rw-p 00008000 103:02 13636124                  /usr/lib/jvm/java-8-openjdk-amd64/jre/lib/amd64/libzip.so
7f830867b000-7f8308686000 r-xp 00000000 103:02 22287000                  /lib/x86_64-linux-gnu/libnss_files-2.27.so
7f8308686000-7f8308885000 ---p 0000b000 103:02 22287000                  /lib/x86_64-linux-gnu/libnss_files-2.27.so
7f8308885000-7f8308886000 r--p 0000a000 103:02 22287000                  /lib/x86_64-linux-gnu/libnss_files-2.27.so
7f8308886000-7f8308887000 rw-p 0000b000 103:02 22287000                  /lib/x86_64-linux-gnu/libnss_files-2.27.so
7f8308887000-7f830888d000 rw-p 00000000 00:00 0 
7f830888d000-7f83088a4000 r-xp 00000000 103:02 22286994                  /lib/x86_64-linux-gnu/libnsl-2.27.so
7f83088a4000-7f8308aa3000 ---p 00017000 103:02 22286994                  /lib/x86_64-linux-gnu/libnsl-2.27.so
7f8308aa3000-7f8308aa4000 r--p 00016000 103:02 22286994                  /lib/x86_64-linux-gnu/libnsl-2.27.so
7f8308aa4000-7f8308aa5000 rw-p 00017000 103:02 22286994                  /lib/x86_64-linux-gnu/libnsl-2.27.so
7f8308aa5000-7f8308aa7000 rw-p 00000000 00:00 0 
7f8308aa7000-7f8308ab2000 r-xp 00000000 103:02 22287011                  /lib/x86_64-linux-gnu/libnss_nis-2.27.so
7f8308ab2000-7f8308cb1000 ---p 0000b000 103:02 22287011                  /lib/x86_64-linux-gnu/libnss_nis-2.27.so
7f8308cb1000-7f8308cb2000 r--p 0000a000 103:02 22287011                  /lib/x86_64-linux-gnu/libnss_nis-2.27.so
7f8308cb2000-7f8308cb3000 rw-p 0000b000 103:02 22287011                  /lib/x86_64-linux-gnu/libnss_nis-2.27.so
7f8308cb3000-7f8308cbb000 r-xp 00000000 103:02 22286996                  /lib/x86_64-linux-gnu/libnss_compat-2.27.so
7f8308cbb000-7f8308ebb000 ---p 00008000 103:02 22286996                  /lib/x86_64-linux-gnu/libnss_compat-2.27.so
7f8308ebb000-7f8308ebc000 r--p 00008000 103:02 22286996                  /lib/x86_64-linux-gnu/libnss_compat-2.27.so
7f8308ebc000-7f8308ebd000 rw-p 00009000 103:02 22286996                  /lib/x86_64-linux-gnu/libnss_compat-2.27.so
7f8308ebd000-7f8308eeb000 r-xp 00000000 103:02 13636105                  /usr/lib/jvm/java-8-openjdk-amd64/jre/lib/amd64/libjava.so
7f8308eeb000-7f83090ea000 ---p 0002e000 103:02 13636105                  /usr/lib/jvm/java-8-openjdk-amd64/jre/lib/amd64/libjava.so
7f83090ea000-7f83090eb000 r--p 0002d000 103:02 13636105                  /usr/lib/jvm/java-8-openjdk-amd64/jre/lib/amd64/libjava.so
7f83090eb000-7f83090ed000 rw-p 0002e000 103:02 13636105                  /usr/lib/jvm/java-8-openjdk-amd64/jre/lib/amd64/libjava.so
7f83090ed000-7f83090fd000 r-xp 00000000 103:02 13636123                  /usr/lib/jvm/java-8-openjdk-amd64/jre/lib/amd64/libverify.so
7f83090fd000-7f83092fc000 ---p 00010000 103:02 13636123                  /usr/lib/jvm/java-8-openjdk-amd64/jre/lib/amd64/libverify.so
7f83092fc000-7f83092fe000 r--p 0000f000 103:02 13636123                  /usr/lib/jvm/java-8-openjdk-amd64/jre/lib/amd64/libverify.so
7f83092fe000-7f83092ff000 rw-p 00011000 103:02 13636123                  /usr/lib/jvm/java-8-openjdk-amd64/jre/lib/amd64/libverify.so
7f83092ff000-7f8309306000 r-xp 00000000 103:02 22287051                  /lib/x86_64-linux-gnu/librt-2.27.so
7f8309306000-7f8309505000 ---p 00007000 103:02 22287051                  /lib/x86_64-linux-gnu/librt-2.27.so
7f8309505000-7f8309506000 r--p 00006000 103:02 22287051                  /lib/x86_64-linux-gnu/librt-2.27.so
7f8309506000-7f8309507000 rw-p 00007000 103:02 22287051                  /lib/x86_64-linux-gnu/librt-2.27.so
7f8309507000-7f830951e000 r-xp 00000000 103:02 22282256                  /lib/x86_64-linux-gnu/libgcc_s.so.1
7f830951e000-7f830971d000 ---p 00017000 103:02 22282256                  /lib/x86_64-linux-gnu/libgcc_s.so.1
7f830971d000-7f830971e000 r--p 00016000 103:02 22282256                  /lib/x86_64-linux-gnu/libgcc_s.so.1
7f830971e000-7f830971f000 rw-p 00017000 103:02 22282256                  /lib/x86_64-linux-gnu/libgcc_s.so.1
7f830971f000-7f83098bc000 r-xp 00000000 103:02 22286973                  /lib/x86_64-linux-gnu/libm-2.27.so
7f83098bc000-7f8309abb000 ---p 0019d000 103:02 22286973                  /lib/x86_64-linux-gnu/libm-2.27.so
7f8309abb000-7f8309abc000 r--p 0019c000 103:02 22286973                  /lib/x86_64-linux-gnu/libm-2.27.so
7f8309abc000-7f8309abd000 rw-p 0019d000 103:02 22286973                  /lib/x86_64-linux-gnu/libm-2.27.so
7f8309abd000-7f8309c36000 r-xp 00000000 103:02 12849943                  /usr/lib/x86_64-linux-gnu/libstdc++.so.6.0.25
7f8309c36000-7f8309e36000 ---p 00179000 103:02 12849943                  /usr/lib/x86_64-linux-gnu/libstdc++.so.6.0.25
7f8309e36000-7f8309e40000 r--p 00179000 103:02 12849943                  /usr/lib/x86_64-linux-gnu/libstdc++.so.6.0.25
7f8309e40000-7f8309e42000 rw-p 00183000 103:02 12849943                  /usr/lib/x86_64-linux-gnu/libstdc++.so.6.0.25
7f8309e42000-7f8309e46000 rw-p 00000000 00:00 0 
7f8309e46000-7f830aae0000 r-xp 00000000 103:02 13897168                  /usr/lib/jvm/java-8-openjdk-amd64/jre/lib/amd64/server/libjvm.so
7f830aae0000-7f830acdf000 ---p 00c9a000 103:02 13897168                  /usr/lib/jvm/java-8-openjdk-amd64/jre/lib/amd64/server/libjvm.so
7f830acdf000-7f830ad73000 r--p 00c99000 103:02 13897168                  /usr/lib/jvm/java-8-openjdk-amd64/jre/lib/amd64/server/libjvm.so
7f830ad73000-7f830ad9c000 rw-p 00d2d000 103:02 13897168                  /usr/lib/jvm/java-8-openjdk-amd64/jre/lib/amd64/server/libjvm.so
7f830ad9c000-7f830adcc000 rw-p 00000000 00:00 0 
7f830adcc000-7f830ade6000 r-xp 00000000 103:02 22287043                  /lib/x86_64-linux-gnu/libpthread-2.27.so
7f830ade6000-7f830afe5000 ---p 0001a000 103:02 22287043                  /lib/x86_64-linux-gnu/libpthread-2.27.so
7f830afe5000-7f830afe6000 r--p 00019000 103:02 22287043                  /lib/x86_64-linux-gnu/libpthread-2.27.so
7f830afe6000-7f830afe7000 rw-p 0001a000 103:02 22287043                  /lib/x86_64-linux-gnu/libpthread-2.27.so
7f830afe7000-7f830afeb000 rw-p 00000000 00:00 0 
7f830afeb000-7f830afee000 r-xp 00000000 103:02 22286933                  /lib/x86_64-linux-gnu/libdl-2.27.so
7f830afee000-7f830b1ed000 ---p 00003000 103:02 22286933                  /lib/x86_64-linux-gnu/libdl-2.27.so
7f830b1ed000-7f830b1ee000 r--p 00002000 103:02 22286933                  /lib/x86_64-linux-gnu/libdl-2.27.so
7f830b1ee000-7f830b1ef000 rw-p 00003000 103:02 22286933                  /lib/x86_64-linux-gnu/libdl-2.27.so
7f830b1ef000-7f830b20b000 r-xp 00000000 103:02 22287084                  /lib/x86_64-linux-gnu/libz.so.1.2.11
7f830b20b000-7f830b40a000 ---p 0001c000 103:02 22287084                  /lib/x86_64-linux-gnu/libz.so.1.2.11
7f830b40a000-7f830b40b000 r--p 0001b000 103:02 22287084                  /lib/x86_64-linux-gnu/libz.so.1.2.11
7f830b40b000-7f830b40c000 rw-p 0001c000 103:02 22287084                  /lib/x86_64-linux-gnu/libz.so.1.2.11
7f830b40c000-7f830b5f3000 r-xp 00000000 103:02 22286910                  /lib/x86_64-linux-gnu/libc-2.27.so
7f830b5f3000-7f830b7f3000 ---p 001e7000 103:02 22286910                  /lib/x86_64-linux-gnu/libc-2.27.so
7f830b7f3000-7f830b7f7000 r--p 001e7000 103:02 22286910                  /lib/x86_64-linux-gnu/libc-2.27.so
7f830b7f7000-7f830b7f9000 rw-p 001eb000 103:02 22286910                  /lib/x86_64-linux-gnu/libc-2.27.so
7f830b7f9000-7f830b7fd000 rw-p 00000000 00:00 0 
7f830b7fd000-7f830b80b000 r-xp 00000000 103:02 13767036                  /usr/lib/jvm/java-8-openjdk-amd64/jre/lib/amd64/jli/libjli.so
7f830b80b000-7f830ba0a000 ---p 0000e000 103:02 13767036                  /usr/lib/jvm/java-8-openjdk-amd64/jre/lib/amd64/jli/libjli.so
7f830ba0a000-7f830ba0b000 r--p 0000d000 103:02 13767036                  /usr/lib/jvm/java-8-openjdk-amd64/jre/lib/amd64/jli/libjli.so
7f830ba0b000-7f830ba0c000 rw-p 0000e000 103:02 13767036                  /usr/lib/jvm/java-8-openjdk-amd64/jre/lib/amd64/jli/libjli.so
7f830ba0c000-7f830ba33000 r-xp 00000000 103:02 22286882                  /lib/x86_64-linux-gnu/ld-2.27.so
7f830ba35000-7f830ba37000 r--s 00007000 103:02 13371795                  /usr/share/java/java-atk-wrapper.jar
7f830ba37000-7f830ba3d000 r--s 0003b000 103:02 14163307                  /usr/lib/jvm/java-8-openjdk-amd64/jre/lib/ext/sunjce_provider.jar
7f830ba3d000-7f830ba3f000 r--s 00001000 103:02 14162902                  /usr/lib/jvm/java-8-openjdk-amd64/jre/lib/ext/dnsns.jar
7f830ba3f000-7f830ba41000 r--s 00008000 103:02 14163306                  /usr/lib/jvm/java-8-openjdk-amd64/jre/lib/ext/sunec.jar
7f830ba41000-7f830bb12000 rw-p 00000000 00:00 0 
7f830bb12000-7f830bb13000 ---p 00000000 00:00 0 
7f830bb13000-7f830bb16000 ---p 00000000 00:00 0 
7f830bb16000-7f830bc15000 rw-p 00000000 00:00 0 
7f830bc15000-7f830bc16000 r--s 00010000 103:02 14163309                  /usr/lib/jvm/java-8-openjdk-amd64/jre/lib/ext/zipfs.jar
7f830bc16000-7f830bc19000 r--s 00038000 103:02 14163308                  /usr/lib/jvm/java-8-openjdk-amd64/jre/lib/ext/sunpkcs11.jar
7f830bc19000-7f830bc23000 r--s 00116000 103:02 14163304                  /usr/lib/jvm/java-8-openjdk-amd64/jre/lib/ext/localedata.jar
7f830bc23000-7f830bc26000 r--s 0000f000 103:02 14163301                  /usr/lib/jvm/java-8-openjdk-amd64/jre/lib/ext/icedtea-sound.jar
7f830bc26000-7f830bc27000 r--s 0000a000 103:02 14163303                  /usr/lib/jvm/java-8-openjdk-amd64/jre/lib/ext/jaccess.jar
7f830bc27000-7f830bc2f000 rw-s 00000000 103:02 4195438                   /tmp/hsperfdata_rasmus/13217
7f830bc2f000-7f830bc30000 rw-p 00000000 00:00 0 
7f830bc30000-7f830bc31000 r--p 00000000 00:00 0 
7f830bc31000-7f830bc33000 rw-p 00000000 00:00 0 
7f830bc33000-7f830bc34000 r--p 00027000 103:02 22286882                  /lib/x86_64-linux-gnu/ld-2.27.so
7f830bc34000-7f830bc35000 rw-p 00028000 103:02 22286882                  /lib/x86_64-linux-gnu/ld-2.27.so
7f830bc35000-7f830bc36000 rw-p 00000000 00:00 0 
7ffe623d9000-7ffe623fa000 rw-p 00000000 00:00 0                          [stack]
7ffe623fb000-7ffe623fe000 r--p 00000000 00:00 0                          [vvar]
7ffe623fe000-7ffe62400000 r-xp 00000000 00:00 0                          [vdso]
ffffffffff600000-ffffffffff601000 r-xp 00000000 00:00 0                  [vsyscall]

VM Arguments:
java_command: pakohuone.Main.Main
java_class_path (initial): /home/rasmus/Documents/tiralabra/Pakohuone/Pakohuone/target/classes
Launcher Type: SUN_STANDARD

Environment Variables:
JAVA_HOME=/usr/lib/jvm/java-8-openjdk-amd64
PATH=/usr/local/sbin:/usr/local/bin:/usr/sbin:/usr/bin:/sbin:/bin:/usr/games:/usr/local/games:/snap/bin
LD_LIBRARY_PATH=/usr/lib/jvm/java-8-openjdk-amd64/bin/../jre/lib/amd64:/usr/lib/jvm/java-8-openjdk-amd64/bin/../jre/lib/i386:
SHELL=/bin/bash
DISPLAY=:0

Signal Handlers:
SIGSEGV: [libjvm.so+0xab2ea0], sa_mask[0]=11111111011111111101111111111110, sa_flags=SA_RESTART|SA_SIGINFO
SIGBUS: [libjvm.so+0xab2ea0], sa_mask[0]=11111111011111111101111111111110, sa_flags=SA_RESTART|SA_SIGINFO
SIGFPE: [libjvm.so+0x8e87b0], sa_mask[0]=11111111011111111101111111111110, sa_flags=SA_RESTART|SA_SIGINFO
SIGPIPE: [libjvm.so+0x8e87b0], sa_mask[0]=11111111011111111101111111111110, sa_flags=SA_RESTART|SA_SIGINFO
SIGXFSZ: [libjvm.so+0x8e87b0], sa_mask[0]=11111111011111111101111111111110, sa_flags=SA_RESTART|SA_SIGINFO
SIGILL: [libjvm.so+0x8e87b0], sa_mask[0]=11111111011111111101111111111110, sa_flags=SA_RESTART|SA_SIGINFO
SIGUSR1: SIG_DFL, sa_mask[0]=00000000000000000000000000000000, sa_flags=none
SIGUSR2: [libjvm.so+0x8e8660], sa_mask[0]=00100000000000000000000000000000, sa_flags=SA_RESTART|SA_SIGINFO
SIGHUP: [libjvm.so+0x8e8cd0], sa_mask[0]=11111111011111111101111111111110, sa_flags=SA_RESTART|SA_SIGINFO
SIGINT: SIG_IGN, sa_mask[0]=00000000000000000000000000000000, sa_flags=none
SIGTERM: [libjvm.so+0x8e8cd0], sa_mask[0]=11111111011111111101111111111110, sa_flags=SA_RESTART|SA_SIGINFO
SIGQUIT: [libjvm.so+0x8e8cd0], sa_mask[0]=11111111011111111101111111111110, sa_flags=SA_RESTART|SA_SIGINFO


---------------  S Y S T E M  ---------------

OS:DISTRIB_ID=LinuxMint
DISTRIB_RELEASE=19
DISTRIB_CODENAME=tara
DISTRIB_DESCRIPTION="Linux Mint 19 Tara"

uname:Linux 4.15.0-20-generic #21-Ubuntu SMP Tue Apr 24 06:16:15 UTC 2018 x86_64
libc:glibc 2.27 NPTL 2.27 
rlimit: STACK 8192k, CORE 0k, NPROC 63247, NOFILE 1048576, AS infinity
load average:1,77 1,75 1,53

/proc/meminfo:
MemTotal:       16317172 kB
MemFree:          197772 kB
MemAvailable:     402768 kB
Buffers:           89172 kB
Cached:           661084 kB
SwapCached:        11456 kB
Active:         14162296 kB
Inactive:        1533000 kB
Active(anon):   13975388 kB
Inactive(anon):  1352704 kB
Active(file):     186908 kB
Inactive(file):   180296 kB
Unevictable:          48 kB
Mlocked:              48 kB
SwapTotal:       2097148 kB
SwapFree:         840992 kB
Dirty:               664 kB
Writeback:             0 kB
AnonPages:      14936008 kB
Mapped:           487776 kB
Shmem:            383048 kB
Slab:             248044 kB
SReclaimable:     179028 kB
SUnreclaim:        69016 kB
KernelStack:       15024 kB
PageTables:        78636 kB
NFS_Unstable:          0 kB
Bounce:                0 kB
WritebackTmp:          0 kB
CommitLimit:    10255732 kB
Committed_AS:   17995308 kB
VmallocTotal:   34359738367 kB
VmallocUsed:           0 kB
VmallocChunk:          0 kB
HardwareCorrupted:     0 kB
AnonHugePages:         0 kB
ShmemHugePages:        0 kB
ShmemPmdMapped:        0 kB
CmaTotal:              0 kB
CmaFree:               0 kB
HugePages_Total:       0
HugePages_Free:        0
HugePages_Rsvd:        0
HugePages_Surp:        0
Hugepagesize:       2048 kB
DirectMap4k:      394188 kB
DirectMap2M:    15226880 kB
DirectMap1G:     1048576 kB

container (cgroup) information:
container_type: cgroupv1
cpu_cpuset_cpus: 0-7
cpu_memory_nodes: 0
active_processor_count: 8
cpu_quota: -1
cpu_period: 100000
cpu_shares: -1
memory_limit_in_bytes: -1
memory_and_swap_limit_in_bytes: -2
memory_soft_limit_in_bytes: -1
memory_usage_in_bytes: 16064741376
memory_max_usage_in_bytes: 154038272


CPU:total 8 (initial active 8) (4 cores per cpu, 2 threads per core) family 6 model 142 stepping 10, cmov, cx8, fxsr, mmx, sse, sse2, sse3, ssse3, sse4.1, sse4.2, popcnt, avx, avx2, aes, clmul, erms, 3dnowpref, lzcnt, ht, tsc, tscinvbit, bmi1, bmi2, adx

/proc/cpuinfo:
processor	: 0
vendor_id	: GenuineIntel
cpu family	: 6
model		: 142
model name	: Intel(R) Core(TM) i5-8250U CPU @ 1.60GHz
stepping	: 10
microcode	: 0x96
cpu MHz		: 1700.012
cache size	: 6144 KB
physical id	: 0
siblings	: 8
core id		: 0
cpu cores	: 4
apicid		: 0
initial apicid	: 0
fpu		: yes
fpu_exception	: yes
cpuid level	: 22
wp		: yes
flags		: fpu vme de pse tsc msr pae mce cx8 apic sep mtrr pge mca cmov pat pse36 clflush dts acpi mmx fxsr sse sse2 ss ht tm pbe syscall nx pdpe1gb rdtscp lm constant_tsc art arch_perfmon pebs bts rep_good nopl xtopology nonstop_tsc cpuid aperfmperf tsc_known_freq pni pclmulqdq dtes64 monitor ds_cpl vmx est tm2 ssse3 sdbg fma cx16 xtpr pdcm pcid sse4_1 sse4_2 x2apic movbe popcnt tsc_deadline_timer aes xsave avx f16c rdrand lahf_lm abm 3dnowprefetch cpuid_fault epb invpcid_single pti tpr_shadow vnmi flexpriority ept vpid fsgsbase tsc_adjust bmi1 avx2 smep bmi2 erms invpcid mpx rdseed adx smap clflushopt intel_pt xsaveopt xsavec xgetbv1 xsaves ibpb ibrs stibp dtherm ida arat pln pts hwp hwp_notify hwp_act_window hwp_epp
bugs		: cpu_meltdown spectre_v1 spectre_v2
bogomips	: 3600.00
clflush size	: 64
cache_alignment	: 64
address sizes	: 39 bits physical, 48 bits virtual
power management:

processor	: 1
vendor_id	: GenuineIntel
cpu family	: 6
model		: 142
model name	: Intel(R) Core(TM) i5-8250U CPU @ 1.60GHz
stepping	: 10
microcode	: 0x96
cpu MHz		: 1700.168
cache size	: 6144 KB
physical id	: 0
siblings	: 8
core id		: 1
cpu cores	: 76
apicid		: 2
initial apicid	: 2
fpu		: yes
fpu_exception	: yes
cpuid level	: 22
wp		: yes
flags		: fpu vme de pse tsc msr pae mce cx8 apic sep mtrr pge mca cmov pat pse36 clflush dts acpi mmx fxsr sse sse2 ss ht tm pbe syscall nx pdpe1gb rdtscp lm constant_tsc art arch_perfmon pebs bts rep_good nopl xtopology nonstop_tsc cpuid aperfmperf tsc_known_freq pni pclmulqdq dtes64 monitor ds_cpl vmx est tm2 ssse3 sdbg fma cx16 xtpr pdcm pcid sse4_1 sse4_2 x2apic movbe popcnt tsc_deadline_timer aes xsave avx f16c rdrand lahf_lm abm 3dnowprefetch cpuid_fault epb invpcid_single pti tpr_shadow vnmi flexpriority ept vpid fsgsbase tsc_adjust bmi1 avx2 smep bmi2 erms invpcid mpx rdseed adx smap clflushopt intel_pt xsaveopt xsavec xgetbv1 xsaves ibpb ibrs stibp dtherm ida arat pln pts hwp hwp_notify hwp_act_window hwp_epp
bugs		: cpu_meltdown spectre_v1 spectre_v2
bogomips	: 3600.00
clflush size	: 64
cache_alignment	: 64
address sizes	: 39 bits physical, 48 bits virtual
power management:

processor	: 2
vendor_id	: GenuineIntel
cpu family	: 6
model		: 142
model name	: Intel(R) Core(TM) i5-8250U CPU @ 1.60GHz
stepping	: 10
microcode	: 0x96
cpu MHz		: 1639.772
cache size	: 6144 KB
physical id	: 0
siblings	: 8
core id		: 2
cpu cores	: 76
apicid		: 4
initial apicid	: 4
fpu		: yes
fpu_exception	: yes
cpuid level	: 22
wp		: yes
flags		: fpu vme de pse tsc msr pae mce cx8 apic sep mtrr pge mca cmov pat pse36 clflush dts acpi mmx fxsr sse sse2 ss ht tm pbe syscall nx pdpe1gb rdtscp lm constant_tsc art arch_perfmon pebs bts rep_good nopl xtopology nonstop_tsc cpuid aperfmperf tsc_known_freq pni pclmulqdq dtes64 monitor ds_cpl vmx est tm2 ssse3 sdbg fma cx16 xtpr pdcm pcid sse4_1 sse4_2 x2apic movbe popcnt tsc_deadline_timer aes xsave avx f16c rdrand lahf_lm abm 3dnowprefetch cpuid_fault epb invpcid_single pti tpr_shadow vnmi flexpriority ept vpid fsgsbase tsc_adjust bmi1 avx2 smep bmi2 erms invpcid mpx rdseed adx smap clflushopt intel_pt xsaveopt xsavec xgetbv1 xsaves ibpb ibrs stibp dtherm ida arat pln pts hwp hwp_notify hwp_act_window hwp_epp
bugs		: cpu_meltdown spectre_v1 spectre_v2
bogomips	: 3600.00
clflush size	: 64
cache_alignment	: 64
address sizes	: 39 bits physical, 48 bits virtual
power management:

processor	: 3
vendor_id	: GenuineIntel
cpu family	: 6
model		: 142
model name	: Intel(R) Core(TM) i5-8250U CPU @ 1.60GHz
stepping	: 10
microcode	: 0x96
cpu MHz		: 1445.036
cache size	: 6144 KB
physical id	: 0
siblings	: 8
core id		: 3
cpu cores	: 76
apicid		: 6
initial apicid	: 6
fpu		: yes
fpu_exception	: yes
cpuid level	: 22
wp		: yes
flags		: fpu vme de pse tsc msr pae mce cx8 apic sep mtrr pge mca cmov pat pse36 clflush dts acpi mmx fxsr sse sse2 ss ht tm pbe syscall nx pdpe1gb rdtscp lm constant_tsc art arch_perfmon pebs bts rep_good nopl xtopology nonstop_tsc cpuid aperfmperf tsc_known_freq pni pclmulqdq dtes64 monitor ds_cpl vmx est tm2 ssse3 sdbg fma cx16 xtpr pdcm pcid sse4_1 sse4_2 x2apic movbe popcnt tsc_deadline_timer aes xsave avx f16c rdrand lahf_lm abm 3dnowprefetch cpuid_fault epb invpcid_single pti tpr_shadow vnmi flexpriority ept vpid fsgsbase tsc_adjust bmi1 avx2 smep bmi2 erms invpcid mpx rdseed adx smap clflushopt intel_pt xsaveopt xsavec xgetbv1 xsaves ibpb ibrs stibp dtherm ida arat pln pts hwp hwp_notify hwp_act_window hwp_epp
bugs		: cpu_meltdown spectre_v1 spectre_v2
bogomips	: 3600.00
clflush size	: 64
cache_alignment	: 64
address sizes	: 39 bits physical, 48 bits virtual
power management:

processor	: 4
vendor_id	: GenuineIntel
cpu family	: 6
model		: 142
model name	: Intel(R) Core(TM) i5-8250U CPU @ 1.60GHz
stepping	: 10
microcode	: 0x96
cpu MHz		: 1700.007
cache size	: 6144 KB
physical id	: 0
siblings	: 8
core id		: 0
cpu cores	: 4
apicid		: 1
initial apicid	: 1
fpu		: yes
fpu_exception	: yes
cpuid level	: 22
wp		: yes
flags		: fpu vme de pse tsc msr pae mce cx8 apic sep mtrr pge mca cmov pat pse36 clflush dts acpi mmx fxsr sse sse2 ss ht tm pbe syscall nx pdpe1gb rdtscp lm constant_tsc art arch_perfmon pebs bts rep_good nopl xtopology nonstop_tsc cpuid aperfmperf tsc_known_freq pni pclmulqdq dtes64 monitor ds_cpl vmx est tm2 ssse3 sdbg fma cx16 xtpr pdcm pcid sse4_1 sse4_2 x2apic movbe popcnt tsc_deadline_timer aes xsave avx f16c rdrand lahf_lm abm 3dnowprefetch cpuid_fault epb invpcid_single pti tpr_shadow vnmi flexpriority ept vpid fsgsbase tsc_adjust bmi1 avx2 smep bmi2 erms invpcid mpx rdseed adx smap clflushopt intel_pt xsaveopt xsavec xgetbv1 xsaves ibpb ibrs stibp dtherm ida arat pln pts hwp hwp_notify hwp_act_window hwp_epp
bugs		: cpu_meltdown spectre_v1 spectre_v2
bogomips	: 3600.00
clflush size	: 64
cache_alignment	: 64
address sizes	: 39 bits physical, 48 bits virtual
power management:

processor	: 5
vendor_id	: GenuineIntel
cpu family	: 6
model		: 142
model name	: Intel(R) Core(TM) i5-8250U CPU @ 1.60GHz
stepping	: 10
microcode	: 0x96
cpu MHz		: 1700.106
cache size	: 6144 KB
physical id	: 0
siblings	: 8
core id		: 1
cpu cores	: 2
apicid		: 3
initial apicid	: 3
fpu		: yes
fpu_exception	: yes
cpuid level	: 22
wp		: yes
flags		: fpu vme de pse tsc msr pae mce cx8 apic sep mtrr pge mca cmov pat pse36 clflush dts acpi mmx fxsr sse sse2 ss ht tm pbe syscall nx pdpe1gb rdtscp lm constant_tsc art arch_perfmon pebs bts rep_good nopl xtopology nonstop_tsc cpuid aperfmperf tsc_known_freq pni pclmulqdq dtes64 monitor ds_cpl vmx est tm2 ssse3 sdbg fma cx16 xtpr pdcm pcid sse4_1 sse4_2 x2apic movbe popcnt tsc_deadline_timer aes xsave avx f16c rdrand lahf_lm abm 3dnowprefetch cpuid_fault epb invpcid_single pti tpr_shadow vnmi flexpriority ept vpid fsgsbase tsc_adjust bmi1 avx2 smep bmi2 erms invpcid mpx rdseed adx smap clflushopt intel_pt xsaveopt xsavec xgetbv1 xsaves ibpb ibrs stibp dtherm ida arat pln pts hwp hwp_notify hwp_act_window hwp_epp
bugs		: cpu_meltdown spectre_v1 spectre_v2
bogomips	: 3600.00
clflush size	: 64
cache_alignment	: 64
address sizes	: 39 bits physical, 48 bits virtual
power management:

processor	: 6
vendor_id	: GenuineIntel
cpu family	: 6
model		: 142
model name	: Intel(R) Core(TM) i5-8250U CPU @ 1.60GHz
stepping	: 10
microcode	: 0x96
cpu MHz		: 1700.002
cache size	: 6144 KB
physical id	: 0
siblings	: 8
core id		: 2
cpu cores	: 4
apicid		: 5
initial apicid	: 5
fpu		: yes
fpu_exception	: yes
cpuid level	: 22
wp		: yes
flags		: fpu vme de pse tsc msr pae mce cx8 apic sep mtrr pge mca cmov pat pse36 clflush dts acpi mmx fxsr sse sse2 ss ht tm pbe syscall nx pdpe1gb rdtscp lm constant_tsc art arch_perfmon pebs bts rep_good nopl xtopology nonstop_tsc cpuid aperfmperf tsc_known_freq pni pclmulqdq dtes64 monitor ds_cpl vmx est tm2 ssse3 sdbg fma cx16 xtpr pdcm pcid sse4_1 sse4_2 x2apic movbe popcnt tsc_deadline_timer aes xsave avx f16c rdrand lahf_lm abm 3dnowprefetch cpuid_fault epb invpcid_single pti tpr_shadow vnmi flexpriority ept vpid fsgsbase tsc_adjust bmi1 avx2 smep bmi2 erms invpcid mpx rdseed adx smap clflushopt intel_pt xsaveopt xsavec xgetbv1 xsaves ibpb ibrs stibp dtherm ida arat pln pts hwp hwp_notify hwp_act_window hwp_epp
bugs		: cpu_meltdown spectre_v1 spectre_v2
bogomips	: 3600.00
clflush size	: 64
cache_alignment	: 64
address sizes	: 39 bits physical, 48 bits virtual
power management:

processor	: 7
vendor_id	: GenuineIntel
cpu family	: 6
model		: 142
model name	: Intel(R) Core(TM) i5-8250U CPU @ 1.60GHz
stepping	: 10
microcode	: 0x96
cpu MHz		: 1700.038
cache size	: 6144 KB
physical id	: 0
siblings	: 8
core id		: 3
cpu cores	: 65486
apicid		: 7
initial apicid	: 7
fpu		: yes
fpu_exception	: yes
cpuid level	: 22
wp		: yes
flags		: fpu vme de pse tsc msr pae mce cx8 apic sep mtrr pge mca cmov pat pse36 clflush dts acpi mmx fxsr sse sse2 ss ht tm pbe syscall nx pdpe1gb rdtscp lm constant_tsc art arch_perfmon pebs bts rep_good nopl xtopology nonstop_tsc cpuid aperfmperf tsc_known_freq pni pclmulqdq dtes64 monitor ds_cpl vmx est tm2 ssse3 sdbg fma cx16 xtpr pdcm pcid sse4_1 sse4_2 x2apic movbe popcnt tsc_deadline_timer aes xsave avx f16c rdrand lahf_lm abm 3dnowprefetch cpuid_fault epb invpcid_single pti tpr_shadow vnmi flexpriority ept vpid fsgsbase tsc_adjust bmi1 avx2 smep bmi2 erms invpcid mpx rdseed adx smap clflushopt intel_pt xsaveopt xsavec xgetbv1 xsaves ibpb ibrs stibp dtherm ida arat pln pts hwp hwp_notify hwp_act_window hwp_epp
bugs		: cpu_meltdown spectre_v1 spectre_v2
bogomips	: 3600.00
clflush size	: 64
cache_alignment	: 64
address sizes	: 39 bits physical, 48 bits virtual
power management:



Memory: 4k page, physical 16317172k(197772k free), swap 2097148k(840992k free)

vm_info: OpenJDK 64-Bit Server VM (25.191-b12) for linux-amd64 JRE (1.8.0_191-8u191-b12-2ubuntu0.18.04.1-b12), built on Jan 14 2019 21:02:00 by "buildd" with gcc 7.3.0

time: Tue Mar  3 18:15:14 2020
elapsed time: 6 seconds (0d 0h 0m 6s)

