#
# There is insufficient memory for the Java Runtime Environment to continue.
# Native memory allocation (mmap) failed to map 2609905664 bytes for committing reserved memory.
# Possible reasons:
#   The system is out of physical RAM or swap space
#   In 32 bit mode, the process size limit was hit
# Possible solutions:
#   Reduce memory load on the system
#   Increase physical memory or swap space
#   Check if swap backing store is full
#   Use 64 bit Java on a 64 bit OS
#   Decrease Java heap size (-Xmx/-Xms)
#   Decrease number of Java threads
#   Decrease Java thread stack sizes (-Xss)
#   Set larger code cache with -XX:ReservedCodeCacheSize=
# This output file may be truncated or incomplete.
#
#  Out of Memory Error (os_linux.cpp:2746), pid=13510, tid=0x00007f04f01fa700
#
# JRE version: OpenJDK Runtime Environment (8.0_191-b12) (build 1.8.0_191-8u191-b12-2ubuntu0.18.04.1-b12)
# Java VM: OpenJDK 64-Bit Server VM (25.191-b12 mixed mode linux-amd64 compressed oops)
# Failed to write core dump. Core dumps have been disabled. To enable core dumping, try "ulimit -c unlimited" before starting Java again
#

---------------  T H R E A D  ---------------

Current thread (0x00007f04e800b000):  JavaThread "main" [_thread_in_vm, id=13514, stack(0x00007f04f00fb000,0x00007f04f01fb000)]

Stack: [0x00007f04f00fb000,0x00007f04f01fb000],  sp=0x00007f04f01f9240,  free space=1016k
Native frames: (J=compiled Java code, j=interpreted, Vv=VM code, C=native code)
V  [libjvm.so+0xab2552]
V  [libjvm.so+0x4d9e37]
V  [libjvm.so+0x8ed5e0]
V  [libjvm.so+0x8e470e]
V  [libjvm.so+0x968466]
V  [libjvm.so+0x9570da]
V  [libjvm.so+0x9572cd]
V  [libjvm.so+0x9575c8]
V  [libjvm.so+0x913eab]
V  [libjvm.so+0x63d630]
V  [libjvm.so+0x63370f]
V  [libjvm.so+0x66d86d]
j  pakohuone.algoritmit.ReittienEtsija.etsi()[Ljava/lang/String;+17
j  pakohuone.sovelluslogiikka.Labyrintti.etsiReitit()I+34
j  pakohuone.ui.Kayttoliittyma.reittienEtsinta()V+60
j  pakohuone.ui.Kayttoliittyma.aja()V+65
j  pakohuone.Main.Main.main([Ljava/lang/String;)V+17
v  ~StubRoutines::call_stub
V  [libjvm.so+0x67fd4b]
V  [libjvm.so+0x6a3f57]
V  [libjvm.so+0x6a6913]
C  [libjli.so+0x36d6]
C  [libjli.so+0x77ad]
C  [libpthread.so.0+0x76db]  start_thread+0xdb

Java frames: (J=compiled Java code, j=interpreted, Vv=VM code)
j  pakohuone.algoritmit.ReittienEtsija.etsi()[Ljava/lang/String;+17
j  pakohuone.sovelluslogiikka.Labyrintti.etsiReitit()I+34
j  pakohuone.ui.Kayttoliittyma.reittienEtsinta()V+60
j  pakohuone.ui.Kayttoliittyma.aja()V+65
j  pakohuone.Main.Main.main([Ljava/lang/String;)V+17
v  ~StubRoutines::call_stub

---------------  P R O C E S S  ---------------

Java Threads: ( => current thread )
  0x00007f04e80d4000 JavaThread "Service Thread" daemon [_thread_blocked, id=13531, stack(0x00007f04c85b2000,0x00007f04c86b3000)]
  0x00007f04e80c9000 JavaThread "C1 CompilerThread3" daemon [_thread_blocked, id=13530, stack(0x00007f04c86b4000,0x00007f04c87b4000)]
  0x00007f04e80c7000 JavaThread "C2 CompilerThread2" daemon [_thread_blocked, id=13529, stack(0x00007f04c87b5000,0x00007f04c88b5000)]
  0x00007f04e80c5000 JavaThread "C2 CompilerThread1" daemon [_thread_blocked, id=13528, stack(0x00007f04c88b6000,0x00007f04c89b6000)]
  0x00007f04e80c2000 JavaThread "C2 CompilerThread0" daemon [_thread_blocked, id=13527, stack(0x00007f04c89b7000,0x00007f04c8ab7000)]
  0x00007f04e80c0800 JavaThread "Signal Dispatcher" daemon [_thread_blocked, id=13526, stack(0x00007f04c8ab7000,0x00007f04c8bb8000)]
  0x00007f04e808d800 JavaThread "Finalizer" daemon [_thread_blocked, id=13525, stack(0x00007f04c8fc7000,0x00007f04c90c8000)]
  0x00007f04e808b000 JavaThread "Reference Handler" daemon [_thread_blocked, id=13524, stack(0x00007f04c90c8000,0x00007f04c91c9000)]
=>0x00007f04e800b000 JavaThread "main" [_thread_in_vm, id=13514, stack(0x00007f04f00fb000,0x00007f04f01fb000)]

Other Threads:
  0x00007f04e8081000 VMThread [stack: 0x00007f04c91ca000,0x00007f04c92ca000] [id=13523]
  0x00007f04e80d6800 WatcherThread [stack: 0x00007f04c84b2000,0x00007f04c85b2000] [id=13532]

VM state:not at safepoint (normal execution)

VM Mutex/Monitor currently owned by a thread:  ([mutex/lock_event])
[0x00007f04e80074c0] ExpandHeap_lock - owner thread: 0x00007f04e800b000
[0x00007f04e8008040] Heap_lock - owner thread: 0x00007f04e800b000

Heap:
 PSYoungGen      total 74752K, used 6451K [0x000000076d000000, 0x0000000772300000, 0x00000007c0000000)
  eden space 64512K, 10% used [0x000000076d000000,0x000000076d64ccd8,0x0000000770f00000)
  from space 10240K, 0% used [0x0000000771900000,0x0000000771900000,0x0000000772300000)
  to   space 10240K, 0% used [0x0000000770f00000,0x0000000770f00000,0x0000000771900000)
 ParOldGen       total 171008K, used 0K [0x00000006c7000000, 0x00000006d1700000, 0x000000076d000000)
  object space 171008K, 0% used [0x00000006c7000000,0x00000006c7000000,0x00000006d1700000)
 Metaspace       used 3414K, capacity 4600K, committed 4864K, reserved 1056768K
  class space    used 379K, capacity 424K, committed 512K, reserved 1048576K

Card table byte_map: [0x00007f04d8837000,0x00007f04d9000000] byte_map_base: 0x00007f04d51ff000

Marking Bits: (ParMarkBitMap*) 0x00007f04ef397340
 Begin Bits: [0x00007f04a4380000, 0x00007f04a81c0000)
 End Bits:   [0x00007f04a81c0000, 0x00007f04ac000000)

Polling page: 0x00007f04f0218000

CodeCache: size=245760Kb used=1192Kb max_used=1192Kb free=244567Kb
 bounds [0x00007f04d9000000, 0x00007f04d9270000, 0x00007f04e8000000]
 total_blobs=317 nmethods=74 adapters=158
 compilation: enabled

Compilation events (10 events):
Event: 13,445 Thread 0x00007f04e80c9000   70       1       java.nio.Buffer::position (5 bytes)
Event: 13,446 Thread 0x00007f04e80c9000 nmethod 70 0x00007f04d91286d0 code [0x00007f04d9128820, 0x00007f04d9128930]
Event: 15,549 Thread 0x00007f04e80c9000   71       3       java.lang.StringBuilder::<init> (7 bytes)
Event: 15,550 Thread 0x00007f04e80c9000 nmethod 71 0x00007f04d9128990 code [0x00007f04d9128b00, 0x00007f04d9128db0]
Event: 15,550 Thread 0x00007f04e80c9000   72       3       java.lang.AbstractStringBuilder::append (29 bytes)
Event: 15,550 Thread 0x00007f04e80c9000 nmethod 72 0x00007f04d9128ed0 code [0x00007f04d9129080, 0x00007f04d91295b8]
Event: 15,550 Thread 0x00007f04e80c9000   73       3       java.lang.StringBuilder::append (8 bytes)
Event: 15,551 Thread 0x00007f04e80c9000 nmethod 73 0x00007f04d9129850 code [0x00007f04d9129a00, 0x00007f04d9129f98]
Event: 22,162 Thread 0x00007f04e80c9000   74       1       java.nio.Buffer::limit (5 bytes)
Event: 22,162 Thread 0x00007f04e80c9000 nmethod 74 0x00007f04d912a2d0 code [0x00007f04d912a420, 0x00007f04d912a530]

GC Heap History (0 events):
No events

Deoptimization events (0 events):
No events

Classes redefined (0 events):
No events

Internal exceptions (10 events):
Event: 0,018 Thread 0x00007f04e800b000 Exception <a 'java/lang/NoSuchMethodError': Method sun.misc.Unsafe.prefetchRead(Ljava/lang/Object;J)V name or signature does not match> (0x000000076d007f98) thrown at [/build/openjdk-8-5w_p1G/openjdk-8-8u191-b12/src/hotspot/src/share/vm/prims/jni.cpp, lin
Event: 0,053 Thread 0x00007f04e800b000 Exception <a 'java/util/zip/ZipException'> (0x000000076d06b338) thrown at [/build/openjdk-8-5w_p1G/openjdk-8-8u191-b12/src/hotspot/src/share/vm/prims/jni.cpp, line 709]
Event: 0,053 Thread 0x00007f04e800b000 Exception <a 'java/security/PrivilegedActionException'> (0x000000076d06b5d8) thrown at [/build/openjdk-8-5w_p1G/openjdk-8-8u191-b12/src/hotspot/src/share/vm/prims/jvm.cpp, line 1429]
Event: 0,053 Thread 0x00007f04e800b000 Exception <a 'java/security/PrivilegedActionException'> (0x000000076d06b7e8) thrown at [/build/openjdk-8-5w_p1G/openjdk-8-8u191-b12/src/hotspot/src/share/vm/prims/jvm.cpp, line 1429]
Event: 0,072 Thread 0x00007f04e800b000 Exception <a 'java/security/PrivilegedActionException'> (0x000000076d0ad420) thrown at [/build/openjdk-8-5w_p1G/openjdk-8-8u191-b12/src/hotspot/src/share/vm/prims/jvm.cpp, line 1429]
Event: 0,072 Thread 0x00007f04e800b000 Exception <a 'java/security/PrivilegedActionException'> (0x000000076d0ad818) thrown at [/build/openjdk-8-5w_p1G/openjdk-8-8u191-b12/src/hotspot/src/share/vm/prims/jvm.cpp, line 1429]
Event: 0,073 Thread 0x00007f04e800b000 Exception <a 'java/security/PrivilegedActionException'> (0x000000076d0afa88) thrown at [/build/openjdk-8-5w_p1G/openjdk-8-8u191-b12/src/hotspot/src/share/vm/prims/jvm.cpp, line 1429]
Event: 0,073 Thread 0x00007f04e800b000 Exception <a 'java/security/PrivilegedActionException'> (0x000000076d0afe80) thrown at [/build/openjdk-8-5w_p1G/openjdk-8-8u191-b12/src/hotspot/src/share/vm/prims/jvm.cpp, line 1429]
Event: 0,073 Thread 0x00007f04e800b000 Exception <a 'java/security/PrivilegedActionException'> (0x000000076d0b0b40) thrown at [/build/openjdk-8-5w_p1G/openjdk-8-8u191-b12/src/hotspot/src/share/vm/prims/jvm.cpp, line 1429]
Event: 0,073 Thread 0x00007f04e800b000 Exception <a 'java/security/PrivilegedActionException'> (0x000000076d0b0f38) thrown at [/build/openjdk-8-5w_p1G/openjdk-8-8u191-b12/src/hotspot/src/share/vm/prims/jvm.cpp, line 1429]

Events (10 events):
Event: 10,644 loading class pakohuone/sovelluslogiikka/Ovi
Event: 10,644 loading class pakohuone/sovelluslogiikka/Ovi done
Event: 10,644 loading class pakohuone/sovelluslogiikka/Huone
Event: 10,644 loading class pakohuone/sovelluslogiikka/Huone done
Event: 10,645 loading class pakohuone/algoritmit/ReittienEtsija
Event: 10,645 loading class pakohuone/algoritmit/ReittienEtsija done
Event: 10,646 loading class pakohuone/tyokalut/Syvyyshaku
Event: 10,646 loading class pakohuone/tyokalut/Syvyyshaku done
Event: 10,646 loading class pakohuone/tyokalut/Kirjainpino
Event: 10,646 loading class pakohuone/tyokalut/Kirjainpino done


Dynamic libraries:
6c7000000-6d1700000 rw-p 00000000 00:00 0 
76d000000-772300000 rw-p 00000000 00:00 0 
772300000-7c0000000 ---p 00000000 00:00 0 
7c0000000-7c0080000 rw-p 00000000 00:00 0 
7c0080000-800000000 ---p 00000000 00:00 0 
55d48b3ee000-55d48b3ef000 r-xp 00000000 103:02 13373011                  /usr/lib/jvm/java-8-openjdk-amd64/jre/bin/java
55d48b5ee000-55d48b5ef000 r--p 00000000 103:02 13373011                  /usr/lib/jvm/java-8-openjdk-amd64/jre/bin/java
55d48b5ef000-55d48b5f0000 rw-p 00001000 103:02 13373011                  /usr/lib/jvm/java-8-openjdk-amd64/jre/bin/java
55d48c14d000-55d48c16e000 rw-p 00000000 00:00 0                          [heap]
7f0480000000-7f0480021000 rw-p 00000000 00:00 0 
7f0480021000-7f0484000000 ---p 00000000 00:00 0 
7f0484000000-7f0484021000 rw-p 00000000 00:00 0 
7f0484021000-7f0488000000 ---p 00000000 00:00 0 
7f0488000000-7f048805e000 rw-p 00000000 00:00 0 
7f048805e000-7f048c000000 ---p 00000000 00:00 0 
7f048c000000-7f048c071000 rw-p 00000000 00:00 0 
7f048c071000-7f0490000000 ---p 00000000 00:00 0 
7f0490000000-7f0490036000 rw-p 00000000 00:00 0 
7f0490036000-7f0494000000 ---p 00000000 00:00 0 
7f0494000000-7f0494021000 rw-p 00000000 00:00 0 
7f0494021000-7f0498000000 ---p 00000000 00:00 0 
7f0498000000-7f0498021000 rw-p 00000000 00:00 0 
7f0498021000-7f049c000000 ---p 00000000 00:00 0 
7f049c000000-7f049c021000 rw-p 00000000 00:00 0 
7f049c021000-7f04a0000000 ---p 00000000 00:00 0 
7f04a0000000-7f04a0021000 rw-p 00000000 00:00 0 
7f04a0021000-7f04a4000000 ---p 00000000 00:00 0 
7f04a4380000-7f04ac000000 rw-p 00000000 00:00 0 
7f04ac000000-7f04ac021000 rw-p 00000000 00:00 0 
7f04ac021000-7f04b0000000 ---p 00000000 00:00 0 
7f04b0000000-7f04b0021000 rw-p 00000000 00:00 0 
7f04b0021000-7f04b4000000 ---p 00000000 00:00 0 
7f04b4000000-7f04b4021000 rw-p 00000000 00:00 0 
7f04b4021000-7f04b8000000 ---p 00000000 00:00 0 
7f04bc000000-7f04bc021000 rw-p 00000000 00:00 0 
7f04bc021000-7f04c0000000 ---p 00000000 00:00 0 
7f04c0000000-7f04c0021000 rw-p 00000000 00:00 0 
7f04c0021000-7f04c4000000 ---p 00000000 00:00 0 
7f04c4000000-7f04c4021000 rw-p 00000000 00:00 0 
7f04c4021000-7f04c8000000 ---p 00000000 00:00 0 
7f04c83ff000-7f04c841a000 r--s 00394000 103:02 14162901                  /usr/lib/jvm/java-8-openjdk-amd64/jre/lib/ext/cldrdata.jar
7f04c841a000-7f04c84b1000 r--s 007cb000 103:02 13507077                  /usr/share/java/openjfx/jre/lib/ext/jfxrt.jar
7f04c84b1000-7f04c84b2000 ---p 00000000 00:00 0 
7f04c84b2000-7f04c85b2000 rw-p 00000000 00:00 0 
7f04c85b2000-7f04c85b5000 ---p 00000000 00:00 0 
7f04c85b5000-7f04c86b3000 rw-p 00000000 00:00 0 
7f04c86b3000-7f04c86b4000 ---p 00000000 00:00 0 
7f04c86b4000-7f04c86b7000 ---p 00000000 00:00 0 
7f04c86b7000-7f04c87b4000 rw-p 00000000 00:00 0 
7f04c87b4000-7f04c87b5000 ---p 00000000 00:00 0 
7f04c87b5000-7f04c87b8000 ---p 00000000 00:00 0 
7f04c87b8000-7f04c88b5000 rw-p 00000000 00:00 0 
7f04c88b5000-7f04c88b6000 ---p 00000000 00:00 0 
7f04c88b6000-7f04c88b9000 ---p 00000000 00:00 0 
7f04c88b9000-7f04c89b6000 rw-p 00000000 00:00 0 
7f04c89b6000-7f04c89b7000 ---p 00000000 00:00 0 
7f04c89b7000-7f04c89ba000 ---p 00000000 00:00 0 
7f04c89ba000-7f04c8ab7000 rw-p 00000000 00:00 0 
7f04c8ab7000-7f04c8aba000 ---p 00000000 00:00 0 
7f04c8aba000-7f04c8bb8000 rw-p 00000000 00:00 0 
7f04c8bb8000-7f04c8fc7000 r--p 00000000 103:02 12851278                  /usr/lib/locale/locale-archive
7f04c8fc7000-7f04c8fca000 ---p 00000000 00:00 0 
7f04c8fca000-7f04c90c8000 rw-p 00000000 00:00 0 
7f04c90c8000-7f04c90cb000 ---p 00000000 00:00 0 
7f04c90cb000-7f04c91c9000 rw-p 00000000 00:00 0 
7f04c91c9000-7f04c91ca000 ---p 00000000 00:00 0 
7f04c91ca000-7f04cae69000 rw-p 00000000 00:00 0 
7f04cae69000-7f04cb038000 r--s 03c33000 103:02 13513610                  /usr/lib/jvm/java-8-openjdk-amd64/jre/lib/rt.jar
7f04cb038000-7f04cb478000 rw-p 00000000 00:00 0 
7f04cb478000-7f04cb838000 ---p 00000000 00:00 0 
7f04cb838000-7f04cc000000 rw-p 00000000 00:00 0 
7f04cc000000-7f04cc021000 rw-p 00000000 00:00 0 
7f04cc021000-7f04d0000000 ---p 00000000 00:00 0 
7f04d0000000-7f04d0021000 rw-p 00000000 00:00 0 
7f04d0021000-7f04d4000000 ---p 00000000 00:00 0 
7f04d4000000-7f04d4021000 rw-p 00000000 00:00 0 
7f04d4021000-7f04d8000000 ---p 00000000 00:00 0 
7f04d8015000-7f04d8130000 rw-p 00000000 00:00 0 
7f04d8130000-7f04d8131000 ---p 00000000 00:00 0 
7f04d8131000-7f04d8231000 rw-p 00000000 00:00 0 
7f04d8231000-7f04d8232000 ---p 00000000 00:00 0 
7f04d8232000-7f04d8332000 rw-p 00000000 00:00 0 
7f04d8332000-7f04d8333000 ---p 00000000 00:00 0 
7f04d8333000-7f04d8433000 rw-p 00000000 00:00 0 
7f04d8433000-7f04d8434000 ---p 00000000 00:00 0 
7f04d8434000-7f04d8534000 rw-p 00000000 00:00 0 
7f04d8534000-7f04d8535000 ---p 00000000 00:00 0 
7f04d8535000-7f04d8635000 rw-p 00000000 00:00 0 
7f04d8635000-7f04d8636000 ---p 00000000 00:00 0 
7f04d8636000-7f04d8736000 rw-p 00000000 00:00 0 
7f04d8736000-7f04d8737000 ---p 00000000 00:00 0 
7f04d8737000-7f04d888b000 rw-p 00000000 00:00 0 
7f04d888b000-7f04d8d67000 ---p 00000000 00:00 0 
7f04d8d67000-7f04d8d91000 rw-p 00000000 00:00 0 
7f04d8d91000-7f04d8fff000 ---p 00000000 00:00 0 
7f04d8fff000-7f04d9000000 rw-p 00000000 00:00 0 
7f04d9000000-7f04d9270000 rwxp 00000000 00:00 0 
7f04d9270000-7f04e8000000 ---p 00000000 00:00 0 
7f04e8000000-7f04e819b000 rw-p 00000000 00:00 0 
7f04e819b000-7f04ec000000 ---p 00000000 00:00 0 
7f04ec000000-7f04ec01b000 r--s 001d6000 103:02 14163305                  /usr/lib/jvm/java-8-openjdk-amd64/jre/lib/ext/nashorn.jar
7f04ec01b000-7f04ec069000 rw-p 00000000 00:00 0 
7f04ec069000-7f04ec06a000 ---p 00000000 00:00 0 
7f04ec06a000-7f04ec1be000 rw-p 00000000 00:00 0 
7f04ec1be000-7f04ec69a000 ---p 00000000 00:00 0 
7f04ec69a000-7f04ec6a4000 rw-p 00000000 00:00 0 
7f04ec6a4000-7f04eca5a000 ---p 00000000 00:00 0 
7f04eca5a000-7f04eca62000 r-xp 00000000 103:02 13636124                  /usr/lib/jvm/java-8-openjdk-amd64/jre/lib/amd64/libzip.so
7f04eca62000-7f04ecc61000 ---p 00008000 103:02 13636124                  /usr/lib/jvm/java-8-openjdk-amd64/jre/lib/amd64/libzip.so
7f04ecc61000-7f04ecc62000 r--p 00007000 103:02 13636124                  /usr/lib/jvm/java-8-openjdk-amd64/jre/lib/amd64/libzip.so
7f04ecc62000-7f04ecc63000 rw-p 00008000 103:02 13636124                  /usr/lib/jvm/java-8-openjdk-amd64/jre/lib/amd64/libzip.so
7f04ecc63000-7f04ecc6e000 r-xp 00000000 103:02 22287000                  /lib/x86_64-linux-gnu/libnss_files-2.27.so
7f04ecc6e000-7f04ece6d000 ---p 0000b000 103:02 22287000                  /lib/x86_64-linux-gnu/libnss_files-2.27.so
7f04ece6d000-7f04ece6e000 r--p 0000a000 103:02 22287000                  /lib/x86_64-linux-gnu/libnss_files-2.27.so
7f04ece6e000-7f04ece6f000 rw-p 0000b000 103:02 22287000                  /lib/x86_64-linux-gnu/libnss_files-2.27.so
7f04ece6f000-7f04ece75000 rw-p 00000000 00:00 0 
7f04ece75000-7f04ece8c000 r-xp 00000000 103:02 22286994                  /lib/x86_64-linux-gnu/libnsl-2.27.so
7f04ece8c000-7f04ed08b000 ---p 00017000 103:02 22286994                  /lib/x86_64-linux-gnu/libnsl-2.27.so
7f04ed08b000-7f04ed08c000 r--p 00016000 103:02 22286994                  /lib/x86_64-linux-gnu/libnsl-2.27.so
7f04ed08c000-7f04ed08d000 rw-p 00017000 103:02 22286994                  /lib/x86_64-linux-gnu/libnsl-2.27.so
7f04ed08d000-7f04ed08f000 rw-p 00000000 00:00 0 
7f04ed08f000-7f04ed09a000 r-xp 00000000 103:02 22287011                  /lib/x86_64-linux-gnu/libnss_nis-2.27.so
7f04ed09a000-7f04ed299000 ---p 0000b000 103:02 22287011                  /lib/x86_64-linux-gnu/libnss_nis-2.27.so
7f04ed299000-7f04ed29a000 r--p 0000a000 103:02 22287011                  /lib/x86_64-linux-gnu/libnss_nis-2.27.so
7f04ed29a000-7f04ed29b000 rw-p 0000b000 103:02 22287011                  /lib/x86_64-linux-gnu/libnss_nis-2.27.so
7f04ed29b000-7f04ed2a3000 r-xp 00000000 103:02 22286996                  /lib/x86_64-linux-gnu/libnss_compat-2.27.so
7f04ed2a3000-7f04ed4a3000 ---p 00008000 103:02 22286996                  /lib/x86_64-linux-gnu/libnss_compat-2.27.so
7f04ed4a3000-7f04ed4a4000 r--p 00008000 103:02 22286996                  /lib/x86_64-linux-gnu/libnss_compat-2.27.so
7f04ed4a4000-7f04ed4a5000 rw-p 00009000 103:02 22286996                  /lib/x86_64-linux-gnu/libnss_compat-2.27.so
7f04ed4a5000-7f04ed4d3000 r-xp 00000000 103:02 13636105                  /usr/lib/jvm/java-8-openjdk-amd64/jre/lib/amd64/libjava.so
7f04ed4d3000-7f04ed6d2000 ---p 0002e000 103:02 13636105                  /usr/lib/jvm/java-8-openjdk-amd64/jre/lib/amd64/libjava.so
7f04ed6d2000-7f04ed6d3000 r--p 0002d000 103:02 13636105                  /usr/lib/jvm/java-8-openjdk-amd64/jre/lib/amd64/libjava.so
7f04ed6d3000-7f04ed6d5000 rw-p 0002e000 103:02 13636105                  /usr/lib/jvm/java-8-openjdk-amd64/jre/lib/amd64/libjava.so
7f04ed6d5000-7f04ed6e5000 r-xp 00000000 103:02 13636123                  /usr/lib/jvm/java-8-openjdk-amd64/jre/lib/amd64/libverify.so
7f04ed6e5000-7f04ed8e4000 ---p 00010000 103:02 13636123                  /usr/lib/jvm/java-8-openjdk-amd64/jre/lib/amd64/libverify.so
7f04ed8e4000-7f04ed8e6000 r--p 0000f000 103:02 13636123                  /usr/lib/jvm/java-8-openjdk-amd64/jre/lib/amd64/libverify.so
7f04ed8e6000-7f04ed8e7000 rw-p 00011000 103:02 13636123                  /usr/lib/jvm/java-8-openjdk-amd64/jre/lib/amd64/libverify.so
7f04ed8e7000-7f04ed8ee000 r-xp 00000000 103:02 22287051                  /lib/x86_64-linux-gnu/librt-2.27.so
7f04ed8ee000-7f04edaed000 ---p 00007000 103:02 22287051                  /lib/x86_64-linux-gnu/librt-2.27.so
7f04edaed000-7f04edaee000 r--p 00006000 103:02 22287051                  /lib/x86_64-linux-gnu/librt-2.27.so
7f04edaee000-7f04edaef000 rw-p 00007000 103:02 22287051                  /lib/x86_64-linux-gnu/librt-2.27.so
7f04edaef000-7f04edb06000 r-xp 00000000 103:02 22282256                  /lib/x86_64-linux-gnu/libgcc_s.so.1
7f04edb06000-7f04edd05000 ---p 00017000 103:02 22282256                  /lib/x86_64-linux-gnu/libgcc_s.so.1
7f04edd05000-7f04edd06000 r--p 00016000 103:02 22282256                  /lib/x86_64-linux-gnu/libgcc_s.so.1
7f04edd06000-7f04edd07000 rw-p 00017000 103:02 22282256                  /lib/x86_64-linux-gnu/libgcc_s.so.1
7f04edd07000-7f04edea4000 r-xp 00000000 103:02 22286973                  /lib/x86_64-linux-gnu/libm-2.27.so
7f04edea4000-7f04ee0a3000 ---p 0019d000 103:02 22286973                  /lib/x86_64-linux-gnu/libm-2.27.so
7f04ee0a3000-7f04ee0a4000 r--p 0019c000 103:02 22286973                  /lib/x86_64-linux-gnu/libm-2.27.so
7f04ee0a4000-7f04ee0a5000 rw-p 0019d000 103:02 22286973                  /lib/x86_64-linux-gnu/libm-2.27.so
7f04ee0a5000-7f04ee21e000 r-xp 00000000 103:02 12849943                  /usr/lib/x86_64-linux-gnu/libstdc++.so.6.0.25
7f04ee21e000-7f04ee41e000 ---p 00179000 103:02 12849943                  /usr/lib/x86_64-linux-gnu/libstdc++.so.6.0.25
7f04ee41e000-7f04ee428000 r--p 00179000 103:02 12849943                  /usr/lib/x86_64-linux-gnu/libstdc++.so.6.0.25
7f04ee428000-7f04ee42a000 rw-p 00183000 103:02 12849943                  /usr/lib/x86_64-linux-gnu/libstdc++.so.6.0.25
7f04ee42a000-7f04ee42e000 rw-p 00000000 00:00 0 
7f04ee42e000-7f04ef0c8000 r-xp 00000000 103:02 13897168                  /usr/lib/jvm/java-8-openjdk-amd64/jre/lib/amd64/server/libjvm.so
7f04ef0c8000-7f04ef2c7000 ---p 00c9a000 103:02 13897168                  /usr/lib/jvm/java-8-openjdk-amd64/jre/lib/amd64/server/libjvm.so
7f04ef2c7000-7f04ef35b000 r--p 00c99000 103:02 13897168                  /usr/lib/jvm/java-8-openjdk-amd64/jre/lib/amd64/server/libjvm.so
7f04ef35b000-7f04ef384000 rw-p 00d2d000 103:02 13897168                  /usr/lib/jvm/java-8-openjdk-amd64/jre/lib/amd64/server/libjvm.so
7f04ef384000-7f04ef3b4000 rw-p 00000000 00:00 0 
7f04ef3b4000-7f04ef3ce000 r-xp 00000000 103:02 22287043                  /lib/x86_64-linux-gnu/libpthread-2.27.so
7f04ef3ce000-7f04ef5cd000 ---p 0001a000 103:02 22287043                  /lib/x86_64-linux-gnu/libpthread-2.27.so
7f04ef5cd000-7f04ef5ce000 r--p 00019000 103:02 22287043                  /lib/x86_64-linux-gnu/libpthread-2.27.so
7f04ef5ce000-7f04ef5cf000 rw-p 0001a000 103:02 22287043                  /lib/x86_64-linux-gnu/libpthread-2.27.so
7f04ef5cf000-7f04ef5d3000 rw-p 00000000 00:00 0 
7f04ef5d3000-7f04ef5d6000 r-xp 00000000 103:02 22286933                  /lib/x86_64-linux-gnu/libdl-2.27.so
7f04ef5d6000-7f04ef7d5000 ---p 00003000 103:02 22286933                  /lib/x86_64-linux-gnu/libdl-2.27.so
7f04ef7d5000-7f04ef7d6000 r--p 00002000 103:02 22286933                  /lib/x86_64-linux-gnu/libdl-2.27.so
7f04ef7d6000-7f04ef7d7000 rw-p 00003000 103:02 22286933                  /lib/x86_64-linux-gnu/libdl-2.27.so
7f04ef7d7000-7f04ef7f3000 r-xp 00000000 103:02 22287084                  /lib/x86_64-linux-gnu/libz.so.1.2.11
7f04ef7f3000-7f04ef9f2000 ---p 0001c000 103:02 22287084                  /lib/x86_64-linux-gnu/libz.so.1.2.11
7f04ef9f2000-7f04ef9f3000 r--p 0001b000 103:02 22287084                  /lib/x86_64-linux-gnu/libz.so.1.2.11
7f04ef9f3000-7f04ef9f4000 rw-p 0001c000 103:02 22287084                  /lib/x86_64-linux-gnu/libz.so.1.2.11
7f04ef9f4000-7f04efbdb000 r-xp 00000000 103:02 22286910                  /lib/x86_64-linux-gnu/libc-2.27.so
7f04efbdb000-7f04efddb000 ---p 001e7000 103:02 22286910                  /lib/x86_64-linux-gnu/libc-2.27.so
7f04efddb000-7f04efddf000 r--p 001e7000 103:02 22286910                  /lib/x86_64-linux-gnu/libc-2.27.so
7f04efddf000-7f04efde1000 rw-p 001eb000 103:02 22286910                  /lib/x86_64-linux-gnu/libc-2.27.so
7f04efde1000-7f04efde5000 rw-p 00000000 00:00 0 
7f04efde5000-7f04efdf3000 r-xp 00000000 103:02 13767036                  /usr/lib/jvm/java-8-openjdk-amd64/jre/lib/amd64/jli/libjli.so
7f04efdf3000-7f04efff2000 ---p 0000e000 103:02 13767036                  /usr/lib/jvm/java-8-openjdk-amd64/jre/lib/amd64/jli/libjli.so
7f04efff2000-7f04efff3000 r--p 0000d000 103:02 13767036                  /usr/lib/jvm/java-8-openjdk-amd64/jre/lib/amd64/jli/libjli.so
7f04efff3000-7f04efff4000 rw-p 0000e000 103:02 13767036                  /usr/lib/jvm/java-8-openjdk-amd64/jre/lib/amd64/jli/libjli.so
7f04efff4000-7f04f001b000 r-xp 00000000 103:02 22286882                  /lib/x86_64-linux-gnu/ld-2.27.so
7f04f001d000-7f04f001f000 r--s 00007000 103:02 13371795                  /usr/share/java/java-atk-wrapper.jar
7f04f001f000-7f04f0025000 r--s 0003b000 103:02 14163307                  /usr/lib/jvm/java-8-openjdk-amd64/jre/lib/ext/sunjce_provider.jar
7f04f0025000-7f04f0027000 r--s 00001000 103:02 14162902                  /usr/lib/jvm/java-8-openjdk-amd64/jre/lib/ext/dnsns.jar
7f04f0027000-7f04f0029000 r--s 00008000 103:02 14163306                  /usr/lib/jvm/java-8-openjdk-amd64/jre/lib/ext/sunec.jar
7f04f0029000-7f04f00fa000 rw-p 00000000 00:00 0 
7f04f00fa000-7f04f00fb000 ---p 00000000 00:00 0 
7f04f00fb000-7f04f00fe000 ---p 00000000 00:00 0 
7f04f00fe000-7f04f01fd000 rw-p 00000000 00:00 0 
7f04f01fd000-7f04f01fe000 r--s 00010000 103:02 14163309                  /usr/lib/jvm/java-8-openjdk-amd64/jre/lib/ext/zipfs.jar
7f04f01fe000-7f04f0201000 r--s 00038000 103:02 14163308                  /usr/lib/jvm/java-8-openjdk-amd64/jre/lib/ext/sunpkcs11.jar
7f04f0201000-7f04f020b000 r--s 00116000 103:02 14163304                  /usr/lib/jvm/java-8-openjdk-amd64/jre/lib/ext/localedata.jar
7f04f020b000-7f04f020e000 r--s 0000f000 103:02 14163301                  /usr/lib/jvm/java-8-openjdk-amd64/jre/lib/ext/icedtea-sound.jar
7f04f020e000-7f04f020f000 r--s 0000a000 103:02 14163303                  /usr/lib/jvm/java-8-openjdk-amd64/jre/lib/ext/jaccess.jar
7f04f020f000-7f04f0217000 rw-s 00000000 103:02 4195440                   /tmp/hsperfdata_rasmus/13510
7f04f0217000-7f04f0218000 rw-p 00000000 00:00 0 
7f04f0218000-7f04f0219000 r--p 00000000 00:00 0 
7f04f0219000-7f04f021b000 rw-p 00000000 00:00 0 
7f04f021b000-7f04f021c000 r--p 00027000 103:02 22286882                  /lib/x86_64-linux-gnu/ld-2.27.so
7f04f021c000-7f04f021d000 rw-p 00028000 103:02 22286882                  /lib/x86_64-linux-gnu/ld-2.27.so
7f04f021d000-7f04f021e000 rw-p 00000000 00:00 0 
7ffe3ce35000-7ffe3ce56000 rw-p 00000000 00:00 0                          [stack]
7ffe3cf7e000-7ffe3cf81000 r--p 00000000 00:00 0                          [vvar]
7ffe3cf81000-7ffe3cf83000 r-xp 00000000 00:00 0                          [vdso]
ffffffffff600000-ffffffffff601000 r-xp 00000000 00:00 0                  [vsyscall]

VM Arguments:
java_command: pakohuone.Main.Main
java_class_path (initial): /home/rasmus/Documents/tiralabra/Pakohuone/Pakohuone/target/classes
Launcher Type: SUN_STANDARD

Environment Variables:
JAVA_HOME=/usr/lib/jvm/java-8-openjdk-amd64
PATH=/usr/local/sbin:/usr/local/bin:/usr/sbin:/usr/bin:/sbin:/bin:/usr/games:/usr/local/games:/snap/bin
LD_LIBRARY_PATH=/usr/lib/jvm/java-8-openjdk-amd64/bin/../jre/lib/amd64:/usr/lib/jvm/java-8-openjdk-amd64/bin/../jre/lib/i386:
SHELL=/bin/bash
DISPLAY=:0

Signal Handlers:
SIGSEGV: [libjvm.so+0xab2ea0], sa_mask[0]=11111111011111111101111111111110, sa_flags=SA_RESTART|SA_SIGINFO
SIGBUS: [libjvm.so+0xab2ea0], sa_mask[0]=11111111011111111101111111111110, sa_flags=SA_RESTART|SA_SIGINFO
SIGFPE: [libjvm.so+0x8e87b0], sa_mask[0]=11111111011111111101111111111110, sa_flags=SA_RESTART|SA_SIGINFO
SIGPIPE: [libjvm.so+0x8e87b0], sa_mask[0]=11111111011111111101111111111110, sa_flags=SA_RESTART|SA_SIGINFO
SIGXFSZ: [libjvm.so+0x8e87b0], sa_mask[0]=11111111011111111101111111111110, sa_flags=SA_RESTART|SA_SIGINFO
SIGILL: [libjvm.so+0x8e87b0], sa_mask[0]=11111111011111111101111111111110, sa_flags=SA_RESTART|SA_SIGINFO
SIGUSR1: SIG_DFL, sa_mask[0]=00000000000000000000000000000000, sa_flags=none
SIGUSR2: [libjvm.so+0x8e8660], sa_mask[0]=00100000000000000000000000000000, sa_flags=SA_RESTART|SA_SIGINFO
SIGHUP: [libjvm.so+0x8e8cd0], sa_mask[0]=11111111011111111101111111111110, sa_flags=SA_RESTART|SA_SIGINFO
SIGINT: SIG_IGN, sa_mask[0]=00000000000000000000000000000000, sa_flags=none
SIGTERM: [libjvm.so+0x8e8cd0], sa_mask[0]=11111111011111111101111111111110, sa_flags=SA_RESTART|SA_SIGINFO
SIGQUIT: [libjvm.so+0x8e8cd0], sa_mask[0]=11111111011111111101111111111110, sa_flags=SA_RESTART|SA_SIGINFO


---------------  S Y S T E M  ---------------

OS:DISTRIB_ID=LinuxMint
DISTRIB_RELEASE=19
DISTRIB_CODENAME=tara
DISTRIB_DESCRIPTION="Linux Mint 19 Tara"

uname:Linux 4.15.0-20-generic #21-Ubuntu SMP Tue Apr 24 06:16:15 UTC 2018 x86_64
libc:glibc 2.27 NPTL 2.27 
rlimit: STACK 8192k, CORE 0k, NPROC 63247, NOFILE 1048576, AS infinity
load average:2,78 2,44 1,90

/proc/meminfo:
MemTotal:       16317172 kB
MemFree:          182048 kB
MemAvailable:     296736 kB
Buffers:           51752 kB
Cached:           607576 kB
SwapCached:        11968 kB
Active:         14297452 kB
Inactive:        1416804 kB
Active(anon):   14153016 kB
Inactive(anon):  1280060 kB
Active(file):     144436 kB
Inactive(file):   136744 kB
Unevictable:          48 kB
Mlocked:              48 kB
SwapTotal:       2097148 kB
SwapFree:         769824 kB
Dirty:               164 kB
Writeback:             0 kB
AnonPages:      15045048 kB
Mapped:           471040 kB
Shmem:            378180 kB
Slab:             243884 kB
SReclaimable:     174744 kB
SUnreclaim:        69140 kB
KernelStack:       15792 kB
PageTables:        79628 kB
NFS_Unstable:          0 kB
Bounce:                0 kB
WritebackTmp:          0 kB
CommitLimit:    10255732 kB
Committed_AS:   18943032 kB
VmallocTotal:   34359738367 kB
VmallocUsed:           0 kB
VmallocChunk:          0 kB
HardwareCorrupted:     0 kB
AnonHugePages:         0 kB
ShmemHugePages:        0 kB
ShmemPmdMapped:        0 kB
CmaTotal:              0 kB
CmaFree:               0 kB
HugePages_Total:       0
HugePages_Free:        0
HugePages_Rsvd:        0
HugePages_Surp:        0
Hugepagesize:       2048 kB
DirectMap4k:      394188 kB
DirectMap2M:    15226880 kB
DirectMap1G:     1048576 kB

container (cgroup) information:
container_type: cgroupv1
cpu_cpuset_cpus: 0-7
cpu_memory_nodes: 0
active_processor_count: 8
cpu_quota: -1
cpu_period: 100000
cpu_shares: -1
memory_limit_in_bytes: -1
memory_and_swap_limit_in_bytes: -2
memory_soft_limit_in_bytes: -1
memory_usage_in_bytes: 16083623936
memory_max_usage_in_bytes: 154038272


CPU:total 8 (initial active 8) (4 cores per cpu, 2 threads per core) family 6 model 142 stepping 10, cmov, cx8, fxsr, mmx, sse, sse2, sse3, ssse3, sse4.1, sse4.2, popcnt, avx, avx2, aes, clmul, erms, 3dnowpref, lzcnt, ht, tsc, tscinvbit, bmi1, bmi2, adx

/proc/cpuinfo:
processor	: 0
vendor_id	: GenuineIntel
cpu family	: 6
model		: 142
model name	: Intel(R) Core(TM) i5-8250U CPU @ 1.60GHz
stepping	: 10
microcode	: 0x96
cpu MHz		: 774.393
cache size	: 6144 KB
physical id	: 0
siblings	: 8
core id		: 0
cpu cores	: 4
apicid		: 0
initial apicid	: 0
fpu		: yes
fpu_exception	: yes
cpuid level	: 22
wp		: yes
flags		: fpu vme de pse tsc msr pae mce cx8 apic sep mtrr pge mca cmov pat pse36 clflush dts acpi mmx fxsr sse sse2 ss ht tm pbe syscall nx pdpe1gb rdtscp lm constant_tsc art arch_perfmon pebs bts rep_good nopl xtopology nonstop_tsc cpuid aperfmperf tsc_known_freq pni pclmulqdq dtes64 monitor ds_cpl vmx est tm2 ssse3 sdbg fma cx16 xtpr pdcm pcid sse4_1 sse4_2 x2apic movbe popcnt tsc_deadline_timer aes xsave avx f16c rdrand lahf_lm abm 3dnowprefetch cpuid_fault epb invpcid_single pti tpr_shadow vnmi flexpriority ept vpid fsgsbase tsc_adjust bmi1 avx2 smep bmi2 erms invpcid mpx rdseed adx smap clflushopt intel_pt xsaveopt xsavec xgetbv1 xsaves ibpb ibrs stibp dtherm ida arat pln pts hwp hwp_notify hwp_act_window hwp_epp
bugs		: cpu_meltdown spectre_v1 spectre_v2
bogomips	: 3600.00
clflush size	: 64
cache_alignment	: 64
address sizes	: 39 bits physical, 48 bits virtual
power management:

processor	: 1
vendor_id	: GenuineIntel
cpu family	: 6
model		: 142
model name	: Intel(R) Core(TM) i5-8250U CPU @ 1.60GHz
stepping	: 10
microcode	: 0x96
cpu MHz		: 740.318
cache size	: 6144 KB
physical id	: 0
siblings	: 8
core id		: 1
cpu cores	: 76
apicid		: 2
initial apicid	: 2
fpu		: yes
fpu_exception	: yes
cpuid level	: 22
wp		: yes
flags		: fpu vme de pse tsc msr pae mce cx8 apic sep mtrr pge mca cmov pat pse36 clflush dts acpi mmx fxsr sse sse2 ss ht tm pbe syscall nx pdpe1gb rdtscp lm constant_tsc art arch_perfmon pebs bts rep_good nopl xtopology nonstop_tsc cpuid aperfmperf tsc_known_freq pni pclmulqdq dtes64 monitor ds_cpl vmx est tm2 ssse3 sdbg fma cx16 xtpr pdcm pcid sse4_1 sse4_2 x2apic movbe popcnt tsc_deadline_timer aes xsave avx f16c rdrand lahf_lm abm 3dnowprefetch cpuid_fault epb invpcid_single pti tpr_shadow vnmi flexpriority ept vpid fsgsbase tsc_adjust bmi1 avx2 smep bmi2 erms invpcid mpx rdseed adx smap clflushopt intel_pt xsaveopt xsavec xgetbv1 xsaves ibpb ibrs stibp dtherm ida arat pln pts hwp hwp_notify hwp_act_window hwp_epp
bugs		: cpu_meltdown spectre_v1 spectre_v2
bogomips	: 3600.00
clflush size	: 64
cache_alignment	: 64
address sizes	: 39 bits physical, 48 bits virtual
power management:

processor	: 2
vendor_id	: GenuineIntel
cpu family	: 6
model		: 142
model name	: Intel(R) Core(TM) i5-8250U CPU @ 1.60GHz
stepping	: 10
microcode	: 0x96
cpu MHz		: 883.356
cache size	: 6144 KB
physical id	: 0
siblings	: 8
core id		: 2
cpu cores	: 76
apicid		: 4
initial apicid	: 4
fpu		: yes
fpu_exception	: yes
cpuid level	: 22
wp		: yes
flags		: fpu vme de pse tsc msr pae mce cx8 apic sep mtrr pge mca cmov pat pse36 clflush dts acpi mmx fxsr sse sse2 ss ht tm pbe syscall nx pdpe1gb rdtscp lm constant_tsc art arch_perfmon pebs bts rep_good nopl xtopology nonstop_tsc cpuid aperfmperf tsc_known_freq pni pclmulqdq dtes64 monitor ds_cpl vmx est tm2 ssse3 sdbg fma cx16 xtpr pdcm pcid sse4_1 sse4_2 x2apic movbe popcnt tsc_deadline_timer aes xsave avx f16c rdrand lahf_lm abm 3dnowprefetch cpuid_fault epb invpcid_single pti tpr_shadow vnmi flexpriority ept vpid fsgsbase tsc_adjust bmi1 avx2 smep bmi2 erms invpcid mpx rdseed adx smap clflushopt intel_pt xsaveopt xsavec xgetbv1 xsaves ibpb ibrs stibp dtherm ida arat pln pts hwp hwp_notify hwp_act_window hwp_epp
bugs		: cpu_meltdown spectre_v1 spectre_v2
bogomips	: 3600.00
clflush size	: 64
cache_alignment	: 64
address sizes	: 39 bits physical, 48 bits virtual
power management:

processor	: 3
vendor_id	: GenuineIntel
cpu family	: 6
model		: 142
model name	: Intel(R) Core(TM) i5-8250U CPU @ 1.60GHz
stepping	: 10
microcode	: 0x96
cpu MHz		: 742.122
cache size	: 6144 KB
physical id	: 0
siblings	: 8
core id		: 3
cpu cores	: 76
apicid		: 6
initial apicid	: 6
fpu		: yes
fpu_exception	: yes
cpuid level	: 22
wp		: yes
flags		: fpu vme de pse tsc msr pae mce cx8 apic sep mtrr pge mca cmov pat pse36 clflush dts acpi mmx fxsr sse sse2 ss ht tm pbe syscall nx pdpe1gb rdtscp lm constant_tsc art arch_perfmon pebs bts rep_good nopl xtopology nonstop_tsc cpuid aperfmperf tsc_known_freq pni pclmulqdq dtes64 monitor ds_cpl vmx est tm2 ssse3 sdbg fma cx16 xtpr pdcm pcid sse4_1 sse4_2 x2apic movbe popcnt tsc_deadline_timer aes xsave avx f16c rdrand lahf_lm abm 3dnowprefetch cpuid_fault epb invpcid_single pti tpr_shadow vnmi flexpriority ept vpid fsgsbase tsc_adjust bmi1 avx2 smep bmi2 erms invpcid mpx rdseed adx smap clflushopt intel_pt xsaveopt xsavec xgetbv1 xsaves ibpb ibrs stibp dtherm ida arat pln pts hwp hwp_notify hwp_act_window hwp_epp
bugs		: cpu_meltdown spectre_v1 spectre_v2
bogomips	: 3600.00
clflush size	: 64
cache_alignment	: 64
address sizes	: 39 bits physical, 48 bits virtual
power management:

processor	: 4
vendor_id	: GenuineIntel
cpu family	: 6
model		: 142
model name	: Intel(R) Core(TM) i5-8250U CPU @ 1.60GHz
stepping	: 10
microcode	: 0x96
cpu MHz		: 838.213
cache size	: 6144 KB
physical id	: 0
siblings	: 8
core id		: 0
cpu cores	: 4
apicid		: 1
initial apicid	: 1
fpu		: yes
fpu_exception	: yes
cpuid level	: 22
wp		: yes
flags		: fpu vme de pse tsc msr pae mce cx8 apic sep mtrr pge mca cmov pat pse36 clflush dts acpi mmx fxsr sse sse2 ss ht tm pbe syscall nx pdpe1gb rdtscp lm constant_tsc art arch_perfmon pebs bts rep_good nopl xtopology nonstop_tsc cpuid aperfmperf tsc_known_freq pni pclmulqdq dtes64 monitor ds_cpl vmx est tm2 ssse3 sdbg fma cx16 xtpr pdcm pcid sse4_1 sse4_2 x2apic movbe popcnt tsc_deadline_timer aes xsave avx f16c rdrand lahf_lm abm 3dnowprefetch cpuid_fault epb invpcid_single pti tpr_shadow vnmi flexpriority ept vpid fsgsbase tsc_adjust bmi1 avx2 smep bmi2 erms invpcid mpx rdseed adx smap clflushopt intel_pt xsaveopt xsavec xgetbv1 xsaves ibpb ibrs stibp dtherm ida arat pln pts hwp hwp_notify hwp_act_window hwp_epp
bugs		: cpu_meltdown spectre_v1 spectre_v2
bogomips	: 3600.00
clflush size	: 64
cache_alignment	: 64
address sizes	: 39 bits physical, 48 bits virtual
power management:

processor	: 5
vendor_id	: GenuineIntel
cpu family	: 6
model		: 142
model name	: Intel(R) Core(TM) i5-8250U CPU @ 1.60GHz
stepping	: 10
microcode	: 0x96
cpu MHz		: 729.062
cache size	: 6144 KB
physical id	: 0
siblings	: 8
core id		: 1
cpu cores	: 2
apicid		: 3
initial apicid	: 3
fpu		: yes
fpu_exception	: yes
cpuid level	: 22
wp		: yes
flags		: fpu vme de pse tsc msr pae mce cx8 apic sep mtrr pge mca cmov pat pse36 clflush dts acpi mmx fxsr sse sse2 ss ht tm pbe syscall nx pdpe1gb rdtscp lm constant_tsc art arch_perfmon pebs bts rep_good nopl xtopology nonstop_tsc cpuid aperfmperf tsc_known_freq pni pclmulqdq dtes64 monitor ds_cpl vmx est tm2 ssse3 sdbg fma cx16 xtpr pdcm pcid sse4_1 sse4_2 x2apic movbe popcnt tsc_deadline_timer aes xsave avx f16c rdrand lahf_lm abm 3dnowprefetch cpuid_fault epb invpcid_single pti tpr_shadow vnmi flexpriority ept vpid fsgsbase tsc_adjust bmi1 avx2 smep bmi2 erms invpcid mpx rdseed adx smap clflushopt intel_pt xsaveopt xsavec xgetbv1 xsaves ibpb ibrs stibp dtherm ida arat pln pts hwp hwp_notify hwp_act_window hwp_epp
bugs		: cpu_meltdown spectre_v1 spectre_v2
bogomips	: 3600.00
clflush size	: 64
cache_alignment	: 64
address sizes	: 39 bits physical, 48 bits virtual
power management:

processor	: 6
vendor_id	: GenuineIntel
cpu family	: 6
model		: 142
model name	: Intel(R) Core(TM) i5-8250U CPU @ 1.60GHz
stepping	: 10
microcode	: 0x96
cpu MHz		: 721.344
cache size	: 6144 KB
physical id	: 0
siblings	: 8
core id		: 2
cpu cores	: 4
apicid		: 5
initial apicid	: 5
fpu		: yes
fpu_exception	: yes
cpuid level	: 22
wp		: yes
flags		: fpu vme de pse tsc msr pae mce cx8 apic sep mtrr pge mca cmov pat pse36 clflush dts acpi mmx fxsr sse sse2 ss ht tm pbe syscall nx pdpe1gb rdtscp lm constant_tsc art arch_perfmon pebs bts rep_good nopl xtopology nonstop_tsc cpuid aperfmperf tsc_known_freq pni pclmulqdq dtes64 monitor ds_cpl vmx est tm2 ssse3 sdbg fma cx16 xtpr pdcm pcid sse4_1 sse4_2 x2apic movbe popcnt tsc_deadline_timer aes xsave avx f16c rdrand lahf_lm abm 3dnowprefetch cpuid_fault epb invpcid_single pti tpr_shadow vnmi flexpriority ept vpid fsgsbase tsc_adjust bmi1 avx2 smep bmi2 erms invpcid mpx rdseed adx smap clflushopt intel_pt xsaveopt xsavec xgetbv1 xsaves ibpb ibrs stibp dtherm ida arat pln pts hwp hwp_notify hwp_act_window hwp_epp
bugs		: cpu_meltdown spectre_v1 spectre_v2
bogomips	: 3600.00
clflush size	: 64
cache_alignment	: 64
address sizes	: 39 bits physical, 48 bits virtual
power management:

processor	: 7
vendor_id	: GenuineIntel
cpu family	: 6
model		: 142
model name	: Intel(R) Core(TM) i5-8250U CPU @ 1.60GHz
stepping	: 10
microcode	: 0x96
cpu MHz		: 715.163
cache size	: 6144 KB
physical id	: 0
siblings	: 8
core id		: 3
cpu cores	: 65486
apicid		: 7
initial apicid	: 7
fpu		: yes
fpu_exception	: yes
cpuid level	: 22
wp		: yes
flags		: fpu vme de pse tsc msr pae mce cx8 apic sep mtrr pge mca cmov pat pse36 clflush dts acpi mmx fxsr sse sse2 ss ht tm pbe syscall nx pdpe1gb rdtscp lm constant_tsc art arch_perfmon pebs bts rep_good nopl xtopology nonstop_tsc cpuid aperfmperf tsc_known_freq pni pclmulqdq dtes64 monitor ds_cpl vmx est tm2 ssse3 sdbg fma cx16 xtpr pdcm pcid sse4_1 sse4_2 x2apic movbe popcnt tsc_deadline_timer aes xsave avx f16c rdrand lahf_lm abm 3dnowprefetch cpuid_fault epb invpcid_single pti tpr_shadow vnmi flexpriority ept vpid fsgsbase tsc_adjust bmi1 avx2 smep bmi2 erms invpcid mpx rdseed adx smap clflushopt intel_pt xsaveopt xsavec xgetbv1 xsaves ibpb ibrs stibp dtherm ida arat pln pts hwp hwp_notify hwp_act_window hwp_epp
bugs		: cpu_meltdown spectre_v1 spectre_v2
bogomips	: 3600.00
clflush size	: 64
cache_alignment	: 64
address sizes	: 39 bits physical, 48 bits virtual
power management:



Memory: 4k page, physical 16317172k(182048k free), swap 2097148k(769824k free)

vm_info: OpenJDK 64-Bit Server VM (25.191-b12) for linux-amd64 JRE (1.8.0_191-8u191-b12-2ubuntu0.18.04.1-b12), built on Jan 14 2019 21:02:00 by "buildd" with gcc 7.3.0

time: Tue Mar  3 18:20:34 2020
elapsed time: 22 seconds (0d 0h 0m 22s)

